[ 2015-02-10T14:19:43+08:00 ] 127.0.0.1 /lexiang/
INFO: [ app_begin ] --START--
INFO: ReadHtmlCache Behavior ::run [ RunTime:0.091740s ]
INFO: [ app_begin ] --END-- [ RunTime:0.091959s ]
NOTIC: [8] Undefined index: _type G:\wamp\www\lexiang\ThinkPHP\Lib\Core\Model.class.php 第 579 行.
SQL: SELECT * FROM `hd_article` WHERE ( `state` = 1 ) LIMIT 7   [ RunTime:0.017618s ]
SQL: SELECT * FROM `hd_resource` WHERE ( state=0 ) LIMIT 7   [ RunTime:0.009149s ]
SQL: SELECT * FROM `hd_article` LIMIT 20   [ RunTime:0.000468s ]
SQL: SELECT * FROM `hd_article` WHERE ( categoryid=5 ) LIMIT 7   [ RunTime:0.000926s ]
SQL: SELECT COUNT(*) AS tp_count FROM `hd_article` LIMIT 1   [ RunTime:0.000501s ]
SQL: SELECT * FROM `hd_article` LIMIT 1   [ RunTime:0.000488s ]
SQL: SELECT * FROM `hd_article` WHERE ( categoryid=13 ) LIMIT 7   [ RunTime:0.000483s ]
INFO: [ view_parse ] --START--
INFO: ParseTemplate Behavior ::run [ RunTime:0.098309s ]
INFO: [ view_parse ] --END-- [ RunTime:0.098532s ]
INFO: [ view_filter ] --START--
INFO: ContentReplace Behavior ::run [ RunTime:0.003171s ]
INFO: TokenBuild Behavior ::run [ RunTime:0.002711s ]
INFO: WriteHtmlCache Behavior ::run [ RunTime:0.002812s ]
INFO: ShowRuntime Behavior ::run [ RunTime:0.003246s ]
INFO: [ view_filter ] --END-- [ RunTime:0.012393s ]
INFO: [ view_end ] --START--
INFO: ShowPageTrace Behavior ::run [ RunTime:0.002999s ]
INFO: [ view_end ] --END-- [ RunTime:0.003148s ]

[ 2015-02-10T14:19:49+08:00 ] 127.0.0.1 /lexiang/index.php/Main/Article/readarticle?id=1
INFO: [ route_check ] --START--
INFO: CheckRoute Behavior ::run [ RunTime:0.083189s ]
INFO: [ route_check ] --END-- [ RunTime:0.083521s ]
INFO: [ app_begin ] --START--
INFO: ReadHtmlCache Behavior ::run [ RunTime:0.002770s ]
INFO: [ app_begin ] --END-- [ RunTime:0.003170s ]
NOTIC: [8] Undefined index: _type G:\wamp\www\lexiang\ThinkPHP\Lib\Core\Model.class.php 第 579 行.
SQL: SELECT * FROM `hd_article` WHERE ( `id` = 1 ) LIMIT 1   [ RunTime:0.000756s ]
SQL: SELECT * FROM `hd_articlecategory`  [ RunTime:0.019104s ]
INFO: [ view_parse ] --START--
NOTIC: [8] Undefined index: article G:\wamp\www\lexiang\Runtime\Cache\Main\99cb8e87c84ebfdf453c3de8c03e2a6e.php 第 82 行.
NOTIC: [8] Undefined index: article G:\wamp\www\lexiang\Runtime\Cache\Main\99cb8e87c84ebfdf453c3de8c03e2a6e.php 第 82 行.
NOTIC: [8] Undefined index: article G:\wamp\www\lexiang\Runtime\Cache\Main\99cb8e87c84ebfdf453c3de8c03e2a6e.php 第 82 行.
NOTIC: [8] Undefined index: article G:\wamp\www\lexiang\Runtime\Cache\Main\99cb8e87c84ebfdf453c3de8c03e2a6e.php 第 82 行.
NOTIC: [8] Undefined index: article G:\wamp\www\lexiang\Runtime\Cache\Main\99cb8e87c84ebfdf453c3de8c03e2a6e.php 第 82 行.
NOTIC: [8] Undefined index: article G:\wamp\www\lexiang\Runtime\Cache\Main\99cb8e87c84ebfdf453c3de8c03e2a6e.php 第 82 行.
NOTIC: [8] Undefined index: article G:\wamp\www\lexiang\Runtime\Cache\Main\99cb8e87c84ebfdf453c3de8c03e2a6e.php 第 82 行.
NOTIC: [8] Undefined index: article G:\wamp\www\lexiang\Runtime\Cache\Main\99cb8e87c84ebfdf453c3de8c03e2a6e.php 第 82 行.
NOTIC: [8] Undefined index: article G:\wamp\www\lexiang\Runtime\Cache\Main\99cb8e87c84ebfdf453c3de8c03e2a6e.php 第 82 行.
NOTIC: [8] Undefined index: article G:\wamp\www\lexiang\Runtime\Cache\Main\99cb8e87c84ebfdf453c3de8c03e2a6e.php 第 82 行.
NOTIC: [8] Undefined index: article G:\wamp\www\lexiang\Runtime\Cache\Main\99cb8e87c84ebfdf453c3de8c03e2a6e.php 第 82 行.
NOTIC: [8] Undefined index: article G:\wamp\www\lexiang\Runtime\Cache\Main\99cb8e87c84ebfdf453c3de8c03e2a6e.php 第 82 行.
NOTIC: [8] Undefined index: article G:\wamp\www\lexiang\Runtime\Cache\Main\99cb8e87c84ebfdf453c3de8c03e2a6e.php 第 82 行.
NOTIC: [8] Undefined index: article G:\wamp\www\lexiang\Runtime\Cache\Main\99cb8e87c84ebfdf453c3de8c03e2a6e.php 第 82 行.
INFO: ParseTemplate Behavior ::run [ RunTime:0.027990s ]
INFO: [ view_parse ] --END-- [ RunTime:0.028182s ]
INFO: [ view_filter ] --START--
INFO: ContentReplace Behavior ::run [ RunTime:0.001225s ]
INFO: TokenBuild Behavior ::run [ RunTime:0.001078s ]
INFO: WriteHtmlCache Behavior ::run [ RunTime:0.000848s ]
INFO: ShowRuntime Behavior ::run [ RunTime:0.001228s ]
INFO: [ view_filter ] --END-- [ RunTime:0.004852s ]
INFO: [ view_end ] --START--
INFO: ShowPageTrace Behavior ::run [ RunTime:0.001311s ]
INFO: [ view_end ] --END-- [ RunTime:0.001486s ]

[ 2015-02-10T14:19:49+08:00 ] 127.0.0.1 /lexiang/index.php/Main/Article/readarticle?id=1
INFO: [ route_check ] --START--
INFO: CheckRoute Behavior ::run [ RunTime:0.001817s ]
INFO: [ route_check ] --END-- [ RunTime:0.002075s ]
INFO: [ app_begin ] --START--
INFO: ReadHtmlCache Behavior ::run [ RunTime:0.001194s ]
INFO: [ app_begin ] --END-- [ RunTime:0.001360s ]
NOTIC: [8] Undefined index: _type G:\wamp\www\lexiang\ThinkPHP\Lib\Core\Model.class.php 第 579 行.
SQL: SELECT * FROM `hd_article` WHERE ( `id` = 1 ) LIMIT 1   [ RunTime:0.000570s ]
SQL: SELECT * FROM `hd_articlecategory`  [ RunTime:0.000396s ]
INFO: [ view_parse ] --START--
NOTIC: [8] Undefined index: article G:\wamp\www\lexiang\Runtime\Cache\Main\99cb8e87c84ebfdf453c3de8c03e2a6e.php 第 82 行.
NOTIC: [8] Undefined index: article G:\wamp\www\lexiang\Runtime\Cache\Main\99cb8e87c84ebfdf453c3de8c03e2a6e.php 第 82 行.
NOTIC: [8] Undefined index: article G:\wamp\www\lexiang\Runtime\Cache\Main\99cb8e87c84ebfdf453c3de8c03e2a6e.php 第 82 行.
NOTIC: [8] Undefined index: article G:\wamp\www\lexiang\Runtime\Cache\Main\99cb8e87c84ebfdf453c3de8c03e2a6e.php 第 82 行.
NOTIC: [8] Undefined index: article G:\wamp\www\lexiang\Runtime\Cache\Main\99cb8e87c84ebfdf453c3de8c03e2a6e.php 第 82 行.
NOTIC: [8] Undefined index: article G:\wamp\www\lexiang\Runtime\Cache\Main\99cb8e87c84ebfdf453c3de8c03e2a6e.php 第 82 行.
NOTIC: [8] Undefined index: article G:\wamp\www\lexiang\Runtime\Cache\Main\99cb8e87c84ebfdf453c3de8c03e2a6e.php 第 82 行.
NOTIC: [8] Undefined index: article G:\wamp\www\lexiang\Runtime\Cache\Main\99cb8e87c84ebfdf453c3de8c03e2a6e.php 第 82 行.
NOTIC: [8] Undefined index: article G:\wamp\www\lexiang\Runtime\Cache\Main\99cb8e87c84ebfdf453c3de8c03e2a6e.php 第 82 行.
NOTIC: [8] Undefined index: article G:\wamp\www\lexiang\Runtime\Cache\Main\99cb8e87c84ebfdf453c3de8c03e2a6e.php 第 82 行.
NOTIC: [8] Undefined index: article G:\wamp\www\lexiang\Runtime\Cache\Main\99cb8e87c84ebfdf453c3de8c03e2a6e.php 第 82 行.
NOTIC: [8] Undefined index: article G:\wamp\www\lexiang\Runtime\Cache\Main\99cb8e87c84ebfdf453c3de8c03e2a6e.php 第 82 行.
NOTIC: [8] Undefined index: article G:\wamp\www\lexiang\Runtime\Cache\Main\99cb8e87c84ebfdf453c3de8c03e2a6e.php 第 82 行.
NOTIC: [8] Undefined index: article G:\wamp\www\lexiang\Runtime\Cache\Main\99cb8e87c84ebfdf453c3de8c03e2a6e.php 第 82 行.
INFO: ParseTemplate Behavior ::run [ RunTime:0.025415s ]
INFO: [ view_parse ] --END-- [ RunTime:0.025586s ]
INFO: [ view_filter ] --START--
INFO: ContentReplace Behavior ::run [ RunTime:0.001125s ]
INFO: TokenBuild Behavior ::run [ RunTime:0.000963s ]
INFO: WriteHtmlCache Behavior ::run [ RunTime:0.000738s ]
INFO: ShowRuntime Behavior ::run [ RunTime:0.001060s ]
INFO: [ view_filter ] --END-- [ RunTime:0.004370s ]
INFO: [ view_end ] --START--
INFO: ShowPageTrace Behavior ::run [ RunTime:0.001142s ]
INFO: [ view_end ] --END-- [ RunTime:0.001294s ]

[ 2015-02-10T14:19:54+08:00 ] 127.0.0.1 /lexiang/index.php/Main/Article/article/category/572R6aG1576O5bel
INFO: [ route_check ] --START--
INFO: CheckRoute Behavior ::run [ RunTime:0.001404s ]
INFO: [ route_check ] --END-- [ RunTime:0.001602s ]
INFO: [ app_begin ] --START--
INFO: ReadHtmlCache Behavior ::run [ RunTime:0.000955s ]
INFO: [ app_begin ] --END-- [ RunTime:0.001113s ]
NOTIC: [8] Undefined index: _type G:\wamp\www\lexiang\ThinkPHP\Lib\Core\Model.class.php 第 579 行.
SQL: SELECT `id` FROM `hd_articlecategory` WHERE ( `category` = '网页美工' ) LIMIT 1   [ RunTime:0.001243s ]
SQL: SELECT COUNT(*) AS tp_count FROM `hd_article` WHERE ( categoryid=1 ) LIMIT 1   [ RunTime:0.001750s ]
SQL: SELECT * FROM `hd_article` WHERE ( categoryid=1 ) ORDER BY ptime LIMIT 0,5   [ RunTime:0.001565s ]
SQL: SELECT * FROM `hd_articlecategory`  [ RunTime:0.001299s ]
SQL: SELECT * FROM `hd_article` WHERE ( 1=1 AND categoryid='1' )  [ RunTime:0.001728s ]
SQL: SELECT * FROM `hd_article` WHERE ( 1=1 AND categoryid='2' )  [ RunTime:0.001168s ]
SQL: SELECT * FROM `hd_article` WHERE ( 1=1 AND categoryid='3' )  [ RunTime:0.001119s ]
SQL: SELECT * FROM `hd_article` WHERE ( 1=1 AND categoryid='4' )  [ RunTime:0.001124s ]
SQL: SELECT * FROM `hd_article` WHERE ( 1=1 AND categoryid='5' )  [ RunTime:0.001114s ]
SQL: SELECT * FROM `hd_article` WHERE ( 1=1 AND categoryid='6' )  [ RunTime:0.001116s ]
SQL: SELECT * FROM `hd_article` WHERE ( 1=1 AND categoryid='8' )  [ RunTime:0.002216s ]
SQL: SELECT * FROM `hd_article` WHERE ( 1=1 AND categoryid='9' )  [ RunTime:0.000861s ]
SQL: SELECT * FROM `hd_article` WHERE ( 1=1 AND categoryid='10' )  [ RunTime:0.000631s ]
SQL: SELECT * FROM `hd_article` WHERE ( 1=1 AND categoryid='11' )  [ RunTime:0.000580s ]
SQL: SELECT * FROM `hd_article` WHERE ( 1=1 AND categoryid='12' )  [ RunTime:0.000565s ]
SQL: SELECT * FROM `hd_article` WHERE ( 1=1 AND categoryid='13' )  [ RunTime:0.000619s ]
SQL: SELECT * FROM `hd_article` WHERE ( 1=1 AND categoryid='14' )  [ RunTime:0.000502s ]
SQL: SELECT * FROM `hd_article` WHERE ( 1=1 AND categoryid='15' )  [ RunTime:0.000508s ]
INFO: [ view_parse ] --START--
NOTIC: [8] Undefined variable: articlelist G:\wamp\www\lexiang\Runtime\Cache\Main\55b01cdaecfc3011677ce72a3dcb1160.php 第 83 行.
INFO: ParseTemplate Behavior ::run [ RunTime:0.293496s ]
INFO: [ view_parse ] --END-- [ RunTime:0.293706s ]
INFO: [ view_filter ] --START--
INFO: ContentReplace Behavior ::run [ RunTime:0.000998s ]
INFO: TokenBuild Behavior ::run [ RunTime:0.000935s ]
INFO: WriteHtmlCache Behavior ::run [ RunTime:0.000695s ]
INFO: ShowRuntime Behavior ::run [ RunTime:0.001075s ]
INFO: [ view_filter ] --END-- [ RunTime:0.004219s ]
INFO: [ view_end ] --START--
INFO: ShowPageTrace Behavior ::run [ RunTime:0.001134s ]
INFO: [ view_end ] --END-- [ RunTime:0.001318s ]

[ 2015-02-10T14:19:57+08:00 ] 127.0.0.1 /lexiang/index.php/Main/Article/article/category/UEhQK01ZU1FM
INFO: [ route_check ] --START--
INFO: CheckRoute Behavior ::run [ RunTime:0.002273s ]
INFO: [ route_check ] --END-- [ RunTime:0.002530s ]
INFO: [ app_begin ] --START--
INFO: ReadHtmlCache Behavior ::run [ RunTime:0.001275s ]
INFO: [ app_begin ] --END-- [ RunTime:0.001468s ]
NOTIC: [8] Undefined index: _type G:\wamp\www\lexiang\ThinkPHP\Lib\Core\Model.class.php 第 579 行.
SQL: SELECT `id` FROM `hd_articlecategory` WHERE ( `category` = 'PHP+MYSQL' ) LIMIT 1   [ RunTime:0.000452s ]
SQL: SELECT COUNT(*) AS tp_count FROM `hd_article` WHERE ( categoryid=13 ) LIMIT 1   [ RunTime:0.000476s ]
SQL: SELECT * FROM `hd_article` WHERE ( categoryid=13 ) ORDER BY ptime LIMIT 0,5   [ RunTime:0.000585s ]
SQL: SELECT * FROM `hd_articlecategory`  [ RunTime:0.000393s ]
SQL: SELECT * FROM `hd_article` WHERE ( 1=1 AND categoryid='1' )  [ RunTime:0.001533s ]
SQL: SELECT * FROM `hd_article` WHERE ( 1=1 AND categoryid='2' )  [ RunTime:0.000465s ]
SQL: SELECT * FROM `hd_article` WHERE ( 1=1 AND categoryid='3' )  [ RunTime:0.000324s ]
SQL: SELECT * FROM `hd_article` WHERE ( 1=1 AND categoryid='4' )  [ RunTime:0.000304s ]
SQL: SELECT * FROM `hd_article` WHERE ( 1=1 AND categoryid='5' )  [ RunTime:0.000310s ]
SQL: SELECT * FROM `hd_article` WHERE ( 1=1 AND categoryid='6' )  [ RunTime:0.000305s ]
SQL: SELECT * FROM `hd_article` WHERE ( 1=1 AND categoryid='8' )  [ RunTime:0.000298s ]
SQL: SELECT * FROM `hd_article` WHERE ( 1=1 AND categoryid='9' )  [ RunTime:0.000296s ]
SQL: SELECT * FROM `hd_article` WHERE ( 1=1 AND categoryid='10' )  [ RunTime:0.000686s ]
SQL: SELECT * FROM `hd_article` WHERE ( 1=1 AND categoryid='11' )  [ RunTime:0.000463s ]
SQL: SELECT * FROM `hd_article` WHERE ( 1=1 AND categoryid='12' )  [ RunTime:0.000941s ]
SQL: SELECT * FROM `hd_article` WHERE ( 1=1 AND categoryid='13' )  [ RunTime:0.000646s ]
SQL: SELECT * FROM `hd_article` WHERE ( 1=1 AND categoryid='14' )  [ RunTime:0.000455s ]
SQL: SELECT * FROM `hd_article` WHERE ( 1=1 AND categoryid='15' )  [ RunTime:0.000421s ]
INFO: [ view_parse ] --START--
NOTIC: [8] Undefined variable: articlelist G:\wamp\www\lexiang\Runtime\Cache\Main\55b01cdaecfc3011677ce72a3dcb1160.php 第 83 行.
INFO: ParseTemplate Behavior ::run [ RunTime:0.029368s ]
INFO: [ view_parse ] --END-- [ RunTime:0.029559s ]
INFO: [ view_filter ] --START--
INFO: ContentReplace Behavior ::run [ RunTime:0.000880s ]
INFO: TokenBuild Behavior ::run [ RunTime:0.000797s ]
INFO: WriteHtmlCache Behavior ::run [ RunTime:0.000587s ]
INFO: ShowRuntime Behavior ::run [ RunTime:0.000896s ]
INFO: [ view_filter ] --END-- [ RunTime:0.003601s ]
INFO: [ view_end ] --START--
INFO: ShowPageTrace Behavior ::run [ RunTime:0.000974s ]
INFO: [ view_end ] --END-- [ RunTime:0.001134s ]

[ 2015-02-10T14:19:59+08:00 ] 127.0.0.1 /lexiang/index.php/Main/Article/readarticle?id=1
INFO: [ route_check ] --START--
INFO: CheckRoute Behavior ::run [ RunTime:0.002785s ]
INFO: [ route_check ] --END-- [ RunTime:0.002969s ]
INFO: [ app_begin ] --START--
INFO: ReadHtmlCache Behavior ::run [ RunTime:0.002300s ]
INFO: [ app_begin ] --END-- [ RunTime:0.002470s ]
NOTIC: [8] Undefined index: _type G:\wamp\www\lexiang\ThinkPHP\Lib\Core\Model.class.php 第 579 行.
SQL: SELECT * FROM `hd_article` WHERE ( `id` = 1 ) LIMIT 1   [ RunTime:0.000515s ]
SQL: SELECT * FROM `hd_articlecategory`  [ RunTime:0.000352s ]
INFO: [ view_parse ] --START--
NOTIC: [8] Undefined index: article G:\wamp\www\lexiang\Runtime\Cache\Main\99cb8e87c84ebfdf453c3de8c03e2a6e.php 第 82 行.
NOTIC: [8] Undefined index: article G:\wamp\www\lexiang\Runtime\Cache\Main\99cb8e87c84ebfdf453c3de8c03e2a6e.php 第 82 行.
NOTIC: [8] Undefined index: article G:\wamp\www\lexiang\Runtime\Cache\Main\99cb8e87c84ebfdf453c3de8c03e2a6e.php 第 82 行.
NOTIC: [8] Undefined index: article G:\wamp\www\lexiang\Runtime\Cache\Main\99cb8e87c84ebfdf453c3de8c03e2a6e.php 第 82 行.
NOTIC: [8] Undefined index: article G:\wamp\www\lexiang\Runtime\Cache\Main\99cb8e87c84ebfdf453c3de8c03e2a6e.php 第 82 行.
NOTIC: [8] Undefined index: article G:\wamp\www\lexiang\Runtime\Cache\Main\99cb8e87c84ebfdf453c3de8c03e2a6e.php 第 82 行.
NOTIC: [8] Undefined index: article G:\wamp\www\lexiang\Runtime\Cache\Main\99cb8e87c84ebfdf453c3de8c03e2a6e.php 第 82 行.
NOTIC: [8] Undefined index: article G:\wamp\www\lexiang\Runtime\Cache\Main\99cb8e87c84ebfdf453c3de8c03e2a6e.php 第 82 行.
NOTIC: [8] Undefined index: article G:\wamp\www\lexiang\Runtime\Cache\Main\99cb8e87c84ebfdf453c3de8c03e2a6e.php 第 82 行.
NOTIC: [8] Undefined index: article G:\wamp\www\lexiang\Runtime\Cache\Main\99cb8e87c84ebfdf453c3de8c03e2a6e.php 第 82 行.
NOTIC: [8] Undefined index: article G:\wamp\www\lexiang\Runtime\Cache\Main\99cb8e87c84ebfdf453c3de8c03e2a6e.php 第 82 行.
NOTIC: [8] Undefined index: article G:\wamp\www\lexiang\Runtime\Cache\Main\99cb8e87c84ebfdf453c3de8c03e2a6e.php 第 82 行.
NOTIC: [8] Undefined index: article G:\wamp\www\lexiang\Runtime\Cache\Main\99cb8e87c84ebfdf453c3de8c03e2a6e.php 第 82 行.
NOTIC: [8] Undefined index: article G:\wamp\www\lexiang\Runtime\Cache\Main\99cb8e87c84ebfdf453c3de8c03e2a6e.php 第 82 行.
INFO: ParseTemplate Behavior ::run [ RunTime:0.029322s ]
INFO: [ view_parse ] --END-- [ RunTime:0.029483s ]
INFO: [ view_filter ] --START--
INFO: ContentReplace Behavior ::run [ RunTime:0.002323s ]
INFO: TokenBuild Behavior ::run [ RunTime:0.002142s ]
INFO: WriteHtmlCache Behavior ::run [ RunTime:0.001931s ]
INFO: ShowRuntime Behavior ::run [ RunTime:0.002257s ]
INFO: [ view_filter ] --END-- [ RunTime:0.009068s ]
INFO: [ view_end ] --START--
INFO: ShowPageTrace Behavior ::run [ RunTime:0.002342s ]
INFO: [ view_end ] --END-- [ RunTime:0.002495s ]

[ 2015-02-10T14:19:59+08:00 ] 127.0.0.1 /lexiang/index.php/Main/Article/readarticle?id=1
INFO: [ route_check ] --START--
INFO: CheckRoute Behavior ::run [ RunTime:0.001435s ]
INFO: [ route_check ] --END-- [ RunTime:0.001644s ]
INFO: [ app_begin ] --START--
INFO: ReadHtmlCache Behavior ::run [ RunTime:0.000946s ]
INFO: [ app_begin ] --END-- [ RunTime:0.001105s ]
NOTIC: [8] Undefined index: _type G:\wamp\www\lexiang\ThinkPHP\Lib\Core\Model.class.php 第 579 行.
SQL: SELECT * FROM `hd_article` WHERE ( `id` = 1 ) LIMIT 1   [ RunTime:0.000489s ]
SQL: SELECT * FROM `hd_articlecategory`  [ RunTime:0.000332s ]
INFO: [ view_parse ] --START--
NOTIC: [8] Undefined index: article G:\wamp\www\lexiang\Runtime\Cache\Main\99cb8e87c84ebfdf453c3de8c03e2a6e.php 第 82 行.
NOTIC: [8] Undefined index: article G:\wamp\www\lexiang\Runtime\Cache\Main\99cb8e87c84ebfdf453c3de8c03e2a6e.php 第 82 行.
NOTIC: [8] Undefined index: article G:\wamp\www\lexiang\Runtime\Cache\Main\99cb8e87c84ebfdf453c3de8c03e2a6e.php 第 82 行.
NOTIC: [8] Undefined index: article G:\wamp\www\lexiang\Runtime\Cache\Main\99cb8e87c84ebfdf453c3de8c03e2a6e.php 第 82 行.
NOTIC: [8] Undefined index: article G:\wamp\www\lexiang\Runtime\Cache\Main\99cb8e87c84ebfdf453c3de8c03e2a6e.php 第 82 行.
NOTIC: [8] Undefined index: article G:\wamp\www\lexiang\Runtime\Cache\Main\99cb8e87c84ebfdf453c3de8c03e2a6e.php 第 82 行.
NOTIC: [8] Undefined index: article G:\wamp\www\lexiang\Runtime\Cache\Main\99cb8e87c84ebfdf453c3de8c03e2a6e.php 第 82 行.
NOTIC: [8] Undefined index: article G:\wamp\www\lexiang\Runtime\Cache\Main\99cb8e87c84ebfdf453c3de8c03e2a6e.php 第 82 行.
NOTIC: [8] Undefined index: article G:\wamp\www\lexiang\Runtime\Cache\Main\99cb8e87c84ebfdf453c3de8c03e2a6e.php 第 82 行.
NOTIC: [8] Undefined index: article G:\wamp\www\lexiang\Runtime\Cache\Main\99cb8e87c84ebfdf453c3de8c03e2a6e.php 第 82 行.
NOTIC: [8] Undefined index: article G:\wamp\www\lexiang\Runtime\Cache\Main\99cb8e87c84ebfdf453c3de8c03e2a6e.php 第 82 行.
NOTIC: [8] Undefined index: article G:\wamp\www\lexiang\Runtime\Cache\Main\99cb8e87c84ebfdf453c3de8c03e2a6e.php 第 82 行.
NOTIC: [8] Undefined index: article G:\wamp\www\lexiang\Runtime\Cache\Main\99cb8e87c84ebfdf453c3de8c03e2a6e.php 第 82 行.
NOTIC: [8] Undefined index: article G:\wamp\www\lexiang\Runtime\Cache\Main\99cb8e87c84ebfdf453c3de8c03e2a6e.php 第 82 行.
INFO: ParseTemplate Behavior ::run [ RunTime:0.024296s ]
INFO: [ view_parse ] --END-- [ RunTime:0.024473s ]
INFO: [ view_filter ] --START--
INFO: ContentReplace Behavior ::run [ RunTime:0.001115s ]
INFO: TokenBuild Behavior ::run [ RunTime:0.000928s ]
INFO: WriteHtmlCache Behavior ::run [ RunTime:0.000658s ]
INFO: ShowRuntime Behavior ::run [ RunTime:0.000995s ]
INFO: [ view_filter ] --END-- [ RunTime:0.004186s ]
INFO: [ view_end ] --START--
INFO: ShowPageTrace Behavior ::run [ RunTime:0.002118s ]
INFO: [ view_end ] --END-- [ RunTime:0.002302s ]

[ 2015-02-10T14:20:07+08:00 ] 127.0.0.1 /lexiang/index.php/Main
INFO: [ route_check ] --START--
INFO: CheckRoute Behavior ::run [ RunTime:0.001696s ]
INFO: [ route_check ] --END-- [ RunTime:0.001917s ]
INFO: [ app_begin ] --START--
INFO: ReadHtmlCache Behavior ::run [ RunTime:0.003688s ]
INFO: [ app_begin ] --END-- [ RunTime:0.003958s ]
NOTIC: [8] Undefined index: _type G:\wamp\www\lexiang\ThinkPHP\Lib\Core\Model.class.php 第 579 行.
SQL: SELECT * FROM `hd_article` WHERE ( `state` = 1 ) LIMIT 7   [ RunTime:0.000524s ]
SQL: SELECT * FROM `hd_resource` WHERE ( state=0 ) LIMIT 7   [ RunTime:0.000349s ]
SQL: SELECT * FROM `hd_article` LIMIT 20   [ RunTime:0.000320s ]
SQL: SELECT * FROM `hd_article` WHERE ( categoryid=5 ) LIMIT 7   [ RunTime:0.000298s ]
SQL: SELECT COUNT(*) AS tp_count FROM `hd_article` LIMIT 1   [ RunTime:0.000259s ]
SQL: SELECT * FROM `hd_article` LIMIT 1   [ RunTime:0.000308s ]
SQL: SELECT * FROM `hd_article` WHERE ( categoryid=13 ) LIMIT 7   [ RunTime:0.000328s ]
INFO: [ view_parse ] --START--
INFO: ParseTemplate Behavior ::run [ RunTime:0.037284s ]
INFO: [ view_parse ] --END-- [ RunTime:0.037490s ]
INFO: [ view_filter ] --START--
INFO: ContentReplace Behavior ::run [ RunTime:0.000888s ]
INFO: TokenBuild Behavior ::run [ RunTime:0.000788s ]
INFO: WriteHtmlCache Behavior ::run [ RunTime:0.000578s ]
INFO: ShowRuntime Behavior ::run [ RunTime:0.000892s ]
INFO: [ view_filter ] --END-- [ RunTime:0.003549s ]
INFO: [ view_end ] --START--
INFO: ShowPageTrace Behavior ::run [ RunTime:0.000959s ]
INFO: [ view_end ] --END-- [ RunTime:0.001115s ]

[ 2015-02-10T14:20:12+08:00 ] 127.0.0.1 /lexiang/index.php/Main/Article/readarticle?id=1
INFO: [ route_check ] --START--
INFO: CheckRoute Behavior ::run [ RunTime:0.001943s ]
INFO: [ route_check ] --END-- [ RunTime:0.002224s ]
INFO: [ app_begin ] --START--
INFO: ReadHtmlCache Behavior ::run [ RunTime:0.001039s ]
INFO: [ app_begin ] --END-- [ RunTime:0.001212s ]
NOTIC: [8] Undefined index: _type G:\wamp\www\lexiang\ThinkPHP\Lib\Core\Model.class.php 第 579 行.
SQL: SELECT * FROM `hd_article` WHERE ( `id` = 1 ) LIMIT 1   [ RunTime:0.000589s ]
SQL: SELECT * FROM `hd_articlecategory`  [ RunTime:0.000427s ]
INFO: [ view_parse ] --START--
NOTIC: [8] Undefined index: article G:\wamp\www\lexiang\Runtime\Cache\Main\99cb8e87c84ebfdf453c3de8c03e2a6e.php 第 82 行.
NOTIC: [8] Undefined index: article G:\wamp\www\lexiang\Runtime\Cache\Main\99cb8e87c84ebfdf453c3de8c03e2a6e.php 第 82 行.
NOTIC: [8] Undefined index: article G:\wamp\www\lexiang\Runtime\Cache\Main\99cb8e87c84ebfdf453c3de8c03e2a6e.php 第 82 行.
NOTIC: [8] Undefined index: article G:\wamp\www\lexiang\Runtime\Cache\Main\99cb8e87c84ebfdf453c3de8c03e2a6e.php 第 82 行.
NOTIC: [8] Undefined index: article G:\wamp\www\lexiang\Runtime\Cache\Main\99cb8e87c84ebfdf453c3de8c03e2a6e.php 第 82 行.
NOTIC: [8] Undefined index: article G:\wamp\www\lexiang\Runtime\Cache\Main\99cb8e87c84ebfdf453c3de8c03e2a6e.php 第 82 行.
NOTIC: [8] Undefined index: article G:\wamp\www\lexiang\Runtime\Cache\Main\99cb8e87c84ebfdf453c3de8c03e2a6e.php 第 82 行.
NOTIC: [8] Undefined index: article G:\wamp\www\lexiang\Runtime\Cache\Main\99cb8e87c84ebfdf453c3de8c03e2a6e.php 第 82 行.
NOTIC: [8] Undefined index: article G:\wamp\www\lexiang\Runtime\Cache\Main\99cb8e87c84ebfdf453c3de8c03e2a6e.php 第 82 行.
NOTIC: [8] Undefined index: article G:\wamp\www\lexiang\Runtime\Cache\Main\99cb8e87c84ebfdf453c3de8c03e2a6e.php 第 82 行.
NOTIC: [8] Undefined index: article G:\wamp\www\lexiang\Runtime\Cache\Main\99cb8e87c84ebfdf453c3de8c03e2a6e.php 第 82 行.
NOTIC: [8] Undefined index: article G:\wamp\www\lexiang\Runtime\Cache\Main\99cb8e87c84ebfdf453c3de8c03e2a6e.php 第 82 行.
NOTIC: [8] Undefined index: article G:\wamp\www\lexiang\Runtime\Cache\Main\99cb8e87c84ebfdf453c3de8c03e2a6e.php 第 82 行.
NOTIC: [8] Undefined index: article G:\wamp\www\lexiang\Runtime\Cache\Main\99cb8e87c84ebfdf453c3de8c03e2a6e.php 第 82 行.
INFO: ParseTemplate Behavior ::run [ RunTime:0.022408s ]
INFO: [ view_parse ] --END-- [ RunTime:0.022573s ]
INFO: [ view_filter ] --START--
INFO: ContentReplace Behavior ::run [ RunTime:0.000984s ]
INFO: TokenBuild Behavior ::run [ RunTime:0.000776s ]
INFO: WriteHtmlCache Behavior ::run [ RunTime:0.000583s ]
INFO: ShowRuntime Behavior ::run [ RunTime:0.001089s ]
INFO: [ view_filter ] --END-- [ RunTime:0.003872s ]
INFO: [ view_end ] --START--
INFO: ShowPageTrace Behavior ::run [ RunTime:0.001006s ]
INFO: [ view_end ] --END-- [ RunTime:0.001185s ]

[ 2015-02-10T14:20:12+08:00 ] 127.0.0.1 /lexiang/index.php/Main/Article/readarticle?id=1
INFO: [ route_check ] --START--
INFO: CheckRoute Behavior ::run [ RunTime:0.001635s ]
INFO: [ route_check ] --END-- [ RunTime:0.001851s ]
INFO: [ app_begin ] --START--
INFO: ReadHtmlCache Behavior ::run [ RunTime:0.001138s ]
INFO: [ app_begin ] --END-- [ RunTime:0.001329s ]
NOTIC: [8] Undefined index: _type G:\wamp\www\lexiang\ThinkPHP\Lib\Core\Model.class.php 第 579 行.
SQL: SELECT * FROM `hd_article` WHERE ( `id` = 1 ) LIMIT 1   [ RunTime:0.000624s ]
SQL: SELECT * FROM `hd_articlecategory`  [ RunTime:0.000479s ]
INFO: [ view_parse ] --START--
NOTIC: [8] Undefined index: article G:\wamp\www\lexiang\Runtime\Cache\Main\99cb8e87c84ebfdf453c3de8c03e2a6e.php 第 82 行.
NOTIC: [8] Undefined index: article G:\wamp\www\lexiang\Runtime\Cache\Main\99cb8e87c84ebfdf453c3de8c03e2a6e.php 第 82 行.
NOTIC: [8] Undefined index: article G:\wamp\www\lexiang\Runtime\Cache\Main\99cb8e87c84ebfdf453c3de8c03e2a6e.php 第 82 行.
NOTIC: [8] Undefined index: article G:\wamp\www\lexiang\Runtime\Cache\Main\99cb8e87c84ebfdf453c3de8c03e2a6e.php 第 82 行.
NOTIC: [8] Undefined index: article G:\wamp\www\lexiang\Runtime\Cache\Main\99cb8e87c84ebfdf453c3de8c03e2a6e.php 第 82 行.
NOTIC: [8] Undefined index: article G:\wamp\www\lexiang\Runtime\Cache\Main\99cb8e87c84ebfdf453c3de8c03e2a6e.php 第 82 行.
NOTIC: [8] Undefined index: article G:\wamp\www\lexiang\Runtime\Cache\Main\99cb8e87c84ebfdf453c3de8c03e2a6e.php 第 82 行.
NOTIC: [8] Undefined index: article G:\wamp\www\lexiang\Runtime\Cache\Main\99cb8e87c84ebfdf453c3de8c03e2a6e.php 第 82 行.
NOTIC: [8] Undefined index: article G:\wamp\www\lexiang\Runtime\Cache\Main\99cb8e87c84ebfdf453c3de8c03e2a6e.php 第 82 行.
NOTIC: [8] Undefined index: article G:\wamp\www\lexiang\Runtime\Cache\Main\99cb8e87c84ebfdf453c3de8c03e2a6e.php 第 82 行.
NOTIC: [8] Undefined index: article G:\wamp\www\lexiang\Runtime\Cache\Main\99cb8e87c84ebfdf453c3de8c03e2a6e.php 第 82 行.
NOTIC: [8] Undefined index: article G:\wamp\www\lexiang\Runtime\Cache\Main\99cb8e87c84ebfdf453c3de8c03e2a6e.php 第 82 行.
NOTIC: [8] Undefined index: article G:\wamp\www\lexiang\Runtime\Cache\Main\99cb8e87c84ebfdf453c3de8c03e2a6e.php 第 82 行.
NOTIC: [8] Undefined index: article G:\wamp\www\lexiang\Runtime\Cache\Main\99cb8e87c84ebfdf453c3de8c03e2a6e.php 第 82 行.
INFO: ParseTemplate Behavior ::run [ RunTime:0.024298s ]
INFO: [ view_parse ] --END-- [ RunTime:0.024501s ]
INFO: [ view_filter ] --START--
INFO: ContentReplace Behavior ::run [ RunTime:0.000856s ]
INFO: TokenBuild Behavior ::run [ RunTime:0.000780s ]
INFO: WriteHtmlCache Behavior ::run [ RunTime:0.001044s ]
INFO: ShowRuntime Behavior ::run [ RunTime:0.002362s ]
INFO: [ view_filter ] --END-- [ RunTime:0.005513s ]
INFO: [ view_end ] --START--
INFO: ShowPageTrace Behavior ::run [ RunTime:0.001296s ]
INFO: [ view_end ] --END-- [ RunTime:0.001486s ]

[ 2015-02-10T14:20:20+08:00 ] 127.0.0.1 /lexiang/index.php/Main/Article/article/category/UGhvdG9TaG9w5oqA5pyv.html
INFO: [ route_check ] --START--
INFO: CheckRoute Behavior ::run [ RunTime:0.001820s ]
INFO: [ route_check ] --END-- [ RunTime:0.002099s ]
INFO: [ app_begin ] --START--
INFO: ReadHtmlCache Behavior ::run [ RunTime:0.000957s ]
INFO: [ app_begin ] --END-- [ RunTime:0.001140s ]
NOTIC: [8] Undefined index: _type G:\wamp\www\lexiang\ThinkPHP\Lib\Core\Model.class.php 第 579 行.
SQL: SELECT `id` FROM `hd_articlecategory` WHERE ( `category` = 'PhotoShop技术' ) LIMIT 1   [ RunTime:0.001713s ]
SQL: SELECT COUNT(*) AS tp_count FROM `hd_article` WHERE ( categoryid=8 ) LIMIT 1   [ RunTime:0.000556s ]
SQL: SELECT * FROM `hd_article` WHERE ( categoryid=8 ) ORDER BY ptime LIMIT 0,5   [ RunTime:0.000577s ]
SQL: SELECT * FROM `hd_articlecategory`  [ RunTime:0.000439s ]
SQL: SELECT * FROM `hd_article` WHERE ( 1=1 AND categoryid='1' )  [ RunTime:0.000454s ]
SQL: SELECT * FROM `hd_article` WHERE ( 1=1 AND categoryid='2' )  [ RunTime:0.000461s ]
SQL: SELECT * FROM `hd_article` WHERE ( 1=1 AND categoryid='3' )  [ RunTime:0.000863s ]
SQL: SELECT * FROM `hd_article` WHERE ( 1=1 AND categoryid='4' )  [ RunTime:0.000446s ]
SQL: SELECT * FROM `hd_article` WHERE ( 1=1 AND categoryid='5' )  [ RunTime:0.000382s ]
SQL: SELECT * FROM `hd_article` WHERE ( 1=1 AND categoryid='6' )  [ RunTime:0.000363s ]
SQL: SELECT * FROM `hd_article` WHERE ( 1=1 AND categoryid='8' )  [ RunTime:0.000357s ]
SQL: SELECT * FROM `hd_article` WHERE ( 1=1 AND categoryid='9' )  [ RunTime:0.000397s ]
SQL: SELECT * FROM `hd_article` WHERE ( 1=1 AND categoryid='10' )  [ RunTime:0.000364s ]
SQL: SELECT * FROM `hd_article` WHERE ( 1=1 AND categoryid='11' )  [ RunTime:0.000354s ]
SQL: SELECT * FROM `hd_article` WHERE ( 1=1 AND categoryid='12' )  [ RunTime:0.000345s ]
SQL: SELECT * FROM `hd_article` WHERE ( 1=1 AND categoryid='13' )  [ RunTime:0.000390s ]
SQL: SELECT * FROM `hd_article` WHERE ( 1=1 AND categoryid='14' )  [ RunTime:0.000313s ]
SQL: SELECT * FROM `hd_article` WHERE ( 1=1 AND categoryid='15' )  [ RunTime:0.000295s ]
INFO: [ view_parse ] --START--
NOTIC: [8] Undefined variable: articlelist G:\wamp\www\lexiang\Runtime\Cache\Main\55b01cdaecfc3011677ce72a3dcb1160.php 第 83 行.
INFO: ParseTemplate Behavior ::run [ RunTime:0.031170s ]
INFO: [ view_parse ] --END-- [ RunTime:0.031352s ]
INFO: [ view_filter ] --START--
INFO: ContentReplace Behavior ::run [ RunTime:0.000992s ]
INFO: TokenBuild Behavior ::run [ RunTime:0.000885s ]
INFO: WriteHtmlCache Behavior ::run [ RunTime:0.000662s ]
INFO: ShowRuntime Behavior ::run [ RunTime:0.000967s ]
INFO: [ view_filter ] --END-- [ RunTime:0.003980s ]
INFO: [ view_end ] --START--
INFO: ShowPageTrace Behavior ::run [ RunTime:0.001070s ]
INFO: [ view_end ] --END-- [ RunTime:0.001240s ]

[ 2015-02-10T14:20:25+08:00 ] 127.0.0.1 /lexiang/index.php/Main
INFO: [ route_check ] --START--
INFO: CheckRoute Behavior ::run [ RunTime:0.001360s ]
INFO: [ route_check ] --END-- [ RunTime:0.001561s ]
INFO: [ app_begin ] --START--
INFO: ReadHtmlCache Behavior ::run [ RunTime:0.000957s ]
INFO: [ app_begin ] --END-- [ RunTime:0.001119s ]
NOTIC: [8] Undefined index: _type G:\wamp\www\lexiang\ThinkPHP\Lib\Core\Model.class.php 第 579 行.
SQL: SELECT * FROM `hd_article` WHERE ( `state` = 1 ) LIMIT 7   [ RunTime:0.000638s ]
SQL: SELECT * FROM `hd_resource` WHERE ( state=0 ) LIMIT 7   [ RunTime:0.000398s ]
SQL: SELECT * FROM `hd_article` LIMIT 20   [ RunTime:0.000335s ]
SQL: SELECT * FROM `hd_article` WHERE ( categoryid=5 ) LIMIT 7   [ RunTime:0.000302s ]
SQL: SELECT COUNT(*) AS tp_count FROM `hd_article` LIMIT 1   [ RunTime:0.000262s ]
SQL: SELECT * FROM `hd_article` LIMIT 1   [ RunTime:0.000311s ]
SQL: SELECT * FROM `hd_article` WHERE ( categoryid=13 ) LIMIT 7   [ RunTime:0.000331s ]
INFO: [ view_parse ] --START--
INFO: ParseTemplate Behavior ::run [ RunTime:0.038170s ]
INFO: [ view_parse ] --END-- [ RunTime:0.038378s ]
INFO: [ view_filter ] --START--
INFO: ContentReplace Behavior ::run [ RunTime:0.000938s ]
INFO: TokenBuild Behavior ::run [ RunTime:0.000793s ]
INFO: WriteHtmlCache Behavior ::run [ RunTime:0.000583s ]
INFO: ShowRuntime Behavior ::run [ RunTime:0.000899s ]
INFO: [ view_filter ] --END-- [ RunTime:0.003634s ]
INFO: [ view_end ] --START--
INFO: ShowPageTrace Behavior ::run [ RunTime:0.000967s ]
INFO: [ view_end ] --END-- [ RunTime:0.001120s ]

[ 2015-02-10T14:44:21+08:00 ] 127.0.0.1 /lexiang/
INFO: [ app_begin ] --START--
INFO: ReadHtmlCache Behavior ::run [ RunTime:0.003776s ]
INFO: [ app_begin ] --END-- [ RunTime:0.004065s ]
NOTIC: [8] Undefined index: _type G:\wamp\www\lexiang\ThinkPHP\Lib\Core\Model.class.php 第 579 行.
SQL: SELECT * FROM `hd_article` WHERE ( `state` = 1 ) LIMIT 7   [ RunTime:0.000739s ]
SQL: SELECT * FROM `hd_resource` WHERE ( state=0 ) LIMIT 7   [ RunTime:0.000735s ]
SQL: SELECT * FROM `hd_article` LIMIT 20   [ RunTime:0.000949s ]
SQL: SELECT * FROM `hd_article` WHERE ( categoryid=5 ) LIMIT 7   [ RunTime:0.000584s ]
SQL: SELECT COUNT(*) AS tp_count FROM `hd_article` LIMIT 1   [ RunTime:0.000440s ]
SQL: SELECT * FROM `hd_article` LIMIT 1   [ RunTime:0.000527s ]
SQL: SELECT * FROM `hd_article` WHERE ( categoryid=13 ) LIMIT 7   [ RunTime:0.000529s ]
INFO: [ view_parse ] --START--
INFO: ParseTemplate Behavior ::run [ RunTime:0.058225s ]
INFO: [ view_parse ] --END-- [ RunTime:0.058414s ]
INFO: [ view_filter ] --START--
INFO: ContentReplace Behavior ::run [ RunTime:0.002095s ]
INFO: TokenBuild Behavior ::run [ RunTime:0.002269s ]
INFO: WriteHtmlCache Behavior ::run [ RunTime:0.001963s ]
INFO: ShowRuntime Behavior ::run [ RunTime:0.001898s ]
INFO: [ view_filter ] --END-- [ RunTime:0.008869s ]
INFO: [ view_end ] --START--
INFO: ShowPageTrace Behavior ::run [ RunTime:0.001924s ]
INFO: [ view_end ] --END-- [ RunTime:0.002075s ]

[ 2015-02-10T14:44:29+08:00 ] 127.0.0.1 /lexiang/index.php/Main
INFO: [ route_check ] --START--
INFO: CheckRoute Behavior ::run [ RunTime:0.005426s ]
INFO: [ route_check ] --END-- [ RunTime:0.005708s ]
INFO: [ app_begin ] --START--
INFO: ReadHtmlCache Behavior ::run [ RunTime:0.003213s ]
INFO: [ app_begin ] --END-- [ RunTime:0.003477s ]
NOTIC: [8] Undefined index: _type G:\wamp\www\lexiang\ThinkPHP\Lib\Core\Model.class.php 第 579 行.
SQL: SELECT * FROM `hd_article` WHERE ( `state` = 1 ) LIMIT 7   [ RunTime:0.001553s ]
SQL: SELECT * FROM `hd_resource` WHERE ( state=0 ) LIMIT 7   [ RunTime:0.000536s ]
SQL: SELECT * FROM `hd_article` LIMIT 20   [ RunTime:0.000411s ]
SQL: SELECT * FROM `hd_article` WHERE ( categoryid=5 ) LIMIT 7   [ RunTime:0.001784s ]
SQL: SELECT COUNT(*) AS tp_count FROM `hd_article` LIMIT 1   [ RunTime:0.000682s ]
SQL: SELECT * FROM `hd_article` LIMIT 1   [ RunTime:0.000627s ]
SQL: SELECT * FROM `hd_article` WHERE ( categoryid=13 ) LIMIT 7   [ RunTime:0.001300s ]
INFO: [ view_parse ] --START--
INFO: ParseTemplate Behavior ::run [ RunTime:0.051377s ]
INFO: [ view_parse ] --END-- [ RunTime:0.051605s ]
INFO: [ view_filter ] --START--
INFO: ContentReplace Behavior ::run [ RunTime:0.001850s ]
INFO: TokenBuild Behavior ::run [ RunTime:0.001450s ]
INFO: WriteHtmlCache Behavior ::run [ RunTime:0.001018s ]
INFO: ShowRuntime Behavior ::run [ RunTime:0.001290s ]
INFO: [ view_filter ] --END-- [ RunTime:0.006089s ]
INFO: [ view_end ] --START--
INFO: ShowPageTrace Behavior ::run [ RunTime:0.001366s ]
INFO: [ view_end ] --END-- [ RunTime:0.001533s ]

[ 2015-02-10T14:44:35+08:00 ] 127.0.0.1 /lexiang/index.php/Main/Article/readarticle?id=1
INFO: [ route_check ] --START--
INFO: CheckRoute Behavior ::run [ RunTime:0.001380s ]
INFO: [ route_check ] --END-- [ RunTime:0.001587s ]
INFO: [ app_begin ] --START--
INFO: ReadHtmlCache Behavior ::run [ RunTime:0.001473s ]
INFO: [ app_begin ] --END-- [ RunTime:0.001656s ]
NOTIC: [8] Undefined index: _type G:\wamp\www\lexiang\ThinkPHP\Lib\Core\Model.class.php 第 579 行.
SQL: SELECT * FROM `hd_article` WHERE ( `id` = 1 ) LIMIT 1   [ RunTime:0.000819s ]
SQL: SELECT * FROM `hd_articlecategory`  [ RunTime:0.000634s ]
INFO: [ view_parse ] --START--
NOTIC: [8] Undefined index: article G:\wamp\www\lexiang\Runtime\Cache\Main\99cb8e87c84ebfdf453c3de8c03e2a6e.php 第 82 行.
NOTIC: [8] Undefined index: article G:\wamp\www\lexiang\Runtime\Cache\Main\99cb8e87c84ebfdf453c3de8c03e2a6e.php 第 82 行.
NOTIC: [8] Undefined index: article G:\wamp\www\lexiang\Runtime\Cache\Main\99cb8e87c84ebfdf453c3de8c03e2a6e.php 第 82 行.
NOTIC: [8] Undefined index: article G:\wamp\www\lexiang\Runtime\Cache\Main\99cb8e87c84ebfdf453c3de8c03e2a6e.php 第 82 行.
NOTIC: [8] Undefined index: article G:\wamp\www\lexiang\Runtime\Cache\Main\99cb8e87c84ebfdf453c3de8c03e2a6e.php 第 82 行.
NOTIC: [8] Undefined index: article G:\wamp\www\lexiang\Runtime\Cache\Main\99cb8e87c84ebfdf453c3de8c03e2a6e.php 第 82 行.
NOTIC: [8] Undefined index: article G:\wamp\www\lexiang\Runtime\Cache\Main\99cb8e87c84ebfdf453c3de8c03e2a6e.php 第 82 行.
NOTIC: [8] Undefined index: article G:\wamp\www\lexiang\Runtime\Cache\Main\99cb8e87c84ebfdf453c3de8c03e2a6e.php 第 82 行.
NOTIC: [8] Undefined index: article G:\wamp\www\lexiang\Runtime\Cache\Main\99cb8e87c84ebfdf453c3de8c03e2a6e.php 第 82 行.
NOTIC: [8] Undefined index: article G:\wamp\www\lexiang\Runtime\Cache\Main\99cb8e87c84ebfdf453c3de8c03e2a6e.php 第 82 行.
NOTIC: [8] Undefined index: article G:\wamp\www\lexiang\Runtime\Cache\Main\99cb8e87c84ebfdf453c3de8c03e2a6e.php 第 82 行.
NOTIC: [8] Undefined index: article G:\wamp\www\lexiang\Runtime\Cache\Main\99cb8e87c84ebfdf453c3de8c03e2a6e.php 第 82 行.
NOTIC: [8] Undefined index: article G:\wamp\www\lexiang\Runtime\Cache\Main\99cb8e87c84ebfdf453c3de8c03e2a6e.php 第 82 行.
NOTIC: [8] Undefined index: article G:\wamp\www\lexiang\Runtime\Cache\Main\99cb8e87c84ebfdf453c3de8c03e2a6e.php 第 82 行.
INFO: ParseTemplate Behavior ::run [ RunTime:0.049330s ]
INFO: [ view_parse ] --END-- [ RunTime:0.049555s ]
INFO: [ view_filter ] --START--
INFO: ContentReplace Behavior ::run [ RunTime:0.001629s ]
INFO: TokenBuild Behavior ::run [ RunTime:0.001501s ]
INFO: WriteHtmlCache Behavior ::run [ RunTime:0.001139s ]
INFO: ShowRuntime Behavior ::run [ RunTime:0.001682s ]
INFO: [ view_filter ] --END-- [ RunTime:0.006532s ]
INFO: [ view_end ] --START--
INFO: ShowPageTrace Behavior ::run [ RunTime:0.001803s ]
INFO: [ view_end ] --END-- [ RunTime:0.002019s ]

[ 2015-02-10T14:44:35+08:00 ] 127.0.0.1 /lexiang/index.php/Main/Article/readarticle?id=1
INFO: [ route_check ] --START--
INFO: CheckRoute Behavior ::run [ RunTime:0.001362s ]
INFO: [ route_check ] --END-- [ RunTime:0.001566s ]
INFO: [ app_begin ] --START--
INFO: ReadHtmlCache Behavior ::run [ RunTime:0.001328s ]
INFO: [ app_begin ] --END-- [ RunTime:0.001499s ]
NOTIC: [8] Undefined index: _type G:\wamp\www\lexiang\ThinkPHP\Lib\Core\Model.class.php 第 579 行.
SQL: SELECT * FROM `hd_article` WHERE ( `id` = 1 ) LIMIT 1   [ RunTime:0.000495s ]
SQL: SELECT * FROM `hd_articlecategory`  [ RunTime:0.000331s ]
INFO: [ view_parse ] --START--
NOTIC: [8] Undefined index: article G:\wamp\www\lexiang\Runtime\Cache\Main\99cb8e87c84ebfdf453c3de8c03e2a6e.php 第 82 行.
NOTIC: [8] Undefined index: article G:\wamp\www\lexiang\Runtime\Cache\Main\99cb8e87c84ebfdf453c3de8c03e2a6e.php 第 82 行.
NOTIC: [8] Undefined index: article G:\wamp\www\lexiang\Runtime\Cache\Main\99cb8e87c84ebfdf453c3de8c03e2a6e.php 第 82 行.
NOTIC: [8] Undefined index: article G:\wamp\www\lexiang\Runtime\Cache\Main\99cb8e87c84ebfdf453c3de8c03e2a6e.php 第 82 行.
NOTIC: [8] Undefined index: article G:\wamp\www\lexiang\Runtime\Cache\Main\99cb8e87c84ebfdf453c3de8c03e2a6e.php 第 82 行.
NOTIC: [8] Undefined index: article G:\wamp\www\lexiang\Runtime\Cache\Main\99cb8e87c84ebfdf453c3de8c03e2a6e.php 第 82 行.
NOTIC: [8] Undefined index: article G:\wamp\www\lexiang\Runtime\Cache\Main\99cb8e87c84ebfdf453c3de8c03e2a6e.php 第 82 行.
NOTIC: [8] Undefined index: article G:\wamp\www\lexiang\Runtime\Cache\Main\99cb8e87c84ebfdf453c3de8c03e2a6e.php 第 82 行.
NOTIC: [8] Undefined index: article G:\wamp\www\lexiang\Runtime\Cache\Main\99cb8e87c84ebfdf453c3de8c03e2a6e.php 第 82 行.
NOTIC: [8] Undefined index: article G:\wamp\www\lexiang\Runtime\Cache\Main\99cb8e87c84ebfdf453c3de8c03e2a6e.php 第 82 行.
NOTIC: [8] Undefined index: article G:\wamp\www\lexiang\Runtime\Cache\Main\99cb8e87c84ebfdf453c3de8c03e2a6e.php 第 82 行.
NOTIC: [8] Undefined index: article G:\wamp\www\lexiang\Runtime\Cache\Main\99cb8e87c84ebfdf453c3de8c03e2a6e.php 第 82 行.
NOTIC: [8] Undefined index: article G:\wamp\www\lexiang\Runtime\Cache\Main\99cb8e87c84ebfdf453c3de8c03e2a6e.php 第 82 行.
NOTIC: [8] Undefined index: article G:\wamp\www\lexiang\Runtime\Cache\Main\99cb8e87c84ebfdf453c3de8c03e2a6e.php 第 82 行.
INFO: ParseTemplate Behavior ::run [ RunTime:0.027770s ]
INFO: [ view_parse ] --END-- [ RunTime:0.027985s ]
INFO: [ view_filter ] --START--
INFO: ContentReplace Behavior ::run [ RunTime:0.001166s ]
INFO: TokenBuild Behavior ::run [ RunTime:0.001049s ]
INFO: WriteHtmlCache Behavior ::run [ RunTime:0.000799s ]
INFO: ShowRuntime Behavior ::run [ RunTime:0.001272s ]
INFO: [ view_filter ] --END-- [ RunTime:0.004731s ]
INFO: [ view_end ] --START--
INFO: ShowPageTrace Behavior ::run [ RunTime:0.001295s ]
INFO: [ view_end ] --END-- [ RunTime:0.001448s ]

[ 2015-02-10T14:44:42+08:00 ] 127.0.0.1 /lexiang/index.php/Main/Article/article/category/5Y6f5Z6L6K6+6K6h
INFO: [ route_check ] --START--
INFO: CheckRoute Behavior ::run [ RunTime:0.001824s ]
INFO: [ route_check ] --END-- [ RunTime:0.002206s ]
INFO: [ app_begin ] --START--
INFO: ReadHtmlCache Behavior ::run [ RunTime:0.001365s ]
INFO: [ app_begin ] --END-- [ RunTime:0.001565s ]
NOTIC: [8] Undefined index: _type G:\wamp\www\lexiang\ThinkPHP\Lib\Core\Model.class.php 第 579 行.
SQL: SELECT `id` FROM `hd_articlecategory` WHERE ( `category` = '原型设计' ) LIMIT 1   [ RunTime:0.001072s ]
SQL: SELECT COUNT(*) AS tp_count FROM `hd_article` WHERE ( categoryid=6 ) LIMIT 1   [ RunTime:0.001003s ]
SQL: SELECT * FROM `hd_article` WHERE ( categoryid=6 ) ORDER BY ptime LIMIT 0,5   [ RunTime:0.000891s ]
SQL: SELECT * FROM `hd_articlecategory`  [ RunTime:0.000911s ]
SQL: SELECT * FROM `hd_article` WHERE ( 1=1 AND categoryid='1' )  [ RunTime:0.001153s ]
SQL: SELECT * FROM `hd_article` WHERE ( 1=1 AND categoryid='2' )  [ RunTime:0.001058s ]
SQL: SELECT * FROM `hd_article` WHERE ( 1=1 AND categoryid='3' )  [ RunTime:0.000973s ]
SQL: SELECT * FROM `hd_article` WHERE ( 1=1 AND categoryid='4' )  [ RunTime:0.000943s ]
SQL: SELECT * FROM `hd_article` WHERE ( 1=1 AND categoryid='5' )  [ RunTime:0.001395s ]
SQL: SELECT * FROM `hd_article` WHERE ( 1=1 AND categoryid='6' )  [ RunTime:0.001611s ]
SQL: SELECT * FROM `hd_article` WHERE ( 1=1 AND categoryid='8' )  [ RunTime:0.001068s ]
SQL: SELECT * FROM `hd_article` WHERE ( 1=1 AND categoryid='9' )  [ RunTime:0.000850s ]
SQL: SELECT * FROM `hd_article` WHERE ( 1=1 AND categoryid='10' )  [ RunTime:0.000869s ]
SQL: SELECT * FROM `hd_article` WHERE ( 1=1 AND categoryid='11' )  [ RunTime:0.000837s ]
SQL: SELECT * FROM `hd_article` WHERE ( 1=1 AND categoryid='12' )  [ RunTime:0.000803s ]
SQL: SELECT * FROM `hd_article` WHERE ( 1=1 AND categoryid='13' )  [ RunTime:0.000759s ]
SQL: SELECT * FROM `hd_article` WHERE ( 1=1 AND categoryid='14' )  [ RunTime:0.000462s ]
SQL: SELECT * FROM `hd_article` WHERE ( 1=1 AND categoryid='15' )  [ RunTime:0.000458s ]
INFO: [ view_parse ] --START--
NOTIC: [8] Undefined variable: articlelist G:\wamp\www\lexiang\Runtime\Cache\Main\55b01cdaecfc3011677ce72a3dcb1160.php 第 83 行.
INFO: ParseTemplate Behavior ::run [ RunTime:0.110765s ]
INFO: [ view_parse ] --END-- [ RunTime:0.110961s ]
INFO: [ view_filter ] --START--
INFO: ContentReplace Behavior ::run [ RunTime:0.001488s ]
INFO: TokenBuild Behavior ::run [ RunTime:0.001401s ]
INFO: WriteHtmlCache Behavior ::run [ RunTime:0.001047s ]
INFO: ShowRuntime Behavior ::run [ RunTime:0.001505s ]
INFO: [ view_filter ] --END-- [ RunTime:0.005969s ]
INFO: [ view_end ] --START--
INFO: ShowPageTrace Behavior ::run [ RunTime:0.001255s ]
INFO: [ view_end ] --END-- [ RunTime:0.001402s ]

[ 2015-02-10T14:44:43+08:00 ] 127.0.0.1 /lexiang/index.php/Main/Article/article/category/572R6aG15YmN56uv
INFO: [ route_check ] --START--
INFO: CheckRoute Behavior ::run [ RunTime:0.001468s ]
INFO: [ route_check ] --END-- [ RunTime:0.001689s ]
INFO: [ app_begin ] --START--
INFO: ReadHtmlCache Behavior ::run [ RunTime:0.001278s ]
INFO: [ app_begin ] --END-- [ RunTime:0.001451s ]
NOTIC: [8] Undefined index: _type G:\wamp\www\lexiang\ThinkPHP\Lib\Core\Model.class.php 第 579 行.
SQL: SELECT `id` FROM `hd_articlecategory` WHERE ( `category` = '网页前端' ) LIMIT 1   [ RunTime:0.000353s ]
SQL: SELECT COUNT(*) AS tp_count FROM `hd_article` WHERE ( categoryid=2 ) LIMIT 1   [ RunTime:0.000319s ]
SQL: SELECT * FROM `hd_article` WHERE ( categoryid=2 ) ORDER BY ptime LIMIT 0,5   [ RunTime:0.000418s ]
SQL: SELECT * FROM `hd_articlecategory`  [ RunTime:0.000347s ]
SQL: SELECT * FROM `hd_article` WHERE ( 1=1 AND categoryid='1' )  [ RunTime:0.000369s ]
SQL: SELECT * FROM `hd_article` WHERE ( 1=1 AND categoryid='2' )  [ RunTime:0.000345s ]
SQL: SELECT * FROM `hd_article` WHERE ( 1=1 AND categoryid='3' )  [ RunTime:0.000343s ]
SQL: SELECT * FROM `hd_article` WHERE ( 1=1 AND categoryid='4' )  [ RunTime:0.000342s ]
SQL: SELECT * FROM `hd_article` WHERE ( 1=1 AND categoryid='5' )  [ RunTime:0.000345s ]
SQL: SELECT * FROM `hd_article` WHERE ( 1=1 AND categoryid='6' )  [ RunTime:0.000356s ]
SQL: SELECT * FROM `hd_article` WHERE ( 1=1 AND categoryid='8' )  [ RunTime:0.000338s ]
SQL: SELECT * FROM `hd_article` WHERE ( 1=1 AND categoryid='9' )  [ RunTime:0.000341s ]
SQL: SELECT * FROM `hd_article` WHERE ( 1=1 AND categoryid='10' )  [ RunTime:0.001248s ]
SQL: SELECT * FROM `hd_article` WHERE ( 1=1 AND categoryid='11' )  [ RunTime:0.000580s ]
SQL: SELECT * FROM `hd_article` WHERE ( 1=1 AND categoryid='12' )  [ RunTime:0.000419s ]
SQL: SELECT * FROM `hd_article` WHERE ( 1=1 AND categoryid='13' )  [ RunTime:0.000499s ]
SQL: SELECT * FROM `hd_article` WHERE ( 1=1 AND categoryid='14' )  [ RunTime:0.000394s ]
SQL: SELECT * FROM `hd_article` WHERE ( 1=1 AND categoryid='15' )  [ RunTime:0.000317s ]
INFO: [ view_parse ] --START--
NOTIC: [8] Undefined variable: articlelist G:\wamp\www\lexiang\Runtime\Cache\Main\55b01cdaecfc3011677ce72a3dcb1160.php 第 83 行.
INFO: ParseTemplate Behavior ::run [ RunTime:0.030956s ]
INFO: [ view_parse ] --END-- [ RunTime:0.031131s ]
INFO: [ view_filter ] --START--
INFO: ContentReplace Behavior ::run [ RunTime:0.001254s ]
INFO: TokenBuild Behavior ::run [ RunTime:0.001111s ]
INFO: WriteHtmlCache Behavior ::run [ RunTime:0.000810s ]
INFO: ShowRuntime Behavior ::run [ RunTime:0.001170s ]
INFO: [ view_filter ] --END-- [ RunTime:0.004763s ]
INFO: [ view_end ] --START--
INFO: ShowPageTrace Behavior ::run [ RunTime:0.001257s ]
INFO: [ view_end ] --END-- [ RunTime:0.001400s ]

[ 2015-02-10T14:44:45+08:00 ] 127.0.0.1 /lexiang/index.php/Main/Article/article/category/UEhQK01ZU1FM
INFO: [ route_check ] --START--
INFO: CheckRoute Behavior ::run [ RunTime:0.001640s ]
INFO: [ route_check ] --END-- [ RunTime:0.001907s ]
INFO: [ app_begin ] --START--
INFO: ReadHtmlCache Behavior ::run [ RunTime:0.002753s ]
INFO: [ app_begin ] --END-- [ RunTime:0.003013s ]
NOTIC: [8] Undefined index: _type G:\wamp\www\lexiang\ThinkPHP\Lib\Core\Model.class.php 第 579 行.
SQL: SELECT `id` FROM `hd_articlecategory` WHERE ( `category` = 'PHP+MYSQL' ) LIMIT 1   [ RunTime:0.000362s ]
SQL: SELECT COUNT(*) AS tp_count FROM `hd_article` WHERE ( categoryid=13 ) LIMIT 1   [ RunTime:0.000316s ]
SQL: SELECT * FROM `hd_article` WHERE ( categoryid=13 ) ORDER BY ptime LIMIT 0,5   [ RunTime:0.000466s ]
SQL: SELECT * FROM `hd_articlecategory`  [ RunTime:0.000476s ]
SQL: SELECT * FROM `hd_article` WHERE ( 1=1 AND categoryid='1' )  [ RunTime:0.000431s ]
SQL: SELECT * FROM `hd_article` WHERE ( 1=1 AND categoryid='2' )  [ RunTime:0.000389s ]
SQL: SELECT * FROM `hd_article` WHERE ( 1=1 AND categoryid='3' )  [ RunTime:0.000384s ]
SQL: SELECT * FROM `hd_article` WHERE ( 1=1 AND categoryid='4' )  [ RunTime:0.000379s ]
SQL: SELECT * FROM `hd_article` WHERE ( 1=1 AND categoryid='5' )  [ RunTime:0.000390s ]
SQL: SELECT * FROM `hd_article` WHERE ( 1=1 AND categoryid='6' )  [ RunTime:0.000398s ]
SQL: SELECT * FROM `hd_article` WHERE ( 1=1 AND categoryid='8' )  [ RunTime:0.000391s ]
SQL: SELECT * FROM `hd_article` WHERE ( 1=1 AND categoryid='9' )  [ RunTime:0.000382s ]
SQL: SELECT * FROM `hd_article` WHERE ( 1=1 AND categoryid='10' )  [ RunTime:0.000376s ]
SQL: SELECT * FROM `hd_article` WHERE ( 1=1 AND categoryid='11' )  [ RunTime:0.000405s ]
SQL: SELECT * FROM `hd_article` WHERE ( 1=1 AND categoryid='12' )  [ RunTime:0.000383s ]
SQL: SELECT * FROM `hd_article` WHERE ( 1=1 AND categoryid='13' )  [ RunTime:0.000419s ]
SQL: SELECT * FROM `hd_article` WHERE ( 1=1 AND categoryid='14' )  [ RunTime:0.000386s ]
SQL: SELECT * FROM `hd_article` WHERE ( 1=1 AND categoryid='15' )  [ RunTime:0.000383s ]
INFO: [ view_parse ] --START--
NOTIC: [8] Undefined variable: articlelist G:\wamp\www\lexiang\Runtime\Cache\Main\55b01cdaecfc3011677ce72a3dcb1160.php 第 83 行.
INFO: ParseTemplate Behavior ::run [ RunTime:0.033271s ]
INFO: [ view_parse ] --END-- [ RunTime:0.033459s ]
INFO: [ view_filter ] --START--
INFO: ContentReplace Behavior ::run [ RunTime:0.001261s ]
INFO: TokenBuild Behavior ::run [ RunTime:0.001062s ]
INFO: WriteHtmlCache Behavior ::run [ RunTime:0.000822s ]
INFO: ShowRuntime Behavior ::run [ RunTime:0.001171s ]
INFO: [ view_filter ] --END-- [ RunTime:0.004736s ]
INFO: [ view_end ] --START--
INFO: ShowPageTrace Behavior ::run [ RunTime:0.001257s ]
INFO: [ view_end ] --END-- [ RunTime:0.001404s ]

[ 2015-02-10T14:44:58+08:00 ] 127.0.0.1 /lexiang/index.php/Admin
INFO: [ route_check ] --START--
INFO: CheckRoute Behavior ::run [ RunTime:0.001329s ]
INFO: [ route_check ] --END-- [ RunTime:0.001527s ]
INFO: [ app_begin ] --START--
INFO: ReadHtmlCache Behavior ::run [ RunTime:0.001423s ]
INFO: [ app_begin ] --END-- [ RunTime:0.001625s ]
INFO: [ view_parse ] --START--
INFO: ParseTemplate Behavior ::run [ RunTime:0.037990s ]
INFO: [ view_parse ] --END-- [ RunTime:0.038255s ]
INFO: [ view_filter ] --START--
INFO: ContentReplace Behavior ::run [ RunTime:0.001558s ]
INFO: TokenBuild Behavior ::run [ RunTime:0.001541s ]
INFO: WriteHtmlCache Behavior ::run [ RunTime:0.002522s ]
INFO: ShowRuntime Behavior ::run [ RunTime:0.001515s ]
INFO: [ view_filter ] --END-- [ RunTime:0.007783s ]
INFO: [ view_end ] --START--
INFO: ShowPageTrace Behavior ::run [ RunTime:0.002545s ]
INFO: [ view_end ] --END-- [ RunTime:0.002803s ]

[ 2015-02-10T14:45:02+08:00 ] 127.0.0.1 /lexiang/index.php/Admin/Resource/articlecategory.html?_=1423550702004
INFO: [ route_check ] --START--
INFO: CheckRoute Behavior ::run [ RunTime:0.002544s ]
INFO: [ route_check ] --END-- [ RunTime:0.002764s ]
INFO: [ app_begin ] --START--
INFO: ReadHtmlCache Behavior ::run [ RunTime:0.004975s ]
INFO: [ app_begin ] --END-- [ RunTime:0.005304s ]
SQL: SELECT * FROM `hd_articlecategory` ORDER BY pid ASC  [ RunTime:0.000533s ]
INFO: [ view_parse ] --START--
NOTIC: [8] Undefined variable: numPerPage G:\wamp\www\lexiang\Runtime\Cache\Admin\ed13e2c4711152b2085d0b7cd0be8763.php 第 3 行.
INFO: ParseTemplate Behavior ::run [ RunTime:0.033076s ]
INFO: [ view_parse ] --END-- [ RunTime:0.033439s ]
INFO: [ view_filter ] --START--
INFO: ContentReplace Behavior ::run [ RunTime:0.001589s ]
INFO: TokenBuild Behavior ::run [ RunTime:0.004665s ]
INFO: WriteHtmlCache Behavior ::run [ RunTime:0.001530s ]
INFO: ShowRuntime Behavior ::run [ RunTime:0.002583s ]
INFO: [ view_filter ] --END-- [ RunTime:0.010867s ]
INFO: [ view_end ] --START--
INFO: ShowPageTrace Behavior ::run [ RunTime:0.002161s ]
INFO: [ view_end ] --END-- [ RunTime:0.002351s ]

[ 2015-02-10T14:45:04+08:00 ] 127.0.0.1 /lexiang/index.php/Admin/Resource/article.html?_=1423550704305
INFO: [ route_check ] --START--
INFO: CheckRoute Behavior ::run [ RunTime:0.002368s ]
INFO: [ route_check ] --END-- [ RunTime:0.002611s ]
INFO: [ app_begin ] --START--
INFO: ReadHtmlCache Behavior ::run [ RunTime:0.002284s ]
INFO: [ app_begin ] --END-- [ RunTime:0.002564s ]
SQL: SELECT * FROM `hd_article` ORDER BY ptime ASC  [ RunTime:0.001281s ]
INFO: [ view_parse ] --START--
NOTIC: [8] Undefined variable: numPerPage G:\wamp\www\lexiang\Runtime\Cache\Admin\26c0343c282db6d3f6d84ef82b9dcbdd.php 第 3 行.
NOTIC: [8] Undefined index: cliks G:\wamp\www\lexiang\Runtime\Cache\Admin\26c0343c282db6d3f6d84ef82b9dcbdd.php 第 75 行.
NOTIC: [8] Undefined variable: numPerPage G:\wamp\www\lexiang\Runtime\Cache\Admin\26c0343c282db6d3f6d84ef82b9dcbdd.php 第 86 行.
NOTIC: [8] Undefined variable: numPerPage G:\wamp\www\lexiang\Runtime\Cache\Admin\26c0343c282db6d3f6d84ef82b9dcbdd.php 第 87 行.
NOTIC: [8] Undefined variable: numPerPage G:\wamp\www\lexiang\Runtime\Cache\Admin\26c0343c282db6d3f6d84ef82b9dcbdd.php 第 88 行.
NOTIC: [8] Undefined variable: numPerPage G:\wamp\www\lexiang\Runtime\Cache\Admin\26c0343c282db6d3f6d84ef82b9dcbdd.php 第 89 行.
NOTIC: [8] Undefined variable: totalCount G:\wamp\www\lexiang\Runtime\Cache\Admin\26c0343c282db6d3f6d84ef82b9dcbdd.php 第 91 行.
NOTIC: [8] Undefined variable: totalCount G:\wamp\www\lexiang\Runtime\Cache\Admin\26c0343c282db6d3f6d84ef82b9dcbdd.php 第 93 行.
NOTIC: [8] Undefined variable: numPerPage G:\wamp\www\lexiang\Runtime\Cache\Admin\26c0343c282db6d3f6d84ef82b9dcbdd.php 第 93 行.
NOTIC: [8] Undefined variable: pageNum G:\wamp\www\lexiang\Runtime\Cache\Admin\26c0343c282db6d3f6d84ef82b9dcbdd.php 第 93 行.
INFO: ParseTemplate Behavior ::run [ RunTime:0.220526s ]
INFO: [ view_parse ] --END-- [ RunTime:0.220740s ]
INFO: [ view_filter ] --START--
INFO: ContentReplace Behavior ::run [ RunTime:0.001414s ]
INFO: TokenBuild Behavior ::run [ RunTime:0.001267s ]
INFO: WriteHtmlCache Behavior ::run [ RunTime:0.001034s ]
INFO: ShowRuntime Behavior ::run [ RunTime:0.001391s ]
INFO: [ view_filter ] --END-- [ RunTime:0.005532s ]
INFO: [ view_end ] --START--
INFO: ShowPageTrace Behavior ::run [ RunTime:0.001592s ]
INFO: [ view_end ] --END-- [ RunTime:0.001740s ]

[ 2015-02-10T14:45:06+08:00 ] 127.0.0.1 /lexiang/index.php/Admin/Resource/resourcecategory.html?_=1423550706394
INFO: [ route_check ] --START--
INFO: CheckRoute Behavior ::run [ RunTime:0.002101s ]
INFO: [ route_check ] --END-- [ RunTime:0.002301s ]
INFO: [ app_begin ] --START--
INFO: ReadHtmlCache Behavior ::run [ RunTime:0.001541s ]
INFO: [ app_begin ] --END-- [ RunTime:0.001698s ]
SQL: SHOW COLUMNS FROM `hd_resourcecategory` [ RunTime:0.014708s ]
SQL: SELECT * FROM `hd_resourcecategory` ORDER BY pid ASC  [ RunTime:0.000667s ]
INFO: [ view_parse ] --START--
NOTIC: [8] Undefined variable: numPerPage G:\wamp\www\lexiang\Runtime\Cache\Admin\18d31a8740642a0a486bc3666cb62af7.php 第 3 行.
INFO: ParseTemplate Behavior ::run [ RunTime:0.024474s ]
INFO: [ view_parse ] --END-- [ RunTime:0.025029s ]
INFO: [ view_filter ] --START--
INFO: ContentReplace Behavior ::run [ RunTime:0.001395s ]
INFO: TokenBuild Behavior ::run [ RunTime:0.001456s ]
INFO: WriteHtmlCache Behavior ::run [ RunTime:0.001175s ]
INFO: ShowRuntime Behavior ::run [ RunTime:0.001505s ]
INFO: [ view_filter ] --END-- [ RunTime:0.005969s ]
INFO: [ view_end ] --START--
INFO: ShowPageTrace Behavior ::run [ RunTime:0.001609s ]
INFO: [ view_end ] --END-- [ RunTime:0.001763s ]

[ 2015-02-10T14:45:07+08:00 ] 127.0.0.1 /lexiang/index.php/Admin/Resource/article.html?_=1423550707657
INFO: [ route_check ] --START--
INFO: CheckRoute Behavior ::run [ RunTime:0.001917s ]
INFO: [ route_check ] --END-- [ RunTime:0.002137s ]
INFO: [ app_begin ] --START--
INFO: ReadHtmlCache Behavior ::run [ RunTime:0.001546s ]
INFO: [ app_begin ] --END-- [ RunTime:0.001806s ]
SQL: SELECT * FROM `hd_article` ORDER BY ptime ASC  [ RunTime:0.000574s ]
INFO: [ view_parse ] --START--
NOTIC: [8] Undefined variable: numPerPage G:\wamp\www\lexiang\Runtime\Cache\Admin\26c0343c282db6d3f6d84ef82b9dcbdd.php 第 3 行.
NOTIC: [8] Undefined index: cliks G:\wamp\www\lexiang\Runtime\Cache\Admin\26c0343c282db6d3f6d84ef82b9dcbdd.php 第 75 行.
NOTIC: [8] Undefined variable: numPerPage G:\wamp\www\lexiang\Runtime\Cache\Admin\26c0343c282db6d3f6d84ef82b9dcbdd.php 第 86 行.
NOTIC: [8] Undefined variable: numPerPage G:\wamp\www\lexiang\Runtime\Cache\Admin\26c0343c282db6d3f6d84ef82b9dcbdd.php 第 87 行.
NOTIC: [8] Undefined variable: numPerPage G:\wamp\www\lexiang\Runtime\Cache\Admin\26c0343c282db6d3f6d84ef82b9dcbdd.php 第 88 行.
NOTIC: [8] Undefined variable: numPerPage G:\wamp\www\lexiang\Runtime\Cache\Admin\26c0343c282db6d3f6d84ef82b9dcbdd.php 第 89 行.
NOTIC: [8] Undefined variable: totalCount G:\wamp\www\lexiang\Runtime\Cache\Admin\26c0343c282db6d3f6d84ef82b9dcbdd.php 第 91 行.
NOTIC: [8] Undefined variable: totalCount G:\wamp\www\lexiang\Runtime\Cache\Admin\26c0343c282db6d3f6d84ef82b9dcbdd.php 第 93 行.
NOTIC: [8] Undefined variable: numPerPage G:\wamp\www\lexiang\Runtime\Cache\Admin\26c0343c282db6d3f6d84ef82b9dcbdd.php 第 93 行.
NOTIC: [8] Undefined variable: pageNum G:\wamp\www\lexiang\Runtime\Cache\Admin\26c0343c282db6d3f6d84ef82b9dcbdd.php 第 93 行.
INFO: ParseTemplate Behavior ::run [ RunTime:0.029829s ]
INFO: [ view_parse ] --END-- [ RunTime:0.030046s ]
INFO: [ view_filter ] --START--
INFO: ContentReplace Behavior ::run [ RunTime:0.001790s ]
INFO: TokenBuild Behavior ::run [ RunTime:0.001392s ]
INFO: WriteHtmlCache Behavior ::run [ RunTime:0.001125s ]
INFO: ShowRuntime Behavior ::run [ RunTime:0.001431s ]
INFO: [ view_filter ] --END-- [ RunTime:0.006180s ]
INFO: [ view_end ] --START--
INFO: ShowPageTrace Behavior ::run [ RunTime:0.003738s ]
INFO: [ view_end ] --END-- [ RunTime:0.003893s ]

[ 2015-02-10T14:45:11+08:00 ] 127.0.0.1 /lexiang/index.php/Admin/Resource/resourcecategory.html?_=1423550711277
INFO: [ route_check ] --START--
INFO: CheckRoute Behavior ::run [ RunTime:0.001976s ]
INFO: [ route_check ] --END-- [ RunTime:0.002167s ]
INFO: [ app_begin ] --START--
INFO: ReadHtmlCache Behavior ::run [ RunTime:0.002109s ]
INFO: [ app_begin ] --END-- [ RunTime:0.002309s ]
SQL: SHOW COLUMNS FROM `hd_resourcecategory` [ RunTime:0.008537s ]
SQL: SELECT * FROM `hd_resourcecategory` ORDER BY pid ASC  [ RunTime:0.000620s ]
INFO: [ view_parse ] --START--
NOTIC: [8] Undefined variable: numPerPage G:\wamp\www\lexiang\Runtime\Cache\Admin\18d31a8740642a0a486bc3666cb62af7.php 第 3 行.
INFO: ParseTemplate Behavior ::run [ RunTime:0.028488s ]
INFO: [ view_parse ] --END-- [ RunTime:0.028689s ]
INFO: [ view_filter ] --START--
INFO: ContentReplace Behavior ::run [ RunTime:0.001671s ]
INFO: TokenBuild Behavior ::run [ RunTime:0.001406s ]
INFO: WriteHtmlCache Behavior ::run [ RunTime:0.001241s ]
INFO: ShowRuntime Behavior ::run [ RunTime:0.003140s ]
INFO: [ view_filter ] --END-- [ RunTime:0.008023s ]
INFO: [ view_end ] --START--
INFO: ShowPageTrace Behavior ::run [ RunTime:0.005571s ]
INFO: [ view_end ] --END-- [ RunTime:0.005742s ]

[ 2015-02-10T14:45:13+08:00 ] 127.0.0.1 /lexiang/index.php/Admin/Resource/resource.html?_=1423550712270
INFO: [ route_check ] --START--
INFO: CheckRoute Behavior ::run [ RunTime:0.002661s ]
INFO: [ route_check ] --END-- [ RunTime:0.003011s ]
INFO: [ app_begin ] --START--
INFO: ReadHtmlCache Behavior ::run [ RunTime:0.002907s ]
INFO: [ app_begin ] --END-- [ RunTime:0.003170s ]
NOTIC: [8] Use of undefined constant BELONGS_TO - assumed 'BELONGS_TO' G:\wamp\www\lexiang\ThinkPHP\Common\common.php 第 399 行.
NOTIC: [8] Use of undefined constant BELONGS_TO - assumed 'BELONGS_TO' G:\wamp\www\lexiang\ThinkPHP\Common\common.php 第 399 行.
SQL: SELECT * FROM `hd_resource` ORDER BY id ASC  [ RunTime:0.000733s ]
INFO: [ view_parse ] --START--
NOTIC: [8] Undefined variable: numPerPage G:\wamp\www\lexiang\Runtime\Cache\Admin\ec6c3557b7cddbd4b27a624ff847335d.php 第 3 行.
NOTIC: [8] Undefined index: cliks G:\wamp\www\lexiang\Runtime\Cache\Admin\ec6c3557b7cddbd4b27a624ff847335d.php 第 75 行.
NOTIC: [8] Undefined index: cliks G:\wamp\www\lexiang\Runtime\Cache\Admin\ec6c3557b7cddbd4b27a624ff847335d.php 第 75 行.
NOTIC: [8] Undefined variable: numPerPage G:\wamp\www\lexiang\Runtime\Cache\Admin\ec6c3557b7cddbd4b27a624ff847335d.php 第 86 行.
NOTIC: [8] Undefined variable: numPerPage G:\wamp\www\lexiang\Runtime\Cache\Admin\ec6c3557b7cddbd4b27a624ff847335d.php 第 87 行.
NOTIC: [8] Undefined variable: numPerPage G:\wamp\www\lexiang\Runtime\Cache\Admin\ec6c3557b7cddbd4b27a624ff847335d.php 第 88 行.
NOTIC: [8] Undefined variable: numPerPage G:\wamp\www\lexiang\Runtime\Cache\Admin\ec6c3557b7cddbd4b27a624ff847335d.php 第 89 行.
NOTIC: [8] Undefined variable: totalCount G:\wamp\www\lexiang\Runtime\Cache\Admin\ec6c3557b7cddbd4b27a624ff847335d.php 第 91 行.
NOTIC: [8] Undefined variable: totalCount G:\wamp\www\lexiang\Runtime\Cache\Admin\ec6c3557b7cddbd4b27a624ff847335d.php 第 93 行.
NOTIC: [8] Undefined variable: numPerPage G:\wamp\www\lexiang\Runtime\Cache\Admin\ec6c3557b7cddbd4b27a624ff847335d.php 第 93 行.
NOTIC: [8] Undefined variable: pageNum G:\wamp\www\lexiang\Runtime\Cache\Admin\ec6c3557b7cddbd4b27a624ff847335d.php 第 93 行.
INFO: ParseTemplate Behavior ::run [ RunTime:0.173543s ]
INFO: [ view_parse ] --END-- [ RunTime:0.173899s ]
INFO: [ view_filter ] --START--
INFO: ContentReplace Behavior ::run [ RunTime:0.002183s ]
INFO: TokenBuild Behavior ::run [ RunTime:0.001857s ]
INFO: WriteHtmlCache Behavior ::run [ RunTime:0.001521s ]
INFO: ShowRuntime Behavior ::run [ RunTime:0.002098s ]
INFO: [ view_filter ] --END-- [ RunTime:0.008313s ]
INFO: [ view_end ] --START--
INFO: ShowPageTrace Behavior ::run [ RunTime:0.002399s ]
INFO: [ view_end ] --END-- [ RunTime:0.002623s ]

[ 2015-02-10T14:45:14+08:00 ] 127.0.0.1 /lexiang/index.php/Admin?_=1423550714745
INFO: [ route_check ] --START--
INFO: CheckRoute Behavior ::run [ RunTime:0.002707s ]
INFO: [ route_check ] --END-- [ RunTime:0.002941s ]
INFO: [ app_begin ] --START--
INFO: ReadHtmlCache Behavior ::run [ RunTime:0.001681s ]
INFO: [ app_begin ] --END-- [ RunTime:0.001870s ]
INFO: [ view_parse ] --START--
INFO: ParseTemplate Behavior ::run [ RunTime:0.122331s ]
INFO: [ view_parse ] --END-- [ RunTime:0.122520s ]
INFO: [ view_filter ] --START--
INFO: ContentReplace Behavior ::run [ RunTime:0.002705s ]
INFO: TokenBuild Behavior ::run [ RunTime:0.001427s ]
INFO: WriteHtmlCache Behavior ::run [ RunTime:0.001050s ]
INFO: ShowRuntime Behavior ::run [ RunTime:0.001371s ]
INFO: [ view_filter ] --END-- [ RunTime:0.007005s ]
INFO: [ view_end ] --START--
INFO: ShowPageTrace Behavior ::run [ RunTime:0.001440s ]
INFO: [ view_end ] --END-- [ RunTime:0.001577s ]

[ 2015-02-10T14:45:22+08:00 ] 127.0.0.1 /lexiang/index.php/Admin
INFO: [ route_check ] --START--
INFO: CheckRoute Behavior ::run [ RunTime:0.001672s ]
INFO: [ route_check ] --END-- [ RunTime:0.001868s ]
INFO: [ app_begin ] --START--
INFO: ReadHtmlCache Behavior ::run [ RunTime:0.001873s ]
INFO: [ app_begin ] --END-- [ RunTime:0.002065s ]
INFO: [ view_parse ] --START--
INFO: ParseTemplate Behavior ::run [ RunTime:0.021794s ]
INFO: [ view_parse ] --END-- [ RunTime:0.022032s ]
INFO: [ view_filter ] --START--
INFO: ContentReplace Behavior ::run [ RunTime:0.001164s ]
INFO: TokenBuild Behavior ::run [ RunTime:0.001060s ]
INFO: WriteHtmlCache Behavior ::run [ RunTime:0.000855s ]
INFO: ShowRuntime Behavior ::run [ RunTime:0.001186s ]
INFO: [ view_filter ] --END-- [ RunTime:0.004701s ]
INFO: [ view_end ] --START--
INFO: ShowPageTrace Behavior ::run [ RunTime:0.001304s ]
INFO: [ view_end ] --END-- [ RunTime:0.001457s ]

[ 2015-02-10T14:45:24+08:00 ] 127.0.0.1 /lexiang/index.php/Admin/Resource/articlecategory.html?_=1423550724223
INFO: [ route_check ] --START--
INFO: CheckRoute Behavior ::run [ RunTime:0.002220s ]
INFO: [ route_check ] --END-- [ RunTime:0.002464s ]
INFO: [ app_begin ] --START--
INFO: ReadHtmlCache Behavior ::run [ RunTime:0.001321s ]
INFO: [ app_begin ] --END-- [ RunTime:0.001472s ]
SQL: SELECT * FROM `hd_articlecategory` ORDER BY pid ASC  [ RunTime:0.000529s ]
INFO: [ view_parse ] --START--
NOTIC: [8] Undefined variable: numPerPage G:\wamp\www\lexiang\Runtime\Cache\Admin\ed13e2c4711152b2085d0b7cd0be8763.php 第 3 行.
INFO: ParseTemplate Behavior ::run [ RunTime:0.077853s ]
INFO: [ view_parse ] --END-- [ RunTime:0.078042s ]
INFO: [ view_filter ] --START--
INFO: ContentReplace Behavior ::run [ RunTime:0.001358s ]
INFO: TokenBuild Behavior ::run [ RunTime:0.001133s ]
INFO: WriteHtmlCache Behavior ::run [ RunTime:0.001944s ]
INFO: ShowRuntime Behavior ::run [ RunTime:0.002477s ]
INFO: [ view_filter ] --END-- [ RunTime:0.007529s ]
INFO: [ view_end ] --START--
INFO: ShowPageTrace Behavior ::run [ RunTime:0.001489s ]
INFO: [ view_end ] --END-- [ RunTime:0.001638s ]

[ 2015-02-10T14:45:31+08:00 ] 127.0.0.1 /lexiang/index.php/Admin/Resource/addarticlecategory.html?_=1423550730936
INFO: [ route_check ] --START--
INFO: CheckRoute Behavior ::run [ RunTime:0.002376s ]
INFO: [ route_check ] --END-- [ RunTime:0.002678s ]
INFO: [ app_begin ] --START--
INFO: ReadHtmlCache Behavior ::run [ RunTime:0.003884s ]
INFO: [ app_begin ] --END-- [ RunTime:0.004072s ]
SQL: SELECT * FROM `hd_articlecategory` ORDER BY pid ASC  [ RunTime:0.000561s ]
INFO: [ view_parse ] --START--
INFO: ParseTemplate Behavior ::run [ RunTime:0.141477s ]
INFO: [ view_parse ] --END-- [ RunTime:0.141791s ]
INFO: [ view_filter ] --START--
INFO: ContentReplace Behavior ::run [ RunTime:0.001546s ]
INFO: TokenBuild Behavior ::run [ RunTime:0.003035s ]
INFO: WriteHtmlCache Behavior ::run [ RunTime:0.001108s ]
INFO: ShowRuntime Behavior ::run [ RunTime:0.001879s ]
INFO: [ view_filter ] --END-- [ RunTime:0.008375s ]
INFO: [ view_end ] --START--
INFO: ShowPageTrace Behavior ::run [ RunTime:0.002033s ]
INFO: [ view_end ] --END-- [ RunTime:0.002327s ]

[ 2015-02-10T14:45:50+08:00 ] 127.0.0.1 /lexiang/
INFO: [ app_begin ] --START--
INFO: ReadHtmlCache Behavior ::run [ RunTime:0.001329s ]
INFO: [ app_begin ] --END-- [ RunTime:0.001573s ]
NOTIC: [8] Undefined index: _type G:\wamp\www\lexiang\ThinkPHP\Lib\Core\Model.class.php 第 579 行.
SQL: SELECT * FROM `hd_article` WHERE ( `state` = 1 ) LIMIT 7   [ RunTime:0.000642s ]
SQL: SELECT * FROM `hd_resource` WHERE ( state=0 ) LIMIT 7   [ RunTime:0.000446s ]
SQL: SELECT * FROM `hd_article` LIMIT 20   [ RunTime:0.000406s ]
SQL: SELECT * FROM `hd_article` WHERE ( categoryid=5 ) LIMIT 7   [ RunTime:0.000396s ]
SQL: SELECT COUNT(*) AS tp_count FROM `hd_article` LIMIT 1   [ RunTime:0.000332s ]
SQL: SELECT * FROM `hd_article` LIMIT 1   [ RunTime:0.000399s ]
SQL: SELECT * FROM `hd_article` WHERE ( categoryid=13 ) LIMIT 7   [ RunTime:0.000432s ]
INFO: [ view_parse ] --START--
INFO: ParseTemplate Behavior ::run [ RunTime:0.059835s ]
INFO: [ view_parse ] --END-- [ RunTime:0.060026s ]
INFO: [ view_filter ] --START--
INFO: ContentReplace Behavior ::run [ RunTime:0.001180s ]
INFO: TokenBuild Behavior ::run [ RunTime:0.001070s ]
INFO: WriteHtmlCache Behavior ::run [ RunTime:0.000872s ]
INFO: ShowRuntime Behavior ::run [ RunTime:0.001167s ]
INFO: [ view_filter ] --END-- [ RunTime:0.004698s ]
INFO: [ view_end ] --START--
INFO: ShowPageTrace Behavior ::run [ RunTime:0.001361s ]
INFO: [ view_end ] --END-- [ RunTime:0.001503s ]

[ 2015-02-10T14:45:54+08:00 ] 127.0.0.1 /lexiang/index.php/Main/Article/readarticle?id=1
INFO: [ route_check ] --START--
INFO: CheckRoute Behavior ::run [ RunTime:0.002047s ]
INFO: [ route_check ] --END-- [ RunTime:0.002239s ]
INFO: [ app_begin ] --START--
INFO: ReadHtmlCache Behavior ::run [ RunTime:0.001590s ]
INFO: [ app_begin ] --END-- [ RunTime:0.001758s ]
NOTIC: [8] Undefined index: _type G:\wamp\www\lexiang\ThinkPHP\Lib\Core\Model.class.php 第 579 行.
SQL: SELECT * FROM `hd_article` WHERE ( `id` = 1 ) LIMIT 1   [ RunTime:0.000582s ]
SQL: SELECT * FROM `hd_articlecategory`  [ RunTime:0.000389s ]
INFO: [ view_parse ] --START--
NOTIC: [8] Undefined index: article G:\wamp\www\lexiang\Runtime\Cache\Main\99cb8e87c84ebfdf453c3de8c03e2a6e.php 第 82 行.
NOTIC: [8] Undefined index: article G:\wamp\www\lexiang\Runtime\Cache\Main\99cb8e87c84ebfdf453c3de8c03e2a6e.php 第 82 行.
NOTIC: [8] Undefined index: article G:\wamp\www\lexiang\Runtime\Cache\Main\99cb8e87c84ebfdf453c3de8c03e2a6e.php 第 82 行.
NOTIC: [8] Undefined index: article G:\wamp\www\lexiang\Runtime\Cache\Main\99cb8e87c84ebfdf453c3de8c03e2a6e.php 第 82 行.
NOTIC: [8] Undefined index: article G:\wamp\www\lexiang\Runtime\Cache\Main\99cb8e87c84ebfdf453c3de8c03e2a6e.php 第 82 行.
NOTIC: [8] Undefined index: article G:\wamp\www\lexiang\Runtime\Cache\Main\99cb8e87c84ebfdf453c3de8c03e2a6e.php 第 82 行.
NOTIC: [8] Undefined index: article G:\wamp\www\lexiang\Runtime\Cache\Main\99cb8e87c84ebfdf453c3de8c03e2a6e.php 第 82 行.
NOTIC: [8] Undefined index: article G:\wamp\www\lexiang\Runtime\Cache\Main\99cb8e87c84ebfdf453c3de8c03e2a6e.php 第 82 行.
NOTIC: [8] Undefined index: article G:\wamp\www\lexiang\Runtime\Cache\Main\99cb8e87c84ebfdf453c3de8c03e2a6e.php 第 82 行.
NOTIC: [8] Undefined index: article G:\wamp\www\lexiang\Runtime\Cache\Main\99cb8e87c84ebfdf453c3de8c03e2a6e.php 第 82 行.
NOTIC: [8] Undefined index: article G:\wamp\www\lexiang\Runtime\Cache\Main\99cb8e87c84ebfdf453c3de8c03e2a6e.php 第 82 行.
NOTIC: [8] Undefined index: article G:\wamp\www\lexiang\Runtime\Cache\Main\99cb8e87c84ebfdf453c3de8c03e2a6e.php 第 82 行.
NOTIC: [8] Undefined index: article G:\wamp\www\lexiang\Runtime\Cache\Main\99cb8e87c84ebfdf453c3de8c03e2a6e.php 第 82 行.
NOTIC: [8] Undefined index: article G:\wamp\www\lexiang\Runtime\Cache\Main\99cb8e87c84ebfdf453c3de8c03e2a6e.php 第 82 行.
INFO: ParseTemplate Behavior ::run [ RunTime:0.025185s ]
INFO: [ view_parse ] --END-- [ RunTime:0.025353s ]
INFO: [ view_filter ] --START--
INFO: ContentReplace Behavior ::run [ RunTime:0.001359s ]
INFO: TokenBuild Behavior ::run [ RunTime:0.001131s ]
INFO: WriteHtmlCache Behavior ::run [ RunTime:0.000736s ]
INFO: ShowRuntime Behavior ::run [ RunTime:0.001184s ]
INFO: [ view_filter ] --END-- [ RunTime:0.004826s ]
INFO: [ view_end ] --START--
INFO: ShowPageTrace Behavior ::run [ RunTime:0.001272s ]
INFO: [ view_end ] --END-- [ RunTime:0.001426s ]

[ 2015-02-10T14:45:54+08:00 ] 127.0.0.1 /lexiang/index.php/Main/Article/readarticle?id=1
INFO: [ route_check ] --START--
INFO: CheckRoute Behavior ::run [ RunTime:0.002168s ]
INFO: [ route_check ] --END-- [ RunTime:0.002418s ]
INFO: [ app_begin ] --START--
INFO: ReadHtmlCache Behavior ::run [ RunTime:0.001896s ]
INFO: [ app_begin ] --END-- [ RunTime:0.002088s ]
NOTIC: [8] Undefined index: _type G:\wamp\www\lexiang\ThinkPHP\Lib\Core\Model.class.php 第 579 行.
SQL: SELECT * FROM `hd_article` WHERE ( `id` = 1 ) LIMIT 1   [ RunTime:0.000532s ]
SQL: SELECT * FROM `hd_articlecategory`  [ RunTime:0.000367s ]
INFO: [ view_parse ] --START--
NOTIC: [8] Undefined index: article G:\wamp\www\lexiang\Runtime\Cache\Main\99cb8e87c84ebfdf453c3de8c03e2a6e.php 第 82 行.
NOTIC: [8] Undefined index: article G:\wamp\www\lexiang\Runtime\Cache\Main\99cb8e87c84ebfdf453c3de8c03e2a6e.php 第 82 行.
NOTIC: [8] Undefined index: article G:\wamp\www\lexiang\Runtime\Cache\Main\99cb8e87c84ebfdf453c3de8c03e2a6e.php 第 82 行.
NOTIC: [8] Undefined index: article G:\wamp\www\lexiang\Runtime\Cache\Main\99cb8e87c84ebfdf453c3de8c03e2a6e.php 第 82 行.
NOTIC: [8] Undefined index: article G:\wamp\www\lexiang\Runtime\Cache\Main\99cb8e87c84ebfdf453c3de8c03e2a6e.php 第 82 行.
NOTIC: [8] Undefined index: article G:\wamp\www\lexiang\Runtime\Cache\Main\99cb8e87c84ebfdf453c3de8c03e2a6e.php 第 82 行.
NOTIC: [8] Undefined index: article G:\wamp\www\lexiang\Runtime\Cache\Main\99cb8e87c84ebfdf453c3de8c03e2a6e.php 第 82 行.
NOTIC: [8] Undefined index: article G:\wamp\www\lexiang\Runtime\Cache\Main\99cb8e87c84ebfdf453c3de8c03e2a6e.php 第 82 行.
NOTIC: [8] Undefined index: article G:\wamp\www\lexiang\Runtime\Cache\Main\99cb8e87c84ebfdf453c3de8c03e2a6e.php 第 82 行.
NOTIC: [8] Undefined index: article G:\wamp\www\lexiang\Runtime\Cache\Main\99cb8e87c84ebfdf453c3de8c03e2a6e.php 第 82 行.
NOTIC: [8] Undefined index: article G:\wamp\www\lexiang\Runtime\Cache\Main\99cb8e87c84ebfdf453c3de8c03e2a6e.php 第 82 行.
NOTIC: [8] Undefined index: article G:\wamp\www\lexiang\Runtime\Cache\Main\99cb8e87c84ebfdf453c3de8c03e2a6e.php 第 82 行.
NOTIC: [8] Undefined index: article G:\wamp\www\lexiang\Runtime\Cache\Main\99cb8e87c84ebfdf453c3de8c03e2a6e.php 第 82 行.
NOTIC: [8] Undefined index: article G:\wamp\www\lexiang\Runtime\Cache\Main\99cb8e87c84ebfdf453c3de8c03e2a6e.php 第 82 行.
INFO: ParseTemplate Behavior ::run [ RunTime:0.024501s ]
INFO: [ view_parse ] --END-- [ RunTime:0.024670s ]
INFO: [ view_filter ] --START--
INFO: ContentReplace Behavior ::run [ RunTime:0.001871s ]
INFO: TokenBuild Behavior ::run [ RunTime:0.001499s ]
INFO: WriteHtmlCache Behavior ::run [ RunTime:0.000818s ]
INFO: ShowRuntime Behavior ::run [ RunTime:0.001111s ]
INFO: [ view_filter ] --END-- [ RunTime:0.005880s ]
INFO: [ view_end ] --START--
INFO: ShowPageTrace Behavior ::run [ RunTime:0.001167s ]
INFO: [ view_end ] --END-- [ RunTime:0.001315s ]

[ 2015-02-10T14:46:05+08:00 ] 127.0.0.1 /lexiang/index.php/Admin/Resource/article.html?_=1423550764897
INFO: [ route_check ] --START--
INFO: CheckRoute Behavior ::run [ RunTime:0.002141s ]
INFO: [ route_check ] --END-- [ RunTime:0.002362s ]
INFO: [ app_begin ] --START--
INFO: ReadHtmlCache Behavior ::run [ RunTime:0.001818s ]
INFO: [ app_begin ] --END-- [ RunTime:0.002167s ]
SQL: SELECT * FROM `hd_article` ORDER BY ptime ASC  [ RunTime:0.000709s ]
INFO: [ view_parse ] --START--
NOTIC: [8] Undefined variable: numPerPage G:\wamp\www\lexiang\Runtime\Cache\Admin\26c0343c282db6d3f6d84ef82b9dcbdd.php 第 3 行.
NOTIC: [8] Undefined index: cliks G:\wamp\www\lexiang\Runtime\Cache\Admin\26c0343c282db6d3f6d84ef82b9dcbdd.php 第 75 行.
NOTIC: [8] Undefined variable: numPerPage G:\wamp\www\lexiang\Runtime\Cache\Admin\26c0343c282db6d3f6d84ef82b9dcbdd.php 第 86 行.
NOTIC: [8] Undefined variable: numPerPage G:\wamp\www\lexiang\Runtime\Cache\Admin\26c0343c282db6d3f6d84ef82b9dcbdd.php 第 87 行.
NOTIC: [8] Undefined variable: numPerPage G:\wamp\www\lexiang\Runtime\Cache\Admin\26c0343c282db6d3f6d84ef82b9dcbdd.php 第 88 行.
NOTIC: [8] Undefined variable: numPerPage G:\wamp\www\lexiang\Runtime\Cache\Admin\26c0343c282db6d3f6d84ef82b9dcbdd.php 第 89 行.
NOTIC: [8] Undefined variable: totalCount G:\wamp\www\lexiang\Runtime\Cache\Admin\26c0343c282db6d3f6d84ef82b9dcbdd.php 第 91 行.
NOTIC: [8] Undefined variable: totalCount G:\wamp\www\lexiang\Runtime\Cache\Admin\26c0343c282db6d3f6d84ef82b9dcbdd.php 第 93 行.
NOTIC: [8] Undefined variable: numPerPage G:\wamp\www\lexiang\Runtime\Cache\Admin\26c0343c282db6d3f6d84ef82b9dcbdd.php 第 93 行.
NOTIC: [8] Undefined variable: pageNum G:\wamp\www\lexiang\Runtime\Cache\Admin\26c0343c282db6d3f6d84ef82b9dcbdd.php 第 93 行.
INFO: ParseTemplate Behavior ::run [ RunTime:0.115907s ]
INFO: [ view_parse ] --END-- [ RunTime:0.116096s ]
INFO: [ view_filter ] --START--
INFO: ContentReplace Behavior ::run [ RunTime:0.001243s ]
INFO: TokenBuild Behavior ::run [ RunTime:0.001970s ]
INFO: WriteHtmlCache Behavior ::run [ RunTime:0.001672s ]
INFO: ShowRuntime Behavior ::run [ RunTime:0.001135s ]
INFO: [ view_filter ] --END-- [ RunTime:0.006711s ]
INFO: [ view_end ] --START--
INFO: ShowPageTrace Behavior ::run [ RunTime:0.001215s ]
INFO: [ view_end ] --END-- [ RunTime:0.001339s ]

[ 2015-02-10T14:46:09+08:00 ] 127.0.0.1 /lexiang/index.php/Admin/Resource/articlecategory.html?_=1423550768871
INFO: [ route_check ] --START--
INFO: CheckRoute Behavior ::run [ RunTime:0.001970s ]
INFO: [ route_check ] --END-- [ RunTime:0.002203s ]
INFO: [ app_begin ] --START--
INFO: ReadHtmlCache Behavior ::run [ RunTime:0.001263s ]
INFO: [ app_begin ] --END-- [ RunTime:0.001421s ]
SQL: SELECT * FROM `hd_articlecategory` ORDER BY pid ASC  [ RunTime:0.000520s ]
INFO: [ view_parse ] --START--
NOTIC: [8] Undefined variable: numPerPage G:\wamp\www\lexiang\Runtime\Cache\Admin\ed13e2c4711152b2085d0b7cd0be8763.php 第 3 行.
INFO: ParseTemplate Behavior ::run [ RunTime:0.020443s ]
INFO: [ view_parse ] --END-- [ RunTime:0.020825s ]
INFO: [ view_filter ] --START--
INFO: ContentReplace Behavior ::run [ RunTime:0.002189s ]
INFO: TokenBuild Behavior ::run [ RunTime:0.001573s ]
INFO: WriteHtmlCache Behavior ::run [ RunTime:0.000982s ]
INFO: ShowRuntime Behavior ::run [ RunTime:0.003897s ]
INFO: [ view_filter ] --END-- [ RunTime:0.009220s ]
INFO: [ view_end ] --START--
INFO: ShowPageTrace Behavior ::run [ RunTime:0.001414s ]
INFO: [ view_end ] --END-- [ RunTime:0.001565s ]

[ 2015-02-10T14:46:20+08:00 ] 127.0.0.1 /lexiang/index.php/Admin/Resource/modifyarticle?id={sid_user}
INFO: [ route_check ] --START--
INFO: CheckRoute Behavior ::run [ RunTime:0.001523s ]
INFO: [ route_check ] --END-- [ RunTime:0.001714s ]
INFO: [ app_begin ] --START--
INFO: ReadHtmlCache Behavior ::run [ RunTime:0.001132s ]
INFO: [ app_begin ] --END-- [ RunTime:0.001293s ]
ERR: 非法操作:modifyarticle

[ 2015-02-10T14:46:20+08:00 ] 127.0.0.1 /lexiang/index.php/Admin/Resource/modifyarticle?id=3&_=1423550780074
INFO: [ route_check ] --START--
INFO: CheckRoute Behavior ::run [ RunTime:0.001633s ]
INFO: [ route_check ] --END-- [ RunTime:0.001833s ]
INFO: [ app_begin ] --START--
INFO: ReadHtmlCache Behavior ::run [ RunTime:0.001580s ]
INFO: [ app_begin ] --END-- [ RunTime:0.001761s ]
ERR: 非法操作:modifyarticle

[ 2015-02-10T14:46:27+08:00 ] 127.0.0.1 /lexiang/index.php/Admin
INFO: [ route_check ] --START--
INFO: CheckRoute Behavior ::run [ RunTime:0.001505s ]
INFO: [ route_check ] --END-- [ RunTime:0.001695s ]
INFO: [ app_begin ] --START--
INFO: ReadHtmlCache Behavior ::run [ RunTime:0.001347s ]
INFO: [ app_begin ] --END-- [ RunTime:0.001537s ]
INFO: [ view_parse ] --START--
INFO: ParseTemplate Behavior ::run [ RunTime:0.096410s ]
INFO: [ view_parse ] --END-- [ RunTime:0.096677s ]
INFO: [ view_filter ] --START--
INFO: ContentReplace Behavior ::run [ RunTime:0.002223s ]
INFO: TokenBuild Behavior ::run [ RunTime:0.002064s ]
INFO: WriteHtmlCache Behavior ::run [ RunTime:0.001179s ]
INFO: ShowRuntime Behavior ::run [ RunTime:0.001676s ]
INFO: [ view_filter ] --END-- [ RunTime:0.007886s ]
INFO: [ view_end ] --START--
INFO: ShowPageTrace Behavior ::run [ RunTime:0.002027s ]
INFO: [ view_end ] --END-- [ RunTime:0.002238s ]

[ 2015-02-10T14:46:30+08:00 ] 127.0.0.1 /lexiang/index.php/Admin/Resource/articlecategory.html?_=1423550790021
INFO: [ route_check ] --START--
INFO: CheckRoute Behavior ::run [ RunTime:0.001686s ]
INFO: [ route_check ] --END-- [ RunTime:0.001939s ]
INFO: [ app_begin ] --START--
INFO: ReadHtmlCache Behavior ::run [ RunTime:0.001961s ]
INFO: [ app_begin ] --END-- [ RunTime:0.002162s ]
SQL: SELECT * FROM `hd_articlecategory` ORDER BY pid ASC  [ RunTime:0.000612s ]
INFO: [ view_parse ] --START--
NOTIC: [8] Undefined variable: numPerPage G:\wamp\www\lexiang\Runtime\Cache\Admin\ed13e2c4711152b2085d0b7cd0be8763.php 第 3 行.
INFO: ParseTemplate Behavior ::run [ RunTime:0.027649s ]
INFO: [ view_parse ] --END-- [ RunTime:0.027889s ]
INFO: [ view_filter ] --START--
INFO: ContentReplace Behavior ::run [ RunTime:0.001901s ]
INFO: TokenBuild Behavior ::run [ RunTime:0.001778s ]
INFO: WriteHtmlCache Behavior ::run [ RunTime:0.001382s ]
INFO: ShowRuntime Behavior ::run [ RunTime:0.001529s ]
INFO: [ view_filter ] --END-- [ RunTime:0.007162s ]
INFO: [ view_end ] --START--
INFO: ShowPageTrace Behavior ::run [ RunTime:0.001579s ]
INFO: [ view_end ] --END-- [ RunTime:0.001722s ]

