[ 2015-04-21T14:11:44+08:00 ] 127.0.0.1 /lexiang/
INFO: [ app_begin ] --START--
INFO: ReadHtmlCache Behavior ::run [ RunTime:0.006769s ]
INFO: [ app_begin ] --END-- [ RunTime:0.008627s ]
NOTIC: [8] Undefined index: _type G:\wamp\www\lexiang\ThinkPHP\Lib\Core\Model.class.php 第 579 行.
SQL: SELECT * FROM `hd_article` WHERE ( `state` = 1 ) LIMIT 7   [ RunTime:0.077459s ]
SQL: SELECT * FROM `hd_resource` WHERE ( state=0 ) LIMIT 7   [ RunTime:0.006015s ]
SQL: SELECT * FROM `hd_article` LIMIT 20   [ RunTime:0.000844s ]
SQL: SELECT * FROM `hd_article` WHERE ( categoryid=5 ) LIMIT 7   [ RunTime:0.000730s ]
SQL: SELECT COUNT(*) AS tp_count FROM `hd_article` LIMIT 1   [ RunTime:0.002071s ]
SQL: SELECT * FROM `hd_article` LIMIT 1   [ RunTime:0.000771s ]
SQL: SELECT * FROM `hd_article` WHERE ( categoryid=13 ) LIMIT 7   [ RunTime:0.000847s ]
INFO: [ view_parse ] --START--
INFO: ParseTemplate Behavior ::run [ RunTime:0.166161s ]
INFO: [ view_parse ] --END-- [ RunTime:0.166440s ]
INFO: [ view_filter ] --START--
INFO: ContentReplace Behavior ::run [ RunTime:0.015413s ]
INFO: TokenBuild Behavior ::run [ RunTime:0.003499s ]
INFO: WriteHtmlCache Behavior ::run [ RunTime:0.001537s ]
INFO: ShowRuntime Behavior ::run [ RunTime:0.003872s ]
INFO: [ view_filter ] --END-- [ RunTime:0.024971s ]
INFO: [ view_end ] --START--
INFO: ShowPageTrace Behavior ::run [ RunTime:0.001881s ]
INFO: [ view_end ] --END-- [ RunTime:0.002042s ]

