[ 2015-03-23T00:21:13+08:00 ] 127.0.0.1 /lexiang/index.php/Main
INFO: [ route_check ] --START--
INFO: CheckRoute Behavior ::run [ RunTime:0.009827s ]
INFO: [ route_check ] --END-- [ RunTime:0.070122s ]
INFO: [ app_begin ] --START--
INFO: ReadHtmlCache Behavior ::run [ RunTime:0.002326s ]
INFO: [ app_begin ] --END-- [ RunTime:0.002524s ]
NOTIC: [8] Undefined index: _type G:\wamp\www\lexiang\ThinkPHP\Lib\Core\Model.class.php 第 579 行.
SQL: SELECT * FROM `hd_article` WHERE ( `state` = 1 ) LIMIT 7   [ RunTime:0.071166s ]
SQL: SELECT * FROM `hd_resource` WHERE ( state=0 ) LIMIT 7   [ RunTime:0.011589s ]
SQL: SELECT * FROM `hd_article` LIMIT 20   [ RunTime:0.000605s ]
SQL: SELECT * FROM `hd_article` WHERE ( categoryid=5 ) LIMIT 7   [ RunTime:0.000535s ]
SQL: SELECT COUNT(*) AS tp_count FROM `hd_article` LIMIT 1   [ RunTime:0.053238s ]
SQL: SELECT * FROM `hd_article` LIMIT 1   [ RunTime:0.000571s ]
SQL: SELECT * FROM `hd_article` WHERE ( categoryid=13 ) LIMIT 7   [ RunTime:0.000548s ]
INFO: [ view_parse ] --START--
INFO: ParseTemplate Behavior ::run [ RunTime:0.136943s ]
INFO: [ view_parse ] --END-- [ RunTime:0.137230s ]
INFO: [ view_filter ] --START--
INFO: ContentReplace Behavior ::run [ RunTime:0.001730s ]
INFO: TokenBuild Behavior ::run [ RunTime:0.001540s ]
INFO: WriteHtmlCache Behavior ::run [ RunTime:0.001263s ]
INFO: ShowRuntime Behavior ::run [ RunTime:0.001679s ]
INFO: [ view_filter ] --END-- [ RunTime:0.006631s ]
INFO: [ view_end ] --START--
INFO: ShowPageTrace Behavior ::run [ RunTime:0.002084s ]
INFO: [ view_end ] --END-- [ RunTime:0.002254s ]

[ 2015-03-23T00:21:24+08:00 ] 127.0.0.1 /lexiang/index.php/Main/Article/article/category/UGhvdG9TaG9w5oqA5pyv.html
INFO: [ route_check ] --START--
INFO: CheckRoute Behavior ::run [ RunTime:0.001361s ]
INFO: [ route_check ] --END-- [ RunTime:0.001549s ]
INFO: [ app_begin ] --START--
INFO: ReadHtmlCache Behavior ::run [ RunTime:0.001068s ]
INFO: [ app_begin ] --END-- [ RunTime:0.001226s ]
NOTIC: [8] Undefined index: _type G:\wamp\www\lexiang\ThinkPHP\Lib\Core\Model.class.php 第 579 行.
SQL: SELECT `id` FROM `hd_articlecategory` WHERE ( `category` = 'PhotoShop技术' ) LIMIT 1   [ RunTime:0.021145s ]
SQL: SELECT COUNT(*) AS tp_count FROM `hd_article` WHERE ( categoryid=8 ) LIMIT 1   [ RunTime:0.000831s ]
SQL: SELECT * FROM `hd_article` WHERE ( categoryid=8 ) ORDER BY ptime LIMIT 0,5   [ RunTime:0.051183s ]
SQL: SELECT * FROM `hd_articlecategory`  [ RunTime:0.001211s ]
SQL: SELECT * FROM `hd_article` WHERE ( 1=1 AND categoryid='1' )  [ RunTime:0.180230s ]
SQL: SELECT * FROM `hd_article` WHERE ( 1=1 AND categoryid='2' )  [ RunTime:0.001157s ]
SQL: SELECT * FROM `hd_article` WHERE ( 1=1 AND categoryid='3' )  [ RunTime:0.001041s ]
SQL: SELECT * FROM `hd_article` WHERE ( 1=1 AND categoryid='4' )  [ RunTime:0.001051s ]
SQL: SELECT * FROM `hd_article` WHERE ( 1=1 AND categoryid='5' )  [ RunTime:0.001289s ]
SQL: SELECT * FROM `hd_article` WHERE ( 1=1 AND categoryid='6' )  [ RunTime:0.001386s ]
SQL: SELECT * FROM `hd_article` WHERE ( 1=1 AND categoryid='8' )  [ RunTime:0.001465s ]
SQL: SELECT * FROM `hd_article` WHERE ( 1=1 AND categoryid='9' )  [ RunTime:0.001189s ]
SQL: SELECT * FROM `hd_article` WHERE ( 1=1 AND categoryid='10' )  [ RunTime:0.000936s ]
SQL: SELECT * FROM `hd_article` WHERE ( 1=1 AND categoryid='11' )  [ RunTime:0.001002s ]
SQL: SELECT * FROM `hd_article` WHERE ( 1=1 AND categoryid='12' )  [ RunTime:0.000728s ]
SQL: SELECT * FROM `hd_article` WHERE ( 1=1 AND categoryid='13' )  [ RunTime:0.000751s ]
SQL: SELECT * FROM `hd_article` WHERE ( 1=1 AND categoryid='14' )  [ RunTime:0.000614s ]
SQL: SELECT * FROM `hd_article` WHERE ( 1=1 AND categoryid='15' )  [ RunTime:0.001561s ]
INFO: [ view_parse ] --START--
NOTIC: [8] Undefined variable: articlelist G:\wamp\www\lexiang\Runtime\Cache\Main\55b01cdaecfc3011677ce72a3dcb1160.php 第 83 行.
INFO: ParseTemplate Behavior ::run [ RunTime:0.084210s ]
INFO: [ view_parse ] --END-- [ RunTime:0.084435s ]
INFO: [ view_filter ] --START--
INFO: ContentReplace Behavior ::run [ RunTime:0.000949s ]
INFO: TokenBuild Behavior ::run [ RunTime:0.000901s ]
INFO: WriteHtmlCache Behavior ::run [ RunTime:0.001603s ]
INFO: ShowRuntime Behavior ::run [ RunTime:0.001502s ]
INFO: [ view_filter ] --END-- [ RunTime:0.005580s ]
INFO: [ view_end ] --START--
INFO: ShowPageTrace Behavior ::run [ RunTime:0.001240s ]
INFO: [ view_end ] --END-- [ RunTime:0.001414s ]

[ 2015-03-23T00:21:33+08:00 ] 127.0.0.1 /lexiang/index.php/Main/Article/article/category/SkFWQStNWVNRTA%3D%3D.html
INFO: [ route_check ] --START--
INFO: CheckRoute Behavior ::run [ RunTime:0.001272s ]
INFO: [ route_check ] --END-- [ RunTime:0.001675s ]
INFO: [ app_begin ] --START--
INFO: ReadHtmlCache Behavior ::run [ RunTime:0.001345s ]
INFO: [ app_begin ] --END-- [ RunTime:0.001765s ]
NOTIC: [8] Undefined index: _type G:\wamp\www\lexiang\ThinkPHP\Lib\Core\Model.class.php 第 579 行.
SQL: SELECT `id` FROM `hd_articlecategory` WHERE ( `category` = 'JAVA+MYSQL' ) LIMIT 1   [ RunTime:0.000542s ]
SQL: SELECT COUNT(*) AS tp_count FROM `hd_article` WHERE ( categoryid=14 ) LIMIT 1   [ RunTime:0.000412s ]
SQL: SELECT * FROM `hd_article` WHERE ( categoryid=14 ) ORDER BY ptime LIMIT 0,5   [ RunTime:0.000445s ]
SQL: SELECT * FROM `hd_articlecategory`  [ RunTime:0.000387s ]
SQL: SELECT * FROM `hd_article` WHERE ( 1=1 AND categoryid='1' )  [ RunTime:0.000420s ]
SQL: SELECT * FROM `hd_article` WHERE ( 1=1 AND categoryid='2' )  [ RunTime:0.000405s ]
SQL: SELECT * FROM `hd_article` WHERE ( 1=1 AND categoryid='3' )  [ RunTime:0.000415s ]
SQL: SELECT * FROM `hd_article` WHERE ( 1=1 AND categoryid='4' )  [ RunTime:0.000412s ]
SQL: SELECT * FROM `hd_article` WHERE ( 1=1 AND categoryid='5' )  [ RunTime:0.000506s ]
SQL: SELECT * FROM `hd_article` WHERE ( 1=1 AND categoryid='6' )  [ RunTime:0.000422s ]
SQL: SELECT * FROM `hd_article` WHERE ( 1=1 AND categoryid='8' )  [ RunTime:0.000404s ]
SQL: SELECT * FROM `hd_article` WHERE ( 1=1 AND categoryid='9' )  [ RunTime:0.000433s ]
SQL: SELECT * FROM `hd_article` WHERE ( 1=1 AND categoryid='10' )  [ RunTime:0.000392s ]
SQL: SELECT * FROM `hd_article` WHERE ( 1=1 AND categoryid='11' )  [ RunTime:0.000393s ]
SQL: SELECT * FROM `hd_article` WHERE ( 1=1 AND categoryid='12' )  [ RunTime:0.000387s ]
SQL: SELECT * FROM `hd_article` WHERE ( 1=1 AND categoryid='13' )  [ RunTime:0.000439s ]
SQL: SELECT * FROM `hd_article` WHERE ( 1=1 AND categoryid='14' )  [ RunTime:0.000320s ]
SQL: SELECT * FROM `hd_article` WHERE ( 1=1 AND categoryid='15' )  [ RunTime:0.000319s ]
INFO: [ view_parse ] --START--
NOTIC: [8] Undefined variable: articlelist G:\wamp\www\lexiang\Runtime\Cache\Main\55b01cdaecfc3011677ce72a3dcb1160.php 第 83 行.
INFO: ParseTemplate Behavior ::run [ RunTime:0.031433s ]
INFO: [ view_parse ] --END-- [ RunTime:0.031588s ]
INFO: [ view_filter ] --START--
INFO: ContentReplace Behavior ::run [ RunTime:0.000965s ]
INFO: TokenBuild Behavior ::run [ RunTime:0.000799s ]
INFO: WriteHtmlCache Behavior ::run [ RunTime:0.000580s ]
INFO: ShowRuntime Behavior ::run [ RunTime:0.000876s ]
INFO: [ view_filter ] --END-- [ RunTime:0.003605s ]
INFO: [ view_end ] --START--
INFO: ShowPageTrace Behavior ::run [ RunTime:0.000960s ]
INFO: [ view_end ] --END-- [ RunTime:0.001098s ]

[ 2015-03-23T00:21:34+08:00 ] 127.0.0.1 /lexiang/index.php/Main/Article/article/category/572R56uZ562W5YiS.html
INFO: [ route_check ] --START--
INFO: CheckRoute Behavior ::run [ RunTime:0.001346s ]
INFO: [ route_check ] --END-- [ RunTime:0.001544s ]
INFO: [ app_begin ] --START--
INFO: ReadHtmlCache Behavior ::run [ RunTime:0.000980s ]
INFO: [ app_begin ] --END-- [ RunTime:0.001150s ]
NOTIC: [8] Undefined index: _type G:\wamp\www\lexiang\ThinkPHP\Lib\Core\Model.class.php 第 579 行.
SQL: SELECT `id` FROM `hd_articlecategory` WHERE ( `category` = '网站策划' ) LIMIT 1   [ RunTime:0.000453s ]
SQL: SELECT COUNT(*) AS tp_count FROM `hd_article` WHERE ( categoryid=4 ) LIMIT 1   [ RunTime:0.000334s ]
SQL: SELECT * FROM `hd_article` WHERE ( categoryid=4 ) ORDER BY ptime LIMIT 0,5   [ RunTime:0.000363s ]
SQL: SELECT * FROM `hd_articlecategory`  [ RunTime:0.000316s ]
SQL: SELECT * FROM `hd_article` WHERE ( 1=1 AND categoryid='1' )  [ RunTime:0.000338s ]
SQL: SELECT * FROM `hd_article` WHERE ( 1=1 AND categoryid='2' )  [ RunTime:0.000317s ]
SQL: SELECT * FROM `hd_article` WHERE ( 1=1 AND categoryid='3' )  [ RunTime:0.000311s ]
SQL: SELECT * FROM `hd_article` WHERE ( 1=1 AND categoryid='4' )  [ RunTime:0.000316s ]
SQL: SELECT * FROM `hd_article` WHERE ( 1=1 AND categoryid='5' )  [ RunTime:0.000306s ]
SQL: SELECT * FROM `hd_article` WHERE ( 1=1 AND categoryid='6' )  [ RunTime:0.000376s ]
SQL: SELECT * FROM `hd_article` WHERE ( 1=1 AND categoryid='8' )  [ RunTime:0.000328s ]
SQL: SELECT * FROM `hd_article` WHERE ( 1=1 AND categoryid='9' )  [ RunTime:0.000315s ]
SQL: SELECT * FROM `hd_article` WHERE ( 1=1 AND categoryid='10' )  [ RunTime:0.000307s ]
SQL: SELECT * FROM `hd_article` WHERE ( 1=1 AND categoryid='11' )  [ RunTime:0.000308s ]
SQL: SELECT * FROM `hd_article` WHERE ( 1=1 AND categoryid='12' )  [ RunTime:0.000299s ]
SQL: SELECT * FROM `hd_article` WHERE ( 1=1 AND categoryid='13' )  [ RunTime:0.000355s ]
SQL: SELECT * FROM `hd_article` WHERE ( 1=1 AND categoryid='14' )  [ RunTime:0.000281s ]
SQL: SELECT * FROM `hd_article` WHERE ( 1=1 AND categoryid='15' )  [ RunTime:0.000265s ]
INFO: [ view_parse ] --START--
NOTIC: [8] Undefined variable: articlelist G:\wamp\www\lexiang\Runtime\Cache\Main\55b01cdaecfc3011677ce72a3dcb1160.php 第 83 行.
INFO: ParseTemplate Behavior ::run [ RunTime:0.026990s ]
INFO: [ view_parse ] --END-- [ RunTime:0.027149s ]
INFO: [ view_filter ] --START--
INFO: ContentReplace Behavior ::run [ RunTime:0.001042s ]
INFO: TokenBuild Behavior ::run [ RunTime:0.000926s ]
INFO: WriteHtmlCache Behavior ::run [ RunTime:0.000639s ]
INFO: ShowRuntime Behavior ::run [ RunTime:0.001212s ]
INFO: [ view_filter ] --END-- [ RunTime:0.004375s ]
INFO: [ view_end ] --START--
INFO: ShowPageTrace Behavior ::run [ RunTime:0.001495s ]
INFO: [ view_end ] --END-- [ RunTime:0.001766s ]

[ 2015-03-23T00:21:35+08:00 ] 127.0.0.1 /lexiang/index.php/Main/Article/article/category/YW5kcm9pZOW8gOWPkQ%3D%3D.html
INFO: [ route_check ] --START--
INFO: CheckRoute Behavior ::run [ RunTime:0.002875s ]
INFO: [ route_check ] --END-- [ RunTime:0.003080s ]
INFO: [ app_begin ] --START--
INFO: ReadHtmlCache Behavior ::run [ RunTime:0.001086s ]
INFO: [ app_begin ] --END-- [ RunTime:0.001259s ]
NOTIC: [8] Undefined index: _type G:\wamp\www\lexiang\ThinkPHP\Lib\Core\Model.class.php 第 579 行.
SQL: SELECT `id` FROM `hd_articlecategory` WHERE ( `category` = 'android开发' ) LIMIT 1   [ RunTime:0.000395s ]
SQL: SELECT COUNT(*) AS tp_count FROM `hd_article` WHERE ( categoryid=5 ) LIMIT 1   [ RunTime:0.000352s ]
SQL: SELECT * FROM `hd_article` WHERE ( categoryid=5 ) ORDER BY ptime LIMIT 0,5   [ RunTime:0.000470s ]
SQL: SELECT * FROM `hd_articlecategory`  [ RunTime:0.000471s ]
SQL: SELECT * FROM `hd_article` WHERE ( 1=1 AND categoryid='1' )  [ RunTime:0.000498s ]
SQL: SELECT * FROM `hd_article` WHERE ( 1=1 AND categoryid='2' )  [ RunTime:0.000367s ]
SQL: SELECT * FROM `hd_article` WHERE ( 1=1 AND categoryid='3' )  [ RunTime:0.000352s ]
SQL: SELECT * FROM `hd_article` WHERE ( 1=1 AND categoryid='4' )  [ RunTime:0.000340s ]
SQL: SELECT * FROM `hd_article` WHERE ( 1=1 AND categoryid='5' )  [ RunTime:0.000342s ]
SQL: SELECT * FROM `hd_article` WHERE ( 1=1 AND categoryid='6' )  [ RunTime:0.000348s ]
SQL: SELECT * FROM `hd_article` WHERE ( 1=1 AND categoryid='8' )  [ RunTime:0.000370s ]
SQL: SELECT * FROM `hd_article` WHERE ( 1=1 AND categoryid='9' )  [ RunTime:0.000369s ]
SQL: SELECT * FROM `hd_article` WHERE ( 1=1 AND categoryid='10' )  [ RunTime:0.000355s ]
SQL: SELECT * FROM `hd_article` WHERE ( 1=1 AND categoryid='11' )  [ RunTime:0.000340s ]
SQL: SELECT * FROM `hd_article` WHERE ( 1=1 AND categoryid='12' )  [ RunTime:0.000358s ]
SQL: SELECT * FROM `hd_article` WHERE ( 1=1 AND categoryid='13' )  [ RunTime:0.000799s ]
SQL: SELECT * FROM `hd_article` WHERE ( 1=1 AND categoryid='14' )  [ RunTime:0.000496s ]
SQL: SELECT * FROM `hd_article` WHERE ( 1=1 AND categoryid='15' )  [ RunTime:0.000359s ]
INFO: [ view_parse ] --START--
NOTIC: [8] Undefined variable: articlelist G:\wamp\www\lexiang\Runtime\Cache\Main\55b01cdaecfc3011677ce72a3dcb1160.php 第 83 行.
INFO: ParseTemplate Behavior ::run [ RunTime:0.029335s ]
INFO: [ view_parse ] --END-- [ RunTime:0.029511s ]
INFO: [ view_filter ] --START--
INFO: ContentReplace Behavior ::run [ RunTime:0.000833s ]
INFO: TokenBuild Behavior ::run [ RunTime:0.000771s ]
INFO: WriteHtmlCache Behavior ::run [ RunTime:0.000569s ]
INFO: ShowRuntime Behavior ::run [ RunTime:0.000875s ]
INFO: [ view_filter ] --END-- [ RunTime:0.003434s ]
INFO: [ view_end ] --START--
INFO: ShowPageTrace Behavior ::run [ RunTime:0.000944s ]
INFO: [ view_end ] --END-- [ RunTime:0.001081s ]

[ 2015-03-23T00:21:38+08:00 ] 127.0.0.1 /lexiang/index.php/Main/Article/article/category/UEhQK01ZU1FM
INFO: [ route_check ] --START--
INFO: CheckRoute Behavior ::run [ RunTime:0.002054s ]
INFO: [ route_check ] --END-- [ RunTime:0.002454s ]
INFO: [ app_begin ] --START--
INFO: ReadHtmlCache Behavior ::run [ RunTime:0.001029s ]
INFO: [ app_begin ] --END-- [ RunTime:0.001197s ]
NOTIC: [8] Undefined index: _type G:\wamp\www\lexiang\ThinkPHP\Lib\Core\Model.class.php 第 579 行.
SQL: SELECT `id` FROM `hd_articlecategory` WHERE ( `category` = 'PHP+MYSQL' ) LIMIT 1   [ RunTime:0.000430s ]
SQL: SELECT COUNT(*) AS tp_count FROM `hd_article` WHERE ( categoryid=13 ) LIMIT 1   [ RunTime:0.000414s ]
SQL: SELECT * FROM `hd_article` WHERE ( categoryid=13 ) ORDER BY ptime LIMIT 0,5   [ RunTime:0.000512s ]
SQL: SELECT * FROM `hd_articlecategory`  [ RunTime:0.000391s ]
SQL: SELECT * FROM `hd_article` WHERE ( 1=1 AND categoryid='1' )  [ RunTime:0.000350s ]
SQL: SELECT * FROM `hd_article` WHERE ( 1=1 AND categoryid='2' )  [ RunTime:0.000372s ]
SQL: SELECT * FROM `hd_article` WHERE ( 1=1 AND categoryid='3' )  [ RunTime:0.000336s ]
SQL: SELECT * FROM `hd_article` WHERE ( 1=1 AND categoryid='4' )  [ RunTime:0.000363s ]
SQL: SELECT * FROM `hd_article` WHERE ( 1=1 AND categoryid='5' )  [ RunTime:0.002018s ]
SQL: SELECT * FROM `hd_article` WHERE ( 1=1 AND categoryid='6' )  [ RunTime:0.003647s ]
SQL: SELECT * FROM `hd_article` WHERE ( 1=1 AND categoryid='8' )  [ RunTime:0.001119s ]
SQL: SELECT * FROM `hd_article` WHERE ( 1=1 AND categoryid='9' )  [ RunTime:0.000664s ]
SQL: SELECT * FROM `hd_article` WHERE ( 1=1 AND categoryid='10' )  [ RunTime:0.000682s ]
SQL: SELECT * FROM `hd_article` WHERE ( 1=1 AND categoryid='11' )  [ RunTime:0.000530s ]
SQL: SELECT * FROM `hd_article` WHERE ( 1=1 AND categoryid='12' )  [ RunTime:0.000484s ]
SQL: SELECT * FROM `hd_article` WHERE ( 1=1 AND categoryid='13' )  [ RunTime:0.000530s ]
SQL: SELECT * FROM `hd_article` WHERE ( 1=1 AND categoryid='14' )  [ RunTime:0.000475s ]
SQL: SELECT * FROM `hd_article` WHERE ( 1=1 AND categoryid='15' )  [ RunTime:0.000499s ]
INFO: [ view_parse ] --START--
NOTIC: [8] Undefined variable: articlelist G:\wamp\www\lexiang\Runtime\Cache\Main\55b01cdaecfc3011677ce72a3dcb1160.php 第 83 行.
INFO: ParseTemplate Behavior ::run [ RunTime:0.097544s ]
INFO: [ view_parse ] --END-- [ RunTime:0.097933s ]
INFO: [ view_filter ] --START--
INFO: ContentReplace Behavior ::run [ RunTime:0.002477s ]
INFO: TokenBuild Behavior ::run [ RunTime:0.001995s ]
INFO: WriteHtmlCache Behavior ::run [ RunTime:0.001415s ]
INFO: ShowRuntime Behavior ::run [ RunTime:0.003091s ]
INFO: [ view_filter ] --END-- [ RunTime:0.010370s ]
INFO: [ view_end ] --START--
INFO: ShowPageTrace Behavior ::run [ RunTime:0.002661s ]
INFO: [ view_end ] --END-- [ RunTime:0.003022s ]

[ 2015-03-23T00:21:41+08:00 ] 127.0.0.1 /lexiang/index.php/Main/Article/readarticle?id=1
INFO: [ route_check ] --START--
INFO: CheckRoute Behavior ::run [ RunTime:0.001993s ]
INFO: [ route_check ] --END-- [ RunTime:0.002214s ]
INFO: [ app_begin ] --START--
INFO: ReadHtmlCache Behavior ::run [ RunTime:0.001459s ]
INFO: [ app_begin ] --END-- [ RunTime:0.001640s ]
NOTIC: [8] Undefined index: _type G:\wamp\www\lexiang\ThinkPHP\Lib\Core\Model.class.php 第 579 行.
SQL: SELECT * FROM `hd_article` WHERE ( `id` = 1 ) LIMIT 1   [ RunTime:0.000570s ]
SQL: SELECT * FROM `hd_articlecategory`  [ RunTime:0.000375s ]
INFO: [ view_parse ] --START--
NOTIC: [8] Undefined index: article G:\wamp\www\lexiang\Runtime\Cache\Main\99cb8e87c84ebfdf453c3de8c03e2a6e.php 第 82 行.
NOTIC: [8] Undefined index: article G:\wamp\www\lexiang\Runtime\Cache\Main\99cb8e87c84ebfdf453c3de8c03e2a6e.php 第 82 行.
NOTIC: [8] Undefined index: article G:\wamp\www\lexiang\Runtime\Cache\Main\99cb8e87c84ebfdf453c3de8c03e2a6e.php 第 82 行.
NOTIC: [8] Undefined index: article G:\wamp\www\lexiang\Runtime\Cache\Main\99cb8e87c84ebfdf453c3de8c03e2a6e.php 第 82 行.
NOTIC: [8] Undefined index: article G:\wamp\www\lexiang\Runtime\Cache\Main\99cb8e87c84ebfdf453c3de8c03e2a6e.php 第 82 行.
NOTIC: [8] Undefined index: article G:\wamp\www\lexiang\Runtime\Cache\Main\99cb8e87c84ebfdf453c3de8c03e2a6e.php 第 82 行.
NOTIC: [8] Undefined index: article G:\wamp\www\lexiang\Runtime\Cache\Main\99cb8e87c84ebfdf453c3de8c03e2a6e.php 第 82 行.
NOTIC: [8] Undefined index: article G:\wamp\www\lexiang\Runtime\Cache\Main\99cb8e87c84ebfdf453c3de8c03e2a6e.php 第 82 行.
NOTIC: [8] Undefined index: article G:\wamp\www\lexiang\Runtime\Cache\Main\99cb8e87c84ebfdf453c3de8c03e2a6e.php 第 82 行.
NOTIC: [8] Undefined index: article G:\wamp\www\lexiang\Runtime\Cache\Main\99cb8e87c84ebfdf453c3de8c03e2a6e.php 第 82 行.
NOTIC: [8] Undefined index: article G:\wamp\www\lexiang\Runtime\Cache\Main\99cb8e87c84ebfdf453c3de8c03e2a6e.php 第 82 行.
NOTIC: [8] Undefined index: article G:\wamp\www\lexiang\Runtime\Cache\Main\99cb8e87c84ebfdf453c3de8c03e2a6e.php 第 82 行.
NOTIC: [8] Undefined index: article G:\wamp\www\lexiang\Runtime\Cache\Main\99cb8e87c84ebfdf453c3de8c03e2a6e.php 第 82 行.
NOTIC: [8] Undefined index: article G:\wamp\www\lexiang\Runtime\Cache\Main\99cb8e87c84ebfdf453c3de8c03e2a6e.php 第 82 行.
INFO: ParseTemplate Behavior ::run [ RunTime:0.024599s ]
INFO: [ view_parse ] --END-- [ RunTime:0.024754s ]
INFO: [ view_filter ] --START--
INFO: ContentReplace Behavior ::run [ RunTime:0.001023s ]
INFO: TokenBuild Behavior ::run [ RunTime:0.001058s ]
INFO: WriteHtmlCache Behavior ::run [ RunTime:0.000773s ]
INFO: ShowRuntime Behavior ::run [ RunTime:0.001126s ]
INFO: [ view_filter ] --END-- [ RunTime:0.004439s ]
INFO: [ view_end ] --START--
INFO: ShowPageTrace Behavior ::run [ RunTime:0.001191s ]
INFO: [ view_end ] --END-- [ RunTime:0.001337s ]

[ 2015-03-23T00:21:41+08:00 ] 127.0.0.1 /lexiang/index.php/Main/Article/readarticle?id=1
INFO: [ route_check ] --START--
INFO: CheckRoute Behavior ::run [ RunTime:0.001507s ]
INFO: [ route_check ] --END-- [ RunTime:0.001772s ]
INFO: [ app_begin ] --START--
INFO: ReadHtmlCache Behavior ::run [ RunTime:0.002063s ]
INFO: [ app_begin ] --END-- [ RunTime:0.002295s ]
NOTIC: [8] Undefined index: _type G:\wamp\www\lexiang\ThinkPHP\Lib\Core\Model.class.php 第 579 行.
SQL: SELECT * FROM `hd_article` WHERE ( `id` = 1 ) LIMIT 1   [ RunTime:0.000608s ]
SQL: SELECT * FROM `hd_articlecategory`  [ RunTime:0.000365s ]
INFO: [ view_parse ] --START--
NOTIC: [8] Undefined index: article G:\wamp\www\lexiang\Runtime\Cache\Main\99cb8e87c84ebfdf453c3de8c03e2a6e.php 第 82 行.
NOTIC: [8] Undefined index: article G:\wamp\www\lexiang\Runtime\Cache\Main\99cb8e87c84ebfdf453c3de8c03e2a6e.php 第 82 行.
NOTIC: [8] Undefined index: article G:\wamp\www\lexiang\Runtime\Cache\Main\99cb8e87c84ebfdf453c3de8c03e2a6e.php 第 82 行.
NOTIC: [8] Undefined index: article G:\wamp\www\lexiang\Runtime\Cache\Main\99cb8e87c84ebfdf453c3de8c03e2a6e.php 第 82 行.
NOTIC: [8] Undefined index: article G:\wamp\www\lexiang\Runtime\Cache\Main\99cb8e87c84ebfdf453c3de8c03e2a6e.php 第 82 行.
NOTIC: [8] Undefined index: article G:\wamp\www\lexiang\Runtime\Cache\Main\99cb8e87c84ebfdf453c3de8c03e2a6e.php 第 82 行.
NOTIC: [8] Undefined index: article G:\wamp\www\lexiang\Runtime\Cache\Main\99cb8e87c84ebfdf453c3de8c03e2a6e.php 第 82 行.
NOTIC: [8] Undefined index: article G:\wamp\www\lexiang\Runtime\Cache\Main\99cb8e87c84ebfdf453c3de8c03e2a6e.php 第 82 行.
NOTIC: [8] Undefined index: article G:\wamp\www\lexiang\Runtime\Cache\Main\99cb8e87c84ebfdf453c3de8c03e2a6e.php 第 82 行.
NOTIC: [8] Undefined index: article G:\wamp\www\lexiang\Runtime\Cache\Main\99cb8e87c84ebfdf453c3de8c03e2a6e.php 第 82 行.
NOTIC: [8] Undefined index: article G:\wamp\www\lexiang\Runtime\Cache\Main\99cb8e87c84ebfdf453c3de8c03e2a6e.php 第 82 行.
NOTIC: [8] Undefined index: article G:\wamp\www\lexiang\Runtime\Cache\Main\99cb8e87c84ebfdf453c3de8c03e2a6e.php 第 82 行.
NOTIC: [8] Undefined index: article G:\wamp\www\lexiang\Runtime\Cache\Main\99cb8e87c84ebfdf453c3de8c03e2a6e.php 第 82 行.
NOTIC: [8] Undefined index: article G:\wamp\www\lexiang\Runtime\Cache\Main\99cb8e87c84ebfdf453c3de8c03e2a6e.php 第 82 行.
INFO: ParseTemplate Behavior ::run [ RunTime:0.022975s ]
INFO: [ view_parse ] --END-- [ RunTime:0.023129s ]
INFO: [ view_filter ] --START--
INFO: ContentReplace Behavior ::run [ RunTime:0.002013s ]
INFO: TokenBuild Behavior ::run [ RunTime:0.001063s ]
INFO: WriteHtmlCache Behavior ::run [ RunTime:0.000630s ]
INFO: ShowRuntime Behavior ::run [ RunTime:0.000917s ]
INFO: [ view_filter ] --END-- [ RunTime:0.005058s ]
INFO: [ view_end ] --START--
INFO: ShowPageTrace Behavior ::run [ RunTime:0.000996s ]
INFO: [ view_end ] --END-- [ RunTime:0.001141s ]

[ 2015-03-23T00:21:52+08:00 ] 127.0.0.1 /lexiang/index.php/Main
INFO: [ route_check ] --START--
INFO: CheckRoute Behavior ::run [ RunTime:0.002971s ]
INFO: [ route_check ] --END-- [ RunTime:0.003214s ]
INFO: [ app_begin ] --START--
INFO: ReadHtmlCache Behavior ::run [ RunTime:0.001044s ]
INFO: [ app_begin ] --END-- [ RunTime:0.001229s ]
NOTIC: [8] Undefined index: _type G:\wamp\www\lexiang\ThinkPHP\Lib\Core\Model.class.php 第 579 行.
SQL: SELECT * FROM `hd_article` WHERE ( `state` = 1 ) LIMIT 7   [ RunTime:0.000556s ]
SQL: SELECT * FROM `hd_resource` WHERE ( state=0 ) LIMIT 7   [ RunTime:0.000406s ]
SQL: SELECT * FROM `hd_article` LIMIT 20   [ RunTime:0.000355s ]
SQL: SELECT * FROM `hd_article` WHERE ( categoryid=5 ) LIMIT 7   [ RunTime:0.000362s ]
SQL: SELECT COUNT(*) AS tp_count FROM `hd_article` LIMIT 1   [ RunTime:0.000333s ]
SQL: SELECT * FROM `hd_article` LIMIT 1   [ RunTime:0.000336s ]
SQL: SELECT * FROM `hd_article` WHERE ( categoryid=13 ) LIMIT 7   [ RunTime:0.000339s ]
INFO: [ view_parse ] --START--
INFO: ParseTemplate Behavior ::run [ RunTime:0.037230s ]
INFO: [ view_parse ] --END-- [ RunTime:0.037423s ]
INFO: [ view_filter ] --START--
INFO: ContentReplace Behavior ::run [ RunTime:0.000934s ]
INFO: TokenBuild Behavior ::run [ RunTime:0.000778s ]
INFO: WriteHtmlCache Behavior ::run [ RunTime:0.000581s ]
INFO: ShowRuntime Behavior ::run [ RunTime:0.000882s ]
INFO: [ view_filter ] --END-- [ RunTime:0.003558s ]
INFO: [ view_end ] --START--
INFO: ShowPageTrace Behavior ::run [ RunTime:0.000963s ]
INFO: [ view_end ] --END-- [ RunTime:0.001143s ]

