[ 2015-04-02T11:01:28+08:00 ] 127.0.0.1 /lexiang/
INFO: [ app_begin ] --START--
INFO: ReadHtmlCache Behavior ::run [ RunTime:0.013924s ]
INFO: [ app_begin ] --END-- [ RunTime:0.014274s ]
NOTIC: [8] Undefined index: _type G:\wamp\www\lexiang\ThinkPHP\Lib\Core\Model.class.php 第 579 行.
SQL: SELECT * FROM `hd_article` WHERE ( `state` = 1 ) LIMIT 7   [ RunTime:0.305305s ]
SQL: SELECT * FROM `hd_resource` WHERE ( state=0 ) LIMIT 7   [ RunTime:0.060211s ]
SQL: SELECT * FROM `hd_article` LIMIT 20   [ RunTime:0.003285s ]
SQL: SELECT * FROM `hd_article` WHERE ( categoryid=5 ) LIMIT 7   [ RunTime:0.000411s ]
SQL: SELECT COUNT(*) AS tp_count FROM `hd_article` LIMIT 1   [ RunTime:0.000545s ]
SQL: SELECT * FROM `hd_article` LIMIT 1   [ RunTime:0.001222s ]
SQL: SELECT * FROM `hd_article` WHERE ( categoryid=13 ) LIMIT 7   [ RunTime:0.009703s ]
INFO: [ view_parse ] --START--
INFO: ParseTemplate Behavior ::run [ RunTime:0.219096s ]
INFO: [ view_parse ] --END-- [ RunTime:0.219315s ]
INFO: [ view_filter ] --START--
INFO: ContentReplace Behavior ::run [ RunTime:0.001820s ]
INFO: TokenBuild Behavior ::run [ RunTime:0.001522s ]
INFO: WriteHtmlCache Behavior ::run [ RunTime:0.002088s ]
INFO: ShowRuntime Behavior ::run [ RunTime:0.002677s ]
INFO: [ view_filter ] --END-- [ RunTime:0.008714s ]
INFO: [ view_end ] --START--
INFO: ShowPageTrace Behavior ::run [ RunTime:0.003315s ]
INFO: [ view_end ] --END-- [ RunTime:0.003499s ]

[ 2015-04-02T11:01:37+08:00 ] 127.0.0.1 /lexiang/index.php/Main/Article/readarticle?id=1
INFO: [ route_check ] --START--
INFO: CheckRoute Behavior ::run [ RunTime:0.029719s ]
INFO: [ route_check ] --END-- [ RunTime:0.030003s ]
INFO: [ app_begin ] --START--
INFO: ReadHtmlCache Behavior ::run [ RunTime:0.002487s ]
INFO: [ app_begin ] --END-- [ RunTime:0.002822s ]
NOTIC: [8] Undefined index: _type G:\wamp\www\lexiang\ThinkPHP\Lib\Core\Model.class.php 第 579 行.
SQL: SELECT * FROM `hd_article` WHERE ( `id` = 1 ) LIMIT 1   [ RunTime:0.000474s ]
SQL: SELECT * FROM `hd_articlecategory`  [ RunTime:0.169985s ]
INFO: [ view_parse ] --START--
NOTIC: [8] Undefined index: article G:\wamp\www\lexiang\Runtime\Cache\Main\99cb8e87c84ebfdf453c3de8c03e2a6e.php 第 82 行.
NOTIC: [8] Undefined index: article G:\wamp\www\lexiang\Runtime\Cache\Main\99cb8e87c84ebfdf453c3de8c03e2a6e.php 第 82 行.
NOTIC: [8] Undefined index: article G:\wamp\www\lexiang\Runtime\Cache\Main\99cb8e87c84ebfdf453c3de8c03e2a6e.php 第 82 行.
NOTIC: [8] Undefined index: article G:\wamp\www\lexiang\Runtime\Cache\Main\99cb8e87c84ebfdf453c3de8c03e2a6e.php 第 82 行.
NOTIC: [8] Undefined index: article G:\wamp\www\lexiang\Runtime\Cache\Main\99cb8e87c84ebfdf453c3de8c03e2a6e.php 第 82 行.
NOTIC: [8] Undefined index: article G:\wamp\www\lexiang\Runtime\Cache\Main\99cb8e87c84ebfdf453c3de8c03e2a6e.php 第 82 行.
NOTIC: [8] Undefined index: article G:\wamp\www\lexiang\Runtime\Cache\Main\99cb8e87c84ebfdf453c3de8c03e2a6e.php 第 82 行.
NOTIC: [8] Undefined index: article G:\wamp\www\lexiang\Runtime\Cache\Main\99cb8e87c84ebfdf453c3de8c03e2a6e.php 第 82 行.
NOTIC: [8] Undefined index: article G:\wamp\www\lexiang\Runtime\Cache\Main\99cb8e87c84ebfdf453c3de8c03e2a6e.php 第 82 行.
NOTIC: [8] Undefined index: article G:\wamp\www\lexiang\Runtime\Cache\Main\99cb8e87c84ebfdf453c3de8c03e2a6e.php 第 82 行.
NOTIC: [8] Undefined index: article G:\wamp\www\lexiang\Runtime\Cache\Main\99cb8e87c84ebfdf453c3de8c03e2a6e.php 第 82 行.
NOTIC: [8] Undefined index: article G:\wamp\www\lexiang\Runtime\Cache\Main\99cb8e87c84ebfdf453c3de8c03e2a6e.php 第 82 行.
NOTIC: [8] Undefined index: article G:\wamp\www\lexiang\Runtime\Cache\Main\99cb8e87c84ebfdf453c3de8c03e2a6e.php 第 82 行.
NOTIC: [8] Undefined index: article G:\wamp\www\lexiang\Runtime\Cache\Main\99cb8e87c84ebfdf453c3de8c03e2a6e.php 第 82 行.
INFO: ParseTemplate Behavior ::run [ RunTime:0.110664s ]
INFO: [ view_parse ] --END-- [ RunTime:0.111075s ]
INFO: [ view_filter ] --START--
INFO: ContentReplace Behavior ::run [ RunTime:0.002477s ]
INFO: TokenBuild Behavior ::run [ RunTime:0.002610s ]
INFO: WriteHtmlCache Behavior ::run [ RunTime:0.001292s ]
INFO: ShowRuntime Behavior ::run [ RunTime:0.001774s ]
INFO: [ view_filter ] --END-- [ RunTime:0.008937s ]
INFO: [ view_end ] --START--
INFO: ShowPageTrace Behavior ::run [ RunTime:0.001860s ]
INFO: [ view_end ] --END-- [ RunTime:0.002099s ]

[ 2015-04-02T11:01:37+08:00 ] 127.0.0.1 /lexiang/index.php/Main/Article/readarticle?id=1
INFO: [ route_check ] --START--
INFO: CheckRoute Behavior ::run [ RunTime:0.001640s ]
INFO: [ route_check ] --END-- [ RunTime:0.001832s ]
INFO: [ app_begin ] --START--
INFO: ReadHtmlCache Behavior ::run [ RunTime:0.002923s ]
INFO: [ app_begin ] --END-- [ RunTime:0.003105s ]
NOTIC: [8] Undefined index: _type G:\wamp\www\lexiang\ThinkPHP\Lib\Core\Model.class.php 第 579 行.
SQL: SELECT * FROM `hd_article` WHERE ( `id` = 1 ) LIMIT 1   [ RunTime:0.000573s ]
SQL: SELECT * FROM `hd_articlecategory`  [ RunTime:0.000451s ]
INFO: [ view_parse ] --START--
NOTIC: [8] Undefined index: article G:\wamp\www\lexiang\Runtime\Cache\Main\99cb8e87c84ebfdf453c3de8c03e2a6e.php 第 82 行.
NOTIC: [8] Undefined index: article G:\wamp\www\lexiang\Runtime\Cache\Main\99cb8e87c84ebfdf453c3de8c03e2a6e.php 第 82 行.
NOTIC: [8] Undefined index: article G:\wamp\www\lexiang\Runtime\Cache\Main\99cb8e87c84ebfdf453c3de8c03e2a6e.php 第 82 行.
NOTIC: [8] Undefined index: article G:\wamp\www\lexiang\Runtime\Cache\Main\99cb8e87c84ebfdf453c3de8c03e2a6e.php 第 82 行.
NOTIC: [8] Undefined index: article G:\wamp\www\lexiang\Runtime\Cache\Main\99cb8e87c84ebfdf453c3de8c03e2a6e.php 第 82 行.
NOTIC: [8] Undefined index: article G:\wamp\www\lexiang\Runtime\Cache\Main\99cb8e87c84ebfdf453c3de8c03e2a6e.php 第 82 行.
NOTIC: [8] Undefined index: article G:\wamp\www\lexiang\Runtime\Cache\Main\99cb8e87c84ebfdf453c3de8c03e2a6e.php 第 82 行.
NOTIC: [8] Undefined index: article G:\wamp\www\lexiang\Runtime\Cache\Main\99cb8e87c84ebfdf453c3de8c03e2a6e.php 第 82 行.
NOTIC: [8] Undefined index: article G:\wamp\www\lexiang\Runtime\Cache\Main\99cb8e87c84ebfdf453c3de8c03e2a6e.php 第 82 行.
NOTIC: [8] Undefined index: article G:\wamp\www\lexiang\Runtime\Cache\Main\99cb8e87c84ebfdf453c3de8c03e2a6e.php 第 82 行.
NOTIC: [8] Undefined index: article G:\wamp\www\lexiang\Runtime\Cache\Main\99cb8e87c84ebfdf453c3de8c03e2a6e.php 第 82 行.
NOTIC: [8] Undefined index: article G:\wamp\www\lexiang\Runtime\Cache\Main\99cb8e87c84ebfdf453c3de8c03e2a6e.php 第 82 行.
NOTIC: [8] Undefined index: article G:\wamp\www\lexiang\Runtime\Cache\Main\99cb8e87c84ebfdf453c3de8c03e2a6e.php 第 82 行.
NOTIC: [8] Undefined index: article G:\wamp\www\lexiang\Runtime\Cache\Main\99cb8e87c84ebfdf453c3de8c03e2a6e.php 第 82 行.
INFO: ParseTemplate Behavior ::run [ RunTime:0.026887s ]
INFO: [ view_parse ] --END-- [ RunTime:0.027175s ]
INFO: [ view_filter ] --START--
INFO: ContentReplace Behavior ::run [ RunTime:0.001511s ]
INFO: TokenBuild Behavior ::run [ RunTime:0.000960s ]
INFO: WriteHtmlCache Behavior ::run [ RunTime:0.000617s ]
INFO: ShowRuntime Behavior ::run [ RunTime:0.000890s ]
INFO: [ view_filter ] --END-- [ RunTime:0.004491s ]
INFO: [ view_end ] --START--
INFO: ShowPageTrace Behavior ::run [ RunTime:0.000972s ]
INFO: [ view_end ] --END-- [ RunTime:0.001118s ]

[ 2015-04-02T11:01:44+08:00 ] 127.0.0.1 /lexiang/index.php/Main/Article/article/category/572R6aG15YmN56uv
INFO: [ route_check ] --START--
INFO: CheckRoute Behavior ::run [ RunTime:0.002204s ]
INFO: [ route_check ] --END-- [ RunTime:0.002437s ]
INFO: [ app_begin ] --START--
INFO: ReadHtmlCache Behavior ::run [ RunTime:0.001141s ]
INFO: [ app_begin ] --END-- [ RunTime:0.001326s ]
NOTIC: [8] Undefined index: _type G:\wamp\www\lexiang\ThinkPHP\Lib\Core\Model.class.php 第 579 行.
SQL: SELECT `id` FROM `hd_articlecategory` WHERE ( `category` = '网页前端' ) LIMIT 1   [ RunTime:0.000531s ]
SQL: SELECT COUNT(*) AS tp_count FROM `hd_article` WHERE ( categoryid=2 ) LIMIT 1   [ RunTime:0.000462s ]
SQL: SELECT * FROM `hd_article` WHERE ( categoryid=2 ) ORDER BY ptime LIMIT 0,5   [ RunTime:0.000500s ]
SQL: SELECT * FROM `hd_articlecategory`  [ RunTime:0.000383s ]
SQL: SELECT * FROM `hd_article` WHERE ( 1=1 AND categoryid='1' )  [ RunTime:0.000431s ]
SQL: SELECT * FROM `hd_article` WHERE ( 1=1 AND categoryid='2' )  [ RunTime:0.000392s ]
SQL: SELECT * FROM `hd_article` WHERE ( 1=1 AND categoryid='3' )  [ RunTime:0.000387s ]
SQL: SELECT * FROM `hd_article` WHERE ( 1=1 AND categoryid='4' )  [ RunTime:0.000386s ]
SQL: SELECT * FROM `hd_article` WHERE ( 1=1 AND categoryid='5' )  [ RunTime:0.000504s ]
SQL: SELECT * FROM `hd_article` WHERE ( 1=1 AND categoryid='6' )  [ RunTime:0.000818s ]
SQL: SELECT * FROM `hd_article` WHERE ( 1=1 AND categoryid='8' )  [ RunTime:0.000684s ]
SQL: SELECT * FROM `hd_article` WHERE ( 1=1 AND categoryid='9' )  [ RunTime:0.000681s ]
SQL: SELECT * FROM `hd_article` WHERE ( 1=1 AND categoryid='10' )  [ RunTime:0.000478s ]
SQL: SELECT * FROM `hd_article` WHERE ( 1=1 AND categoryid='11' )  [ RunTime:0.000472s ]
SQL: SELECT * FROM `hd_article` WHERE ( 1=1 AND categoryid='12' )  [ RunTime:0.000871s ]
SQL: SELECT * FROM `hd_article` WHERE ( 1=1 AND categoryid='13' )  [ RunTime:0.000640s ]
SQL: SELECT * FROM `hd_article` WHERE ( 1=1 AND categoryid='14' )  [ RunTime:0.000457s ]
SQL: SELECT * FROM `hd_article` WHERE ( 1=1 AND categoryid='15' )  [ RunTime:0.000435s ]
INFO: [ view_parse ] --START--
NOTIC: [8] Undefined variable: articlelist G:\wamp\www\lexiang\Runtime\Cache\Main\55b01cdaecfc3011677ce72a3dcb1160.php 第 83 行.
INFO: ParseTemplate Behavior ::run [ RunTime:0.154598s ]
INFO: [ view_parse ] --END-- [ RunTime:0.154761s ]
INFO: [ view_filter ] --START--
INFO: ContentReplace Behavior ::run [ RunTime:0.001646s ]
INFO: TokenBuild Behavior ::run [ RunTime:0.001268s ]
INFO: WriteHtmlCache Behavior ::run [ RunTime:0.001004s ]
INFO: ShowRuntime Behavior ::run [ RunTime:0.001132s ]
INFO: [ view_filter ] --END-- [ RunTime:0.005558s ]
INFO: [ view_end ] --START--
INFO: ShowPageTrace Behavior ::run [ RunTime:0.000975s ]
INFO: [ view_end ] --END-- [ RunTime:0.001116s ]

[ 2015-04-02T11:01:46+08:00 ] 127.0.0.1 /lexiang/index.php/Main/Article/article/category/anF1ZXJ554m55pWI
INFO: [ route_check ] --START--
INFO: CheckRoute Behavior ::run [ RunTime:0.001585s ]
INFO: [ route_check ] --END-- [ RunTime:0.001845s ]
INFO: [ app_begin ] --START--
INFO: ReadHtmlCache Behavior ::run [ RunTime:0.001722s ]
INFO: [ app_begin ] --END-- [ RunTime:0.001997s ]
NOTIC: [8] Undefined index: _type G:\wamp\www\lexiang\ThinkPHP\Lib\Core\Model.class.php 第 579 行.
SQL: SELECT `id` FROM `hd_articlecategory` WHERE ( `category` = 'jquery特效' ) LIMIT 1   [ RunTime:0.000409s ]
SQL: SELECT COUNT(*) AS tp_count FROM `hd_article` WHERE ( categoryid=11 ) LIMIT 1   [ RunTime:0.000364s ]
SQL: SELECT * FROM `hd_article` WHERE ( categoryid=11 ) ORDER BY ptime LIMIT 0,5   [ RunTime:0.000433s ]
SQL: SELECT * FROM `hd_articlecategory`  [ RunTime:0.000381s ]
SQL: SELECT * FROM `hd_article` WHERE ( 1=1 AND categoryid='1' )  [ RunTime:0.000417s ]
SQL: SELECT * FROM `hd_article` WHERE ( 1=1 AND categoryid='2' )  [ RunTime:0.000348s ]
SQL: SELECT * FROM `hd_article` WHERE ( 1=1 AND categoryid='3' )  [ RunTime:0.000342s ]
SQL: SELECT * FROM `hd_article` WHERE ( 1=1 AND categoryid='4' )  [ RunTime:0.000346s ]
SQL: SELECT * FROM `hd_article` WHERE ( 1=1 AND categoryid='5' )  [ RunTime:0.000333s ]
SQL: SELECT * FROM `hd_article` WHERE ( 1=1 AND categoryid='6' )  [ RunTime:0.000337s ]
SQL: SELECT * FROM `hd_article` WHERE ( 1=1 AND categoryid='8' )  [ RunTime:0.000362s ]
SQL: SELECT * FROM `hd_article` WHERE ( 1=1 AND categoryid='9' )  [ RunTime:0.000355s ]
SQL: SELECT * FROM `hd_article` WHERE ( 1=1 AND categoryid='10' )  [ RunTime:0.000338s ]
SQL: SELECT * FROM `hd_article` WHERE ( 1=1 AND categoryid='11' )  [ RunTime:0.000340s ]
SQL: SELECT * FROM `hd_article` WHERE ( 1=1 AND categoryid='12' )  [ RunTime:0.000333s ]
SQL: SELECT * FROM `hd_article` WHERE ( 1=1 AND categoryid='13' )  [ RunTime:0.000385s ]
SQL: SELECT * FROM `hd_article` WHERE ( 1=1 AND categoryid='14' )  [ RunTime:0.000412s ]
SQL: SELECT * FROM `hd_article` WHERE ( 1=1 AND categoryid='15' )  [ RunTime:0.000376s ]
INFO: [ view_parse ] --START--
NOTIC: [8] Undefined variable: articlelist G:\wamp\www\lexiang\Runtime\Cache\Main\55b01cdaecfc3011677ce72a3dcb1160.php 第 83 行.
INFO: ParseTemplate Behavior ::run [ RunTime:0.030827s ]
INFO: [ view_parse ] --END-- [ RunTime:0.031007s ]
INFO: [ view_filter ] --START--
INFO: ContentReplace Behavior ::run [ RunTime:0.000859s ]
INFO: TokenBuild Behavior ::run [ RunTime:0.000769s ]
INFO: WriteHtmlCache Behavior ::run [ RunTime:0.000675s ]
INFO: ShowRuntime Behavior ::run [ RunTime:0.000894s ]
INFO: [ view_filter ] --END-- [ RunTime:0.003591s ]
INFO: [ view_end ] --START--
INFO: ShowPageTrace Behavior ::run [ RunTime:0.000945s ]
INFO: [ view_end ] --END-- [ RunTime:0.001082s ]

[ 2015-04-02T11:01:48+08:00 ] 127.0.0.1 /lexiang/index.php/Main
INFO: [ route_check ] --START--
INFO: CheckRoute Behavior ::run [ RunTime:0.001261s ]
INFO: [ route_check ] --END-- [ RunTime:0.001440s ]
INFO: [ app_begin ] --START--
INFO: ReadHtmlCache Behavior ::run [ RunTime:0.000915s ]
INFO: [ app_begin ] --END-- [ RunTime:0.001065s ]
NOTIC: [8] Undefined index: _type G:\wamp\www\lexiang\ThinkPHP\Lib\Core\Model.class.php 第 579 行.
SQL: SELECT * FROM `hd_article` WHERE ( `state` = 1 ) LIMIT 7   [ RunTime:0.000550s ]
SQL: SELECT * FROM `hd_resource` WHERE ( state=0 ) LIMIT 7   [ RunTime:0.001214s ]
SQL: SELECT * FROM `hd_article` LIMIT 20   [ RunTime:0.000518s ]
SQL: SELECT * FROM `hd_article` WHERE ( categoryid=5 ) LIMIT 7   [ RunTime:0.000339s ]
SQL: SELECT COUNT(*) AS tp_count FROM `hd_article` LIMIT 1   [ RunTime:0.000281s ]
SQL: SELECT * FROM `hd_article` LIMIT 1   [ RunTime:0.000325s ]
SQL: SELECT * FROM `hd_article` WHERE ( categoryid=13 ) LIMIT 7   [ RunTime:0.000360s ]
INFO: [ view_parse ] --START--
INFO: ParseTemplate Behavior ::run [ RunTime:0.035525s ]
INFO: [ view_parse ] --END-- [ RunTime:0.035712s ]
INFO: [ view_filter ] --START--
INFO: ContentReplace Behavior ::run [ RunTime:0.000969s ]
INFO: TokenBuild Behavior ::run [ RunTime:0.000797s ]
INFO: WriteHtmlCache Behavior ::run [ RunTime:0.000575s ]
INFO: ShowRuntime Behavior ::run [ RunTime:0.000876s ]
INFO: [ view_filter ] --END-- [ RunTime:0.003615s ]
INFO: [ view_end ] --START--
INFO: ShowPageTrace Behavior ::run [ RunTime:0.000955s ]
INFO: [ view_end ] --END-- [ RunTime:0.001093s ]

[ 2015-04-02T11:03:02+08:00 ] 127.0.0.1 /lexiang/index.php/Admin
INFO: [ route_check ] --START--
INFO: CheckRoute Behavior ::run [ RunTime:0.001316s ]
INFO: [ route_check ] --END-- [ RunTime:0.001504s ]
INFO: [ app_begin ] --START--
INFO: ReadHtmlCache Behavior ::run [ RunTime:0.001327s ]
INFO: [ app_begin ] --END-- [ RunTime:0.001589s ]
INFO: [ view_parse ] --START--
INFO: ParseTemplate Behavior ::run [ RunTime:0.308730s ]
INFO: [ view_parse ] --END-- [ RunTime:0.309091s ]
INFO: [ view_filter ] --START--
INFO: ContentReplace Behavior ::run [ RunTime:0.002225s ]
INFO: TokenBuild Behavior ::run [ RunTime:0.001976s ]
INFO: WriteHtmlCache Behavior ::run [ RunTime:0.001477s ]
INFO: ShowRuntime Behavior ::run [ RunTime:0.002287s ]
INFO: [ view_filter ] --END-- [ RunTime:0.008963s ]
INFO: [ view_end ] --START--
INFO: ShowPageTrace Behavior ::run [ RunTime:0.002519s ]
INFO: [ view_end ] --END-- [ RunTime:0.002866s ]

[ 2015-04-02T11:03:09+08:00 ] 127.0.0.1 /lexiang/index.php/Admin/Resource/articlecategory.html?_=1427943786457
INFO: [ route_check ] --START--
INFO: CheckRoute Behavior ::run [ RunTime:0.001849s ]
INFO: [ route_check ] --END-- [ RunTime:0.002223s ]
INFO: [ app_begin ] --START--
INFO: ReadHtmlCache Behavior ::run [ RunTime:0.001251s ]
INFO: [ app_begin ] --END-- [ RunTime:0.001410s ]
SQL: SELECT * FROM `hd_articlecategory` ORDER BY pid ASC  [ RunTime:0.001203s ]
INFO: [ view_parse ] --START--
NOTIC: [8] Undefined variable: numPerPage G:\wamp\www\lexiang\Runtime\Cache\Admin\ed13e2c4711152b2085d0b7cd0be8763.php 第 3 行.
INFO: ParseTemplate Behavior ::run [ RunTime:0.144135s ]
INFO: [ view_parse ] --END-- [ RunTime:0.144394s ]
INFO: [ view_filter ] --START--
INFO: ContentReplace Behavior ::run [ RunTime:0.001416s ]
INFO: TokenBuild Behavior ::run [ RunTime:0.001352s ]
INFO: WriteHtmlCache Behavior ::run [ RunTime:0.002413s ]
INFO: ShowRuntime Behavior ::run [ RunTime:0.003282s ]
INFO: [ view_filter ] --END-- [ RunTime:0.009018s ]
INFO: [ view_end ] --START--
INFO: ShowPageTrace Behavior ::run [ RunTime:0.001635s ]
INFO: [ view_end ] --END-- [ RunTime:0.001810s ]

[ 2015-04-02T11:03:17+08:00 ] 127.0.0.1 /lexiang/index.php/Admin/Resource/addarticlecategory.html?_=1427943795327
INFO: [ route_check ] --START--
INFO: CheckRoute Behavior ::run [ RunTime:0.001652s ]
INFO: [ route_check ] --END-- [ RunTime:0.001880s ]
INFO: [ app_begin ] --START--
INFO: ReadHtmlCache Behavior ::run [ RunTime:0.001109s ]
INFO: [ app_begin ] --END-- [ RunTime:0.001270s ]
SQL: SELECT * FROM `hd_articlecategory` ORDER BY pid ASC  [ RunTime:0.000499s ]
INFO: [ view_parse ] --START--
INFO: ParseTemplate Behavior ::run [ RunTime:1.173092s ]
INFO: [ view_parse ] --END-- [ RunTime:1.173365s ]
INFO: [ view_filter ] --START--
INFO: ContentReplace Behavior ::run [ RunTime:0.000936s ]
INFO: TokenBuild Behavior ::run [ RunTime:0.000795s ]
INFO: WriteHtmlCache Behavior ::run [ RunTime:0.000596s ]
INFO: ShowRuntime Behavior ::run [ RunTime:0.001484s ]
INFO: [ view_filter ] --END-- [ RunTime:0.004405s ]
INFO: [ view_end ] --START--
INFO: ShowPageTrace Behavior ::run [ RunTime:0.001510s ]
INFO: [ view_end ] --END-- [ RunTime:0.001717s ]

[ 2015-04-02T11:04:30+08:00 ] 127.0.0.1 /lexiang/index.php/Admin/User/usercategory.html?_=1427943869535
INFO: [ route_check ] --START--
INFO: CheckRoute Behavior ::run [ RunTime:0.001390s ]
INFO: [ route_check ] --END-- [ RunTime:0.001580s ]
INFO: [ app_begin ] --START--
INFO: ReadHtmlCache Behavior ::run [ RunTime:0.001053s ]
INFO: [ app_begin ] --END-- [ RunTime:0.001197s ]
SQL: SHOW COLUMNS FROM `hd_usercategory` [ RunTime:0.209240s ]
SQL: SELECT * FROM `hd_usercategory`  [ RunTime:0.001040s ]
INFO: [ view_parse ] --START--
NOTIC: [8] Undefined variable: numPerPage G:\wamp\www\lexiang\Runtime\Cache\Admin\bfd0230637988633af0a0e46058bf91b.php 第 3 行.
INFO: ParseTemplate Behavior ::run [ RunTime:0.139653s ]
INFO: [ view_parse ] --END-- [ RunTime:0.139990s ]
INFO: [ view_filter ] --START--
INFO: ContentReplace Behavior ::run [ RunTime:0.001011s ]
INFO: TokenBuild Behavior ::run [ RunTime:0.000848s ]
INFO: WriteHtmlCache Behavior ::run [ RunTime:0.000599s ]
INFO: ShowRuntime Behavior ::run [ RunTime:0.000958s ]
INFO: [ view_filter ] --END-- [ RunTime:0.003817s ]
INFO: [ view_end ] --START--
INFO: ShowPageTrace Behavior ::run [ RunTime:0.001156s ]
INFO: [ view_end ] --END-- [ RunTime:0.001304s ]

[ 2015-04-02T11:04:32+08:00 ] 127.0.0.1 /lexiang/index.php/Admin/User/user.html?_=1427943872147
INFO: [ route_check ] --START--
INFO: CheckRoute Behavior ::run [ RunTime:0.001370s ]
INFO: [ route_check ] --END-- [ RunTime:0.001558s ]
INFO: [ app_begin ] --START--
INFO: ReadHtmlCache Behavior ::run [ RunTime:0.001107s ]
INFO: [ app_begin ] --END-- [ RunTime:0.001260s ]
SQL: SHOW COLUMNS FROM `hd_user` [ RunTime:0.433650s ]
SQL: SELECT * FROM `hd_user`  [ RunTime:0.001260s ]
INFO: [ view_parse ] --START--
NOTIC: [8] Undefined variable: numPerPage G:\wamp\www\lexiang\Runtime\Cache\Admin\c9fd555d6006814618106f08e543831b.php 第 3 行.
NOTIC: [8] Undefined variable: numPerPage G:\wamp\www\lexiang\Runtime\Cache\Admin\c9fd555d6006814618106f08e543831b.php 第 74 行.
NOTIC: [8] Undefined variable: numPerPage G:\wamp\www\lexiang\Runtime\Cache\Admin\c9fd555d6006814618106f08e543831b.php 第 75 行.
NOTIC: [8] Undefined variable: numPerPage G:\wamp\www\lexiang\Runtime\Cache\Admin\c9fd555d6006814618106f08e543831b.php 第 76 行.
NOTIC: [8] Undefined variable: numPerPage G:\wamp\www\lexiang\Runtime\Cache\Admin\c9fd555d6006814618106f08e543831b.php 第 77 行.
NOTIC: [8] Undefined variable: totalCount G:\wamp\www\lexiang\Runtime\Cache\Admin\c9fd555d6006814618106f08e543831b.php 第 79 行.
NOTIC: [8] Undefined variable: totalCount G:\wamp\www\lexiang\Runtime\Cache\Admin\c9fd555d6006814618106f08e543831b.php 第 81 行.
NOTIC: [8] Undefined variable: numPerPage G:\wamp\www\lexiang\Runtime\Cache\Admin\c9fd555d6006814618106f08e543831b.php 第 81 行.
NOTIC: [8] Undefined variable: pageNum G:\wamp\www\lexiang\Runtime\Cache\Admin\c9fd555d6006814618106f08e543831b.php 第 81 行.
INFO: ParseTemplate Behavior ::run [ RunTime:0.109148s ]
INFO: [ view_parse ] --END-- [ RunTime:0.109953s ]
INFO: [ view_filter ] --START--
INFO: ContentReplace Behavior ::run [ RunTime:0.002311s ]
INFO: TokenBuild Behavior ::run [ RunTime:0.001128s ]
INFO: WriteHtmlCache Behavior ::run [ RunTime:0.000833s ]
INFO: ShowRuntime Behavior ::run [ RunTime:0.001341s ]
INFO: [ view_filter ] --END-- [ RunTime:0.006193s ]
INFO: [ view_end ] --START--
INFO: ShowPageTrace Behavior ::run [ RunTime:0.001535s ]
INFO: [ view_end ] --END-- [ RunTime:0.001725s ]

[ 2015-04-02T11:04:36+08:00 ] 127.0.0.1 /lexiang/index.php/Admin/User/userlog.html?_=1427943875303
INFO: [ route_check ] --START--
INFO: CheckRoute Behavior ::run [ RunTime:0.001779s ]
INFO: [ route_check ] --END-- [ RunTime:0.002732s ]
INFO: [ app_begin ] --START--
INFO: ReadHtmlCache Behavior ::run [ RunTime:0.001092s ]
INFO: [ app_begin ] --END-- [ RunTime:0.001254s ]
SQL: SHOW COLUMNS FROM `hd_userlogs` [ RunTime:0.469079s ]
NOTIC: [8] Undefined variable: adminid G:\wamp\www\lexiang\Lib\Action\Admin\UserAction.class.php 第 73 行.
NOTIC: [8] Undefined variable: condition G:\wamp\www\lexiang\Lib\Action\Admin\UserAction.class.php 第 76 行.
SQL: SELECT * FROM `hd_userlogs` ORDER BY logtime desc LIMIT 0,20   [ RunTime:0.001102s ]
SQL: SELECT COUNT(*) AS tp_count FROM `hd_userlogs` LIMIT 1   [ RunTime:0.001695s ]
INFO: [ view_parse ] --START--
NOTIC: [8] Undefined variable: orderField G:\wamp\www\lexiang\Runtime\Cache\Admin\bc5cbe95cb6e3e734f22e5f3711faf2e.php 第 4 行.
NOTIC: [8] Undefined variable: orderDirection G:\wamp\www\lexiang\Runtime\Cache\Admin\bc5cbe95cb6e3e734f22e5f3711faf2e.php 第 5 行.
INFO: ParseTemplate Behavior ::run [ RunTime:0.177152s ]
INFO: [ view_parse ] --END-- [ RunTime:0.177448s ]
INFO: [ view_filter ] --START--
INFO: ContentReplace Behavior ::run [ RunTime:0.001119s ]
INFO: TokenBuild Behavior ::run [ RunTime:0.001095s ]
INFO: WriteHtmlCache Behavior ::run [ RunTime:0.000755s ]
INFO: ShowRuntime Behavior ::run [ RunTime:0.001177s ]
INFO: [ view_filter ] --END-- [ RunTime:0.004614s ]
INFO: [ view_end ] --START--
INFO: ShowPageTrace Behavior ::run [ RunTime:0.001432s ]
INFO: [ view_end ] --END-- [ RunTime:0.001645s ]

[ 2015-04-02T11:04:45+08:00 ] 127.0.0.1 /lexiang/index.php/Admin/Resource/article.html?_=1427943885139
INFO: [ route_check ] --START--
INFO: CheckRoute Behavior ::run [ RunTime:0.002292s ]
INFO: [ route_check ] --END-- [ RunTime:0.002538s ]
INFO: [ app_begin ] --START--
INFO: ReadHtmlCache Behavior ::run [ RunTime:0.001373s ]
INFO: [ app_begin ] --END-- [ RunTime:0.001527s ]
SQL: SELECT * FROM `hd_article` ORDER BY ptime ASC  [ RunTime:0.000578s ]
INFO: [ view_parse ] --START--
NOTIC: [8] Undefined variable: numPerPage G:\wamp\www\lexiang\Runtime\Cache\Admin\26c0343c282db6d3f6d84ef82b9dcbdd.php 第 3 行.
NOTIC: [8] Undefined index: cliks G:\wamp\www\lexiang\Runtime\Cache\Admin\26c0343c282db6d3f6d84ef82b9dcbdd.php 第 75 行.
NOTIC: [8] Undefined variable: numPerPage G:\wamp\www\lexiang\Runtime\Cache\Admin\26c0343c282db6d3f6d84ef82b9dcbdd.php 第 86 行.
NOTIC: [8] Undefined variable: numPerPage G:\wamp\www\lexiang\Runtime\Cache\Admin\26c0343c282db6d3f6d84ef82b9dcbdd.php 第 87 行.
NOTIC: [8] Undefined variable: numPerPage G:\wamp\www\lexiang\Runtime\Cache\Admin\26c0343c282db6d3f6d84ef82b9dcbdd.php 第 88 行.
NOTIC: [8] Undefined variable: numPerPage G:\wamp\www\lexiang\Runtime\Cache\Admin\26c0343c282db6d3f6d84ef82b9dcbdd.php 第 89 行.
NOTIC: [8] Undefined variable: totalCount G:\wamp\www\lexiang\Runtime\Cache\Admin\26c0343c282db6d3f6d84ef82b9dcbdd.php 第 91 行.
NOTIC: [8] Undefined variable: totalCount G:\wamp\www\lexiang\Runtime\Cache\Admin\26c0343c282db6d3f6d84ef82b9dcbdd.php 第 93 行.
NOTIC: [8] Undefined variable: numPerPage G:\wamp\www\lexiang\Runtime\Cache\Admin\26c0343c282db6d3f6d84ef82b9dcbdd.php 第 93 行.
NOTIC: [8] Undefined variable: pageNum G:\wamp\www\lexiang\Runtime\Cache\Admin\26c0343c282db6d3f6d84ef82b9dcbdd.php 第 93 行.
INFO: ParseTemplate Behavior ::run [ RunTime:0.194782s ]
INFO: [ view_parse ] --END-- [ RunTime:0.195422s ]
INFO: [ view_filter ] --START--
INFO: ContentReplace Behavior ::run [ RunTime:0.001267s ]
INFO: TokenBuild Behavior ::run [ RunTime:0.000914s ]
INFO: WriteHtmlCache Behavior ::run [ RunTime:0.000697s ]
INFO: ShowRuntime Behavior ::run [ RunTime:0.000957s ]
INFO: [ view_filter ] --END-- [ RunTime:0.004297s ]
INFO: [ view_end ] --START--
INFO: ShowPageTrace Behavior ::run [ RunTime:0.001150s ]
INFO: [ view_end ] --END-- [ RunTime:0.001283s ]

[ 2015-04-02T11:04:48+08:00 ] 127.0.0.1 /lexiang/index.php/Admin/Resource/resourcecategory.html?_=1427943887479
INFO: [ route_check ] --START--
INFO: CheckRoute Behavior ::run [ RunTime:0.001393s ]
INFO: [ route_check ] --END-- [ RunTime:0.001589s ]
INFO: [ app_begin ] --START--
INFO: ReadHtmlCache Behavior ::run [ RunTime:0.001952s ]
INFO: [ app_begin ] --END-- [ RunTime:0.002119s ]
SQL: SHOW COLUMNS FROM `hd_resourcecategory` [ RunTime:0.503433s ]
SQL: SELECT * FROM `hd_resourcecategory` ORDER BY pid ASC  [ RunTime:0.000856s ]
INFO: [ view_parse ] --START--
NOTIC: [8] Undefined variable: numPerPage G:\wamp\www\lexiang\Runtime\Cache\Admin\18d31a8740642a0a486bc3666cb62af7.php 第 3 行.
INFO: ParseTemplate Behavior ::run [ RunTime:0.148671s ]
INFO: [ view_parse ] --END-- [ RunTime:0.148944s ]
INFO: [ view_filter ] --START--
INFO: ContentReplace Behavior ::run [ RunTime:0.001013s ]
INFO: TokenBuild Behavior ::run [ RunTime:0.000988s ]
INFO: WriteHtmlCache Behavior ::run [ RunTime:0.000732s ]
INFO: ShowRuntime Behavior ::run [ RunTime:0.001150s ]
INFO: [ view_filter ] --END-- [ RunTime:0.004319s ]
INFO: [ view_end ] --START--
INFO: ShowPageTrace Behavior ::run [ RunTime:0.001356s ]
INFO: [ view_end ] --END-- [ RunTime:0.001528s ]

[ 2015-04-02T11:04:50+08:00 ] 127.0.0.1 /lexiang/index.php/Admin/Resource/resource.html?_=1427943890516
INFO: [ route_check ] --START--
INFO: CheckRoute Behavior ::run [ RunTime:0.001553s ]
INFO: [ route_check ] --END-- [ RunTime:0.001818s ]
INFO: [ app_begin ] --START--
INFO: ReadHtmlCache Behavior ::run [ RunTime:0.001271s ]
INFO: [ app_begin ] --END-- [ RunTime:0.001438s ]
NOTIC: [8] Use of undefined constant BELONGS_TO - assumed 'BELONGS_TO' G:\wamp\www\lexiang\ThinkPHP\Common\common.php 第 399 行.
NOTIC: [8] Use of undefined constant BELONGS_TO - assumed 'BELONGS_TO' G:\wamp\www\lexiang\ThinkPHP\Common\common.php 第 399 行.
SQL: SELECT * FROM `hd_resource` ORDER BY id ASC  [ RunTime:0.000446s ]
INFO: [ view_parse ] --START--
NOTIC: [8] Undefined variable: numPerPage G:\wamp\www\lexiang\Runtime\Cache\Admin\ec6c3557b7cddbd4b27a624ff847335d.php 第 3 行.
NOTIC: [8] Undefined index: cliks G:\wamp\www\lexiang\Runtime\Cache\Admin\ec6c3557b7cddbd4b27a624ff847335d.php 第 75 行.
NOTIC: [8] Undefined index: cliks G:\wamp\www\lexiang\Runtime\Cache\Admin\ec6c3557b7cddbd4b27a624ff847335d.php 第 75 行.
NOTIC: [8] Undefined variable: numPerPage G:\wamp\www\lexiang\Runtime\Cache\Admin\ec6c3557b7cddbd4b27a624ff847335d.php 第 86 行.
NOTIC: [8] Undefined variable: numPerPage G:\wamp\www\lexiang\Runtime\Cache\Admin\ec6c3557b7cddbd4b27a624ff847335d.php 第 87 行.
NOTIC: [8] Undefined variable: numPerPage G:\wamp\www\lexiang\Runtime\Cache\Admin\ec6c3557b7cddbd4b27a624ff847335d.php 第 88 行.
NOTIC: [8] Undefined variable: numPerPage G:\wamp\www\lexiang\Runtime\Cache\Admin\ec6c3557b7cddbd4b27a624ff847335d.php 第 89 行.
NOTIC: [8] Undefined variable: totalCount G:\wamp\www\lexiang\Runtime\Cache\Admin\ec6c3557b7cddbd4b27a624ff847335d.php 第 91 行.
NOTIC: [8] Undefined variable: totalCount G:\wamp\www\lexiang\Runtime\Cache\Admin\ec6c3557b7cddbd4b27a624ff847335d.php 第 93 行.
NOTIC: [8] Undefined variable: numPerPage G:\wamp\www\lexiang\Runtime\Cache\Admin\ec6c3557b7cddbd4b27a624ff847335d.php 第 93 行.
NOTIC: [8] Undefined variable: pageNum G:\wamp\www\lexiang\Runtime\Cache\Admin\ec6c3557b7cddbd4b27a624ff847335d.php 第 93 行.
INFO: ParseTemplate Behavior ::run [ RunTime:0.190059s ]
INFO: [ view_parse ] --END-- [ RunTime:0.190203s ]
INFO: [ view_filter ] --START--
INFO: ContentReplace Behavior ::run [ RunTime:0.000915s ]
INFO: TokenBuild Behavior ::run [ RunTime:0.000847s ]
INFO: WriteHtmlCache Behavior ::run [ RunTime:0.000678s ]
INFO: ShowRuntime Behavior ::run [ RunTime:0.000997s ]
INFO: [ view_filter ] --END-- [ RunTime:0.003820s ]
INFO: [ view_end ] --START--
INFO: ShowPageTrace Behavior ::run [ RunTime:0.001066s ]
INFO: [ view_end ] --END-- [ RunTime:0.001202s ]

[ 2015-04-02T11:04:55+08:00 ] 127.0.0.1 /lexiang/index.php/Admin?_=1427943895673
INFO: [ route_check ] --START--
INFO: CheckRoute Behavior ::run [ RunTime:0.001429s ]
INFO: [ route_check ] --END-- [ RunTime:0.001816s ]
INFO: [ app_begin ] --START--
INFO: ReadHtmlCache Behavior ::run [ RunTime:0.001146s ]
INFO: [ app_begin ] --END-- [ RunTime:0.001297s ]
INFO: [ view_parse ] --START--
INFO: ParseTemplate Behavior ::run [ RunTime:0.020217s ]
INFO: [ view_parse ] --END-- [ RunTime:0.020405s ]
INFO: [ view_filter ] --START--
INFO: ContentReplace Behavior ::run [ RunTime:0.001009s ]
INFO: TokenBuild Behavior ::run [ RunTime:0.000915s ]
INFO: WriteHtmlCache Behavior ::run [ RunTime:0.000635s ]
INFO: ShowRuntime Behavior ::run [ RunTime:0.000940s ]
INFO: [ view_filter ] --END-- [ RunTime:0.003867s ]
INFO: [ view_end ] --START--
INFO: ShowPageTrace Behavior ::run [ RunTime:0.001060s ]
INFO: [ view_end ] --END-- [ RunTime:0.001231s ]

[ 2015-04-02T11:05:02+08:00 ] 127.0.0.1 /lexiang/index.php/Admin
INFO: [ route_check ] --START--
INFO: CheckRoute Behavior ::run [ RunTime:0.001228s ]
INFO: [ route_check ] --END-- [ RunTime:0.001406s ]
INFO: [ app_begin ] --START--
INFO: ReadHtmlCache Behavior ::run [ RunTime:0.000906s ]
INFO: [ app_begin ] --END-- [ RunTime:0.001059s ]
INFO: [ view_parse ] --START--
INFO: ParseTemplate Behavior ::run [ RunTime:0.019091s ]
INFO: [ view_parse ] --END-- [ RunTime:0.019273s ]
INFO: [ view_filter ] --START--
INFO: ContentReplace Behavior ::run [ RunTime:0.000992s ]
INFO: TokenBuild Behavior ::run [ RunTime:0.000871s ]
INFO: WriteHtmlCache Behavior ::run [ RunTime:0.001671s ]
INFO: ShowRuntime Behavior ::run [ RunTime:0.001529s ]
INFO: [ view_filter ] --END-- [ RunTime:0.005833s ]
INFO: [ view_end ] --START--
INFO: ShowPageTrace Behavior ::run [ RunTime:0.001271s ]
INFO: [ view_end ] --END-- [ RunTime:0.001441s ]

