[ 2015-03-16T03:29:47+08:00 ] 127.0.0.1 /lexiang/
INFO: [ app_begin ] --START--
INFO: ReadHtmlCache Behavior ::run [ RunTime:0.007544s ]
INFO: [ app_begin ] --END-- [ RunTime:0.008563s ]
NOTIC: [8] Undefined index: _type G:\wamp\www\lexiang\ThinkPHP\Lib\Core\Model.class.php 第 579 行.
SQL: SELECT * FROM `hd_article` WHERE ( `state` = 1 ) LIMIT 7   [ RunTime:0.095037s ]
SQL: SELECT * FROM `hd_resource` WHERE ( state=0 ) LIMIT 7   [ RunTime:0.031747s ]
SQL: SELECT * FROM `hd_article` LIMIT 20   [ RunTime:0.000650s ]
SQL: SELECT * FROM `hd_article` WHERE ( categoryid=5 ) LIMIT 7   [ RunTime:0.000608s ]
SQL: SELECT COUNT(*) AS tp_count FROM `hd_article` LIMIT 1   [ RunTime:0.000558s ]
SQL: SELECT * FROM `hd_article` LIMIT 1   [ RunTime:0.000597s ]
SQL: SELECT * FROM `hd_article` WHERE ( categoryid=13 ) LIMIT 7   [ RunTime:0.000627s ]
INFO: [ view_parse ] --START--
INFO: ParseTemplate Behavior ::run [ RunTime:0.288617s ]
INFO: [ view_parse ] --END-- [ RunTime:0.288860s ]
INFO: [ view_filter ] --START--
INFO: ContentReplace Behavior ::run [ RunTime:0.003755s ]
INFO: TokenBuild Behavior ::run [ RunTime:0.001610s ]
INFO: WriteHtmlCache Behavior ::run [ RunTime:0.001766s ]
INFO: ShowRuntime Behavior ::run [ RunTime:0.001995s ]
INFO: [ view_filter ] --END-- [ RunTime:0.009562s ]
INFO: [ view_end ] --START--
INFO: ShowPageTrace Behavior ::run [ RunTime:0.001735s ]
INFO: [ view_end ] --END-- [ RunTime:0.001878s ]

[ 2015-03-16T03:33:07+08:00 ] 127.0.0.1 /lexiang/index.php/Main/Article/readarticle?id=1
INFO: [ route_check ] --START--
INFO: CheckRoute Behavior ::run [ RunTime:0.039981s ]
INFO: [ route_check ] --END-- [ RunTime:0.040350s ]
INFO: [ app_begin ] --START--
INFO: ReadHtmlCache Behavior ::run [ RunTime:0.002634s ]
INFO: [ app_begin ] --END-- [ RunTime:0.002998s ]
NOTIC: [8] Undefined index: _type G:\wamp\www\lexiang\ThinkPHP\Lib\Core\Model.class.php 第 579 行.
SQL: SELECT * FROM `hd_article` WHERE ( `id` = 1 ) LIMIT 1   [ RunTime:0.000679s ]
SQL: SELECT * FROM `hd_articlecategory`  [ RunTime:0.026007s ]
INFO: [ view_parse ] --START--
NOTIC: [8] Undefined index: article G:\wamp\www\lexiang\Runtime\Cache\Main\99cb8e87c84ebfdf453c3de8c03e2a6e.php 第 82 行.
NOTIC: [8] Undefined index: article G:\wamp\www\lexiang\Runtime\Cache\Main\99cb8e87c84ebfdf453c3de8c03e2a6e.php 第 82 行.
NOTIC: [8] Undefined index: article G:\wamp\www\lexiang\Runtime\Cache\Main\99cb8e87c84ebfdf453c3de8c03e2a6e.php 第 82 行.
NOTIC: [8] Undefined index: article G:\wamp\www\lexiang\Runtime\Cache\Main\99cb8e87c84ebfdf453c3de8c03e2a6e.php 第 82 行.
NOTIC: [8] Undefined index: article G:\wamp\www\lexiang\Runtime\Cache\Main\99cb8e87c84ebfdf453c3de8c03e2a6e.php 第 82 行.
NOTIC: [8] Undefined index: article G:\wamp\www\lexiang\Runtime\Cache\Main\99cb8e87c84ebfdf453c3de8c03e2a6e.php 第 82 行.
NOTIC: [8] Undefined index: article G:\wamp\www\lexiang\Runtime\Cache\Main\99cb8e87c84ebfdf453c3de8c03e2a6e.php 第 82 行.
NOTIC: [8] Undefined index: article G:\wamp\www\lexiang\Runtime\Cache\Main\99cb8e87c84ebfdf453c3de8c03e2a6e.php 第 82 行.
NOTIC: [8] Undefined index: article G:\wamp\www\lexiang\Runtime\Cache\Main\99cb8e87c84ebfdf453c3de8c03e2a6e.php 第 82 行.
NOTIC: [8] Undefined index: article G:\wamp\www\lexiang\Runtime\Cache\Main\99cb8e87c84ebfdf453c3de8c03e2a6e.php 第 82 行.
NOTIC: [8] Undefined index: article G:\wamp\www\lexiang\Runtime\Cache\Main\99cb8e87c84ebfdf453c3de8c03e2a6e.php 第 82 行.
NOTIC: [8] Undefined index: article G:\wamp\www\lexiang\Runtime\Cache\Main\99cb8e87c84ebfdf453c3de8c03e2a6e.php 第 82 行.
NOTIC: [8] Undefined index: article G:\wamp\www\lexiang\Runtime\Cache\Main\99cb8e87c84ebfdf453c3de8c03e2a6e.php 第 82 行.
NOTIC: [8] Undefined index: article G:\wamp\www\lexiang\Runtime\Cache\Main\99cb8e87c84ebfdf453c3de8c03e2a6e.php 第 82 行.
INFO: ParseTemplate Behavior ::run [ RunTime:0.050499s ]
INFO: [ view_parse ] --END-- [ RunTime:0.050784s ]
INFO: [ view_filter ] --START--
INFO: ContentReplace Behavior ::run [ RunTime:0.001291s ]
INFO: TokenBuild Behavior ::run [ RunTime:0.001212s ]
INFO: WriteHtmlCache Behavior ::run [ RunTime:0.001086s ]
INFO: ShowRuntime Behavior ::run [ RunTime:0.001062s ]
INFO: [ view_filter ] --END-- [ RunTime:0.005112s ]
INFO: [ view_end ] --START--
INFO: ShowPageTrace Behavior ::run [ RunTime:0.001108s ]
INFO: [ view_end ] --END-- [ RunTime:0.001251s ]

[ 2015-03-16T03:33:08+08:00 ] 127.0.0.1 /lexiang/index.php/Main/Article/readarticle?id=1
INFO: [ route_check ] --START--
INFO: CheckRoute Behavior ::run [ RunTime:0.001563s ]
INFO: [ route_check ] --END-- [ RunTime:0.001754s ]
INFO: [ app_begin ] --START--
INFO: ReadHtmlCache Behavior ::run [ RunTime:0.001039s ]
INFO: [ app_begin ] --END-- [ RunTime:0.001208s ]
NOTIC: [8] Undefined index: _type G:\wamp\www\lexiang\ThinkPHP\Lib\Core\Model.class.php 第 579 行.
SQL: SELECT * FROM `hd_article` WHERE ( `id` = 1 ) LIMIT 1   [ RunTime:0.000607s ]
SQL: SELECT * FROM `hd_articlecategory`  [ RunTime:0.000452s ]
INFO: [ view_parse ] --START--
NOTIC: [8] Undefined index: article G:\wamp\www\lexiang\Runtime\Cache\Main\99cb8e87c84ebfdf453c3de8c03e2a6e.php 第 82 行.
NOTIC: [8] Undefined index: article G:\wamp\www\lexiang\Runtime\Cache\Main\99cb8e87c84ebfdf453c3de8c03e2a6e.php 第 82 行.
NOTIC: [8] Undefined index: article G:\wamp\www\lexiang\Runtime\Cache\Main\99cb8e87c84ebfdf453c3de8c03e2a6e.php 第 82 行.
NOTIC: [8] Undefined index: article G:\wamp\www\lexiang\Runtime\Cache\Main\99cb8e87c84ebfdf453c3de8c03e2a6e.php 第 82 行.
NOTIC: [8] Undefined index: article G:\wamp\www\lexiang\Runtime\Cache\Main\99cb8e87c84ebfdf453c3de8c03e2a6e.php 第 82 行.
NOTIC: [8] Undefined index: article G:\wamp\www\lexiang\Runtime\Cache\Main\99cb8e87c84ebfdf453c3de8c03e2a6e.php 第 82 行.
NOTIC: [8] Undefined index: article G:\wamp\www\lexiang\Runtime\Cache\Main\99cb8e87c84ebfdf453c3de8c03e2a6e.php 第 82 行.
NOTIC: [8] Undefined index: article G:\wamp\www\lexiang\Runtime\Cache\Main\99cb8e87c84ebfdf453c3de8c03e2a6e.php 第 82 行.
NOTIC: [8] Undefined index: article G:\wamp\www\lexiang\Runtime\Cache\Main\99cb8e87c84ebfdf453c3de8c03e2a6e.php 第 82 行.
NOTIC: [8] Undefined index: article G:\wamp\www\lexiang\Runtime\Cache\Main\99cb8e87c84ebfdf453c3de8c03e2a6e.php 第 82 行.
NOTIC: [8] Undefined index: article G:\wamp\www\lexiang\Runtime\Cache\Main\99cb8e87c84ebfdf453c3de8c03e2a6e.php 第 82 行.
NOTIC: [8] Undefined index: article G:\wamp\www\lexiang\Runtime\Cache\Main\99cb8e87c84ebfdf453c3de8c03e2a6e.php 第 82 行.
NOTIC: [8] Undefined index: article G:\wamp\www\lexiang\Runtime\Cache\Main\99cb8e87c84ebfdf453c3de8c03e2a6e.php 第 82 行.
NOTIC: [8] Undefined index: article G:\wamp\www\lexiang\Runtime\Cache\Main\99cb8e87c84ebfdf453c3de8c03e2a6e.php 第 82 行.
INFO: ParseTemplate Behavior ::run [ RunTime:0.023375s ]
INFO: [ view_parse ] --END-- [ RunTime:0.023526s ]
INFO: [ view_filter ] --START--
INFO: ContentReplace Behavior ::run [ RunTime:0.000837s ]
INFO: TokenBuild Behavior ::run [ RunTime:0.000754s ]
INFO: WriteHtmlCache Behavior ::run [ RunTime:0.000566s ]
INFO: ShowRuntime Behavior ::run [ RunTime:0.000879s ]
INFO: [ view_filter ] --END-- [ RunTime:0.003419s ]
INFO: [ view_end ] --START--
INFO: ShowPageTrace Behavior ::run [ RunTime:0.001392s ]
INFO: [ view_end ] --END-- [ RunTime:0.001552s ]

